2025-01-27 22:06:24.327 [info] [main] 로그 수준: Info
2025-01-27 22:06:24.327 [info] [main] "git"에서 찾은 git 유효성을 검사하는 중
2025-01-27 22:06:24.327 [info] [main] "2.43.0"에서 git "git"을(를) 사용하는 중
2025-01-27 22:06:24.327 [info] [Model][doInitialScan] Initial repository scan started
2025-01-27 22:06:24.327 [info] > git rev-parse --show-toplevel [0ms]
2025-01-27 22:06:24.327 [info] > git rev-parse --git-dir --git-common-dir [0ms]
2025-01-27 22:06:24.327 [info] [Model][openRepository] Opened repository: /home/iujeong
2025-01-27 22:06:24.327 [info] > git config --get commit.template [1ms]
2025-01-27 22:06:24.327 [info] > git rev-parse --show-toplevel [1ms]
2025-01-27 22:06:24.327 [info] > git for-each-ref --format=%(refname)%00%(upstream:short)%00%(objectname)%00%(upstream:track)%00%(upstream:remotename)%00%(upstream:remoteref) refs/heads/iujeong refs/remotes/iujeong [1ms]
2025-01-27 22:06:24.327 [info] > git rev-parse --show-toplevel [1ms]
2025-01-27 22:06:24.330 [info] > git rev-parse --show-toplevel [2ms]
2025-01-27 22:06:24.331 [info] > git for-each-ref --sort -committerdate --format %(refname) %(objectname) %(*objectname) [2ms]
2025-01-27 22:06:24.331 [info] > git rev-parse --show-toplevel [0ms]
2025-01-27 22:06:24.333 [info] > git rev-parse --show-toplevel [1ms]
2025-01-27 22:06:24.334 [info] > git rev-parse --show-toplevel [0ms]
2025-01-27 22:06:24.335 [info] > git rev-parse --show-toplevel [0ms]
2025-01-27 22:06:24.336 [info] > git status -z -uall [8ms]
2025-01-27 22:06:24.342 [info] > git for-each-ref --format=%(refname)%00%(upstream:short)%00%(objectname)%00%(upstream:track)%00%(upstream:remotename)%00%(upstream:remoteref) refs/heads/iujeong refs/remotes/iujeong [2ms]
2025-01-27 22:06:24.343 [info] > git rev-parse --show-toplevel [7ms]
2025-01-27 22:06:24.344 [info] > git config --get commit.template [3ms]
2025-01-27 22:06:24.344 [info] > git config --local branch.iujeong.vscode-merge-base [1ms]
2025-01-27 22:06:24.344 [warning] [Git][config] git config failed: Failed to execute git
2025-01-27 22:06:24.346 [info] > git rev-parse --show-toplevel [2ms]
2025-01-27 22:06:24.347 [info] > git reflog iujeong --grep-reflog=branch: Created from *. [2ms]
2025-01-27 22:06:24.349 [info] > git for-each-ref --format=%(refname)%00%(upstream:short)%00%(objectname)%00%(upstream:track)%00%(upstream:remotename)%00%(upstream:remoteref) refs/heads/iujeong refs/remotes/iujeong [2ms]
2025-01-27 22:06:24.351 [info] > git reflog HEAD --grep-reflog=checkout: moving from .* to iujeong [4ms]
2025-01-27 22:06:24.352 [info] > git rev-parse --show-toplevel [4ms]
2025-01-27 22:06:24.355 [info] > git for-each-ref --sort -committerdate --format %(refname) %(objectname) %(*objectname) [4ms]
2025-01-27 22:06:24.355 [info] > git for-each-ref --format=%(refname)%00%(upstream:short)%00%(objectname)%00%(upstream:track)%00%(upstream:remotename)%00%(upstream:remoteref) refs/heads/new-feature-branch refs/remotes/new-feature-branch [3ms]
2025-01-27 22:06:24.357 [info] > git rev-parse --show-toplevel [2ms]
2025-01-27 22:06:24.358 [info] > git symbolic-ref --short refs/remotes/origin/HEAD [2ms]
2025-01-27 22:06:24.358 [info] fatal: ref refs/remotes/origin/HEAD is not a symbolic ref
2025-01-27 22:06:24.358 [warning] [Repository][getDefaultBranch] Failed to get default branch details: Failed to execute git.
2025-01-27 22:06:24.364 [info] > git status -z -uall [14ms]
2025-01-27 22:06:24.364 [info] > git merge-base refs/heads/iujeong refs/remotes/YiPhoebe/iujeong [5ms]
2025-01-27 22:06:24.368 [info] > git rev-parse --show-toplevel [10ms]
2025-01-27 22:06:24.370 [info] [Model][doInitialScan] Initial repository scan completed - repositories (1), closed repositories (0), parent repositories (0), unsafe repositories (0)
2025-01-27 22:06:24.370 [info] > git merge-base refs/heads/iujeong refs/remotes/YiPhoebe/iujeong [2ms]
2025-01-27 22:06:24.371 [info] > git diff --name-status -z --diff-filter=ADMR 9945ba59dc30692dc6a6f7d44cfe6c0e6d4123cd...refs/remotes/YiPhoebe/iujeong [5ms]
2025-01-27 22:06:24.372 [info] > git diff --name-status -z --diff-filter=ADMR 9945ba59dc30692dc6a6f7d44cfe6c0e6d4123cd...refs/remotes/YiPhoebe/iujeong [1ms]
2025-01-27 22:06:24.840 [info] > git fetch [521ms]
2025-01-27 22:06:24.844 [info] > git config --get commit.template [2ms]
2025-01-27 22:06:24.844 [info] > git for-each-ref --format=%(refname)%00%(upstream:short)%00%(objectname)%00%(upstream:track)%00%(upstream:remotename)%00%(upstream:remoteref) refs/heads/iujeong refs/remotes/iujeong [1ms]
2025-01-27 22:06:24.848 [info] > git for-each-ref --sort -committerdate --format %(refname) %(objectname) %(*objectname) [1ms]
2025-01-27 22:06:24.857 [info] > git status -z -uall [11ms]
2025-01-27 22:06:24.860 [info] > git check-ignore -v -z --stdin [4ms]
2025-01-27 22:06:34.937 [info] > git config --get commit.template [2ms]
2025-01-27 22:06:34.937 [info] > git for-each-ref --format=%(refname)%00%(upstream:short)%00%(objectname)%00%(upstream:track)%00%(upstream:remotename)%00%(upstream:remoteref) refs/heads/iujeong refs/remotes/iujeong [1ms]
2025-01-27 22:06:34.942 [info] > git for-each-ref --sort -committerdate --format %(refname) %(objectname) %(*objectname) [1ms]
2025-01-27 22:06:34.946 [info] > git status -z -uall [7ms]
2025-01-27 22:06:39.953 [info] > git config --get commit.template [2ms]
2025-01-27 22:06:39.954 [info] > git for-each-ref --format=%(refname)%00%(upstream:short)%00%(objectname)%00%(upstream:track)%00%(upstream:remotename)%00%(upstream:remoteref) refs/heads/iujeong refs/remotes/iujeong [1ms]
2025-01-27 22:06:39.959 [info] > git for-each-ref --sort -committerdate --format %(refname) %(objectname) %(*objectname) [1ms]
2025-01-27 22:06:39.964 [info] > git status -z -uall [8ms]
2025-01-27 22:06:44.971 [info] > git config --get commit.template [1ms]
2025-01-27 22:06:44.974 [info] > git for-each-ref --format=%(refname)%00%(upstream:short)%00%(objectname)%00%(upstream:track)%00%(upstream:remotename)%00%(upstream:remoteref) refs/heads/iujeong refs/remotes/iujeong [1ms]
2025-01-27 22:06:44.979 [info] > git for-each-ref --sort -committerdate --format %(refname) %(objectname) %(*objectname) [1ms]
2025-01-27 22:06:44.984 [info] > git status -z -uall [8ms]
2025-01-27 22:06:49.991 [info] > git config --get commit.template [2ms]
2025-01-27 22:06:49.992 [info] > git for-each-ref --format=%(refname)%00%(upstream:short)%00%(objectname)%00%(upstream:track)%00%(upstream:remotename)%00%(upstream:remoteref) refs/heads/iujeong refs/remotes/iujeong [1ms]
2025-01-27 22:06:49.997 [info] > git for-each-ref --sort -committerdate --format %(refname) %(objectname) %(*objectname) [1ms]
2025-01-27 22:06:50.001 [info] > git status -z -uall [7ms]
2025-01-27 22:06:55.009 [info] > git config --get commit.template [2ms]
2025-01-27 22:06:55.010 [info] > git for-each-ref --format=%(refname)%00%(upstream:short)%00%(objectname)%00%(upstream:track)%00%(upstream:remotename)%00%(upstream:remoteref) refs/heads/iujeong refs/remotes/iujeong [1ms]
2025-01-27 22:06:55.015 [info] > git for-each-ref --sort -committerdate --format %(refname) %(objectname) %(*objectname) [1ms]
2025-01-27 22:06:55.020 [info] > git status -z -uall [8ms]
2025-01-27 22:06:56.572 [info] > git show --textconv :calculator/engineering.py [3ms]
2025-01-27 22:06:56.573 [info] > git ls-files --stage -- /home/iujeong/calculator/engineering.py [2ms]
2025-01-27 22:06:56.575 [info] > git cat-file -s be178d618f980e2a2e3e08b858cb2e4b1c09f5d6 [0ms]
2025-01-27 22:06:56.625 [info] > git blame --root --incremental 9945ba59dc30692dc6a6f7d44cfe6c0e6d4123cd -- /home/iujeong/calculator/engineering.py [2ms]
2025-01-27 22:06:56.981 [info] > git check-ignore -v -z --stdin [3ms]
2025-01-27 22:06:58.661 [info] > git show --textconv :calculator/utils.py [3ms]
2025-01-27 22:06:58.663 [info] > git ls-files --stage -- /home/iujeong/calculator/utils.py [3ms]
2025-01-27 22:06:58.666 [info] > git cat-file -s 47154d0f3e7a0861c4a6d4008ec590277459632e [1ms]
2025-01-27 22:06:58.710 [info] > git blame --root --incremental 9945ba59dc30692dc6a6f7d44cfe6c0e6d4123cd -- /home/iujeong/calculator/utils.py [8ms]
2025-01-27 22:07:00.944 [info] > git config --get commit.template [3ms]
2025-01-27 22:07:00.944 [info] > git for-each-ref --format=%(refname)%00%(upstream:short)%00%(objectname)%00%(upstream:track)%00%(upstream:remotename)%00%(upstream:remoteref) refs/heads/iujeong refs/remotes/iujeong [0ms]
2025-01-27 22:07:00.949 [info] > git for-each-ref --sort -committerdate --format %(refname) %(objectname) %(*objectname) [1ms]
2025-01-27 22:07:00.955 [info] > git status -z -uall [8ms]
2025-01-27 22:07:01.429 [info] > git show --textconv :.gitignore [2ms]
2025-01-27 22:07:01.431 [info] > git ls-files --stage -- /home/iujeong/.gitignore [2ms]
2025-01-27 22:07:01.433 [info] > git cat-file -s 4871ae32ad7ee09d1b502ae13068c7161d205e37 [0ms]
2025-01-27 22:07:01.480 [info] > git blame --root --incremental 9945ba59dc30692dc6a6f7d44cfe6c0e6d4123cd -- /home/iujeong/.gitignore [9ms]
2025-01-27 22:07:02.432 [info] > git check-ignore -v -z --stdin [4ms]
2025-01-27 22:07:05.962 [info] > git config --get commit.template [2ms]
2025-01-27 22:07:05.963 [info] > git for-each-ref --format=%(refname)%00%(upstream:short)%00%(objectname)%00%(upstream:track)%00%(upstream:remotename)%00%(upstream:remoteref) refs/heads/iujeong refs/remotes/iujeong [1ms]
2025-01-27 22:07:05.967 [info] > git for-each-ref --sort -committerdate --format %(refname) %(objectname) %(*objectname) [1ms]
2025-01-27 22:07:05.973 [info] > git status -z -uall [8ms]
2025-01-27 22:07:10.979 [info] > git config --get commit.template [2ms]
2025-01-27 22:07:10.980 [info] > git for-each-ref --format=%(refname)%00%(upstream:short)%00%(objectname)%00%(upstream:track)%00%(upstream:remotename)%00%(upstream:remoteref) refs/heads/iujeong refs/remotes/iujeong [1ms]
2025-01-27 22:07:10.984 [info] > git for-each-ref --sort -committerdate --format %(refname) %(objectname) %(*objectname) [1ms]
2025-01-27 22:07:10.990 [info] > git status -z -uall [8ms]
2025-01-27 22:07:15.997 [info] > git config --get commit.template [2ms]
2025-01-27 22:07:15.997 [info] > git for-each-ref --format=%(refname)%00%(upstream:short)%00%(objectname)%00%(upstream:track)%00%(upstream:remotename)%00%(upstream:remoteref) refs/heads/iujeong refs/remotes/iujeong [0ms]
2025-01-27 22:07:16.002 [info] > git for-each-ref --sort -committerdate --format %(refname) %(objectname) %(*objectname) [1ms]
2025-01-27 22:07:16.009 [info] > git status -z -uall [9ms]
2025-01-27 22:07:21.015 [info] > git config --get commit.template [1ms]
2025-01-27 22:07:21.018 [info] > git for-each-ref --format=%(refname)%00%(upstream:short)%00%(objectname)%00%(upstream:track)%00%(upstream:remotename)%00%(upstream:remoteref) refs/heads/iujeong refs/remotes/iujeong [1ms]
2025-01-27 22:07:21.023 [info] > git for-each-ref --sort -committerdate --format %(refname) %(objectname) %(*objectname) [1ms]
2025-01-27 22:07:21.029 [info] > git status -z -uall [9ms]
2025-01-27 22:07:26.036 [info] > git config --get commit.template [2ms]
2025-01-27 22:07:26.037 [info] > git for-each-ref --format=%(refname)%00%(upstream:short)%00%(objectname)%00%(upstream:track)%00%(upstream:remotename)%00%(upstream:remoteref) refs/heads/iujeong refs/remotes/iujeong [1ms]
2025-01-27 22:07:26.042 [info] > git for-each-ref --sort -committerdate --format %(refname) %(objectname) %(*objectname) [1ms]
2025-01-27 22:07:26.049 [info] > git status -z -uall [10ms]
2025-01-27 22:07:31.057 [info] > git config --get commit.template [2ms]
2025-01-27 22:07:31.058 [info] > git for-each-ref --format=%(refname)%00%(upstream:short)%00%(objectname)%00%(upstream:track)%00%(upstream:remotename)%00%(upstream:remoteref) refs/heads/iujeong refs/remotes/iujeong [1ms]
2025-01-27 22:07:31.063 [info] > git for-each-ref --sort -committerdate --format %(refname) %(objectname) %(*objectname) [1ms]
2025-01-27 22:07:31.068 [info] > git status -z -uall [8ms]
2025-01-27 22:07:36.074 [info] > git config --get commit.template [2ms]
2025-01-27 22:07:36.075 [info] > git for-each-ref --format=%(refname)%00%(upstream:short)%00%(objectname)%00%(upstream:track)%00%(upstream:remotename)%00%(upstream:remoteref) refs/heads/iujeong refs/remotes/iujeong [1ms]
2025-01-27 22:07:36.079 [info] > git for-each-ref --sort -committerdate --format %(refname) %(objectname) %(*objectname) [1ms]
2025-01-27 22:07:36.085 [info] > git status -z -uall [8ms]
2025-01-27 22:07:41.090 [info] > git config --get commit.template [2ms]
2025-01-27 22:07:41.091 [info] > git for-each-ref --format=%(refname)%00%(upstream:short)%00%(objectname)%00%(upstream:track)%00%(upstream:remotename)%00%(upstream:remoteref) refs/heads/iujeong refs/remotes/iujeong [1ms]
2025-01-27 22:07:41.096 [info] > git for-each-ref --sort -committerdate --format %(refname) %(objectname) %(*objectname) [0ms]
2025-01-27 22:07:41.101 [info] > git status -z -uall [8ms]
2025-01-27 22:07:46.109 [info] > git config --get commit.template [3ms]
2025-01-27 22:07:46.109 [info] > git for-each-ref --format=%(refname)%00%(upstream:short)%00%(objectname)%00%(upstream:track)%00%(upstream:remotename)%00%(upstream:remoteref) refs/heads/iujeong refs/remotes/iujeong [1ms]
2025-01-27 22:07:46.114 [info] > git for-each-ref --sort -committerdate --format %(refname) %(objectname) %(*objectname) [1ms]
2025-01-27 22:07:46.119 [info] > git status -z -uall [8ms]
2025-01-27 22:07:51.128 [info] > git config --get commit.template [3ms]
2025-01-27 22:07:51.128 [info] > git for-each-ref --format=%(refname)%00%(upstream:short)%00%(objectname)%00%(upstream:track)%00%(upstream:remotename)%00%(upstream:remoteref) refs/heads/iujeong refs/remotes/iujeong [1ms]
2025-01-27 22:07:51.133 [info] > git for-each-ref --sort -committerdate --format %(refname) %(objectname) %(*objectname) [1ms]
2025-01-27 22:07:51.139 [info] > git status -z -uall [9ms]
2025-01-27 22:07:56.145 [info] > git config --get commit.template [2ms]
2025-01-27 22:07:56.146 [info] > git for-each-ref --format=%(refname)%00%(upstream:short)%00%(objectname)%00%(upstream:track)%00%(upstream:remotename)%00%(upstream:remoteref) refs/heads/iujeong refs/remotes/iujeong [1ms]
2025-01-27 22:07:56.151 [info] > git for-each-ref --sort -committerdate --format %(refname) %(objectname) %(*objectname) [1ms]
2025-01-27 22:07:56.156 [info] > git status -z -uall [8ms]
2025-01-27 22:08:01.162 [info] > git config --get commit.template [2ms]
2025-01-27 22:08:01.163 [info] > git for-each-ref --format=%(refname)%00%(upstream:short)%00%(objectname)%00%(upstream:track)%00%(upstream:remotename)%00%(upstream:remoteref) refs/heads/iujeong refs/remotes/iujeong [1ms]
2025-01-27 22:08:01.168 [info] > git for-each-ref --sort -committerdate --format %(refname) %(objectname) %(*objectname) [1ms]
2025-01-27 22:08:01.174 [info] > git status -z -uall [9ms]
2025-01-27 22:08:06.181 [info] > git config --get commit.template [2ms]
2025-01-27 22:08:06.182 [info] > git for-each-ref --format=%(refname)%00%(upstream:short)%00%(objectname)%00%(upstream:track)%00%(upstream:remotename)%00%(upstream:remoteref) refs/heads/iujeong refs/remotes/iujeong [1ms]
2025-01-27 22:08:06.188 [info] > git for-each-ref --sort -committerdate --format %(refname) %(objectname) %(*objectname) [1ms]
2025-01-27 22:08:06.193 [info] > git status -z -uall [9ms]
2025-01-27 22:08:11.200 [info] > git config --get commit.template [2ms]
2025-01-27 22:08:11.201 [info] > git for-each-ref --format=%(refname)%00%(upstream:short)%00%(objectname)%00%(upstream:track)%00%(upstream:remotename)%00%(upstream:remoteref) refs/heads/iujeong refs/remotes/iujeong [1ms]
2025-01-27 22:08:11.206 [info] > git for-each-ref --sort -committerdate --format %(refname) %(objectname) %(*objectname) [1ms]
2025-01-27 22:08:11.211 [info] > git status -z -uall [8ms]
2025-01-27 22:08:16.218 [info] > git config --get commit.template [2ms]
2025-01-27 22:08:16.219 [info] > git for-each-ref --format=%(refname)%00%(upstream:short)%00%(objectname)%00%(upstream:track)%00%(upstream:remotename)%00%(upstream:remoteref) refs/heads/iujeong refs/remotes/iujeong [1ms]
2025-01-27 22:08:16.224 [info] > git for-each-ref --sort -committerdate --format %(refname) %(objectname) %(*objectname) [0ms]
2025-01-27 22:08:16.230 [info] > git status -z -uall [9ms]
2025-01-27 22:08:21.237 [info] > git config --get commit.template [2ms]
2025-01-27 22:08:21.238 [info] > git for-each-ref --format=%(refname)%00%(upstream:short)%00%(objectname)%00%(upstream:track)%00%(upstream:remotename)%00%(upstream:remoteref) refs/heads/iujeong refs/remotes/iujeong [1ms]
2025-01-27 22:08:21.242 [info] > git for-each-ref --sort -committerdate --format %(refname) %(objectname) %(*objectname) [1ms]
2025-01-27 22:08:21.249 [info] > git status -z -uall [10ms]
2025-01-27 22:08:26.258 [info] > git config --get commit.template [3ms]
2025-01-27 22:08:26.259 [info] > git for-each-ref --format=%(refname)%00%(upstream:short)%00%(objectname)%00%(upstream:track)%00%(upstream:remotename)%00%(upstream:remoteref) refs/heads/iujeong refs/remotes/iujeong [1ms]
2025-01-27 22:08:26.264 [info] > git for-each-ref --sort -committerdate --format %(refname) %(objectname) %(*objectname) [1ms]
2025-01-27 22:08:26.270 [info] > git status -z -uall [9ms]
2025-01-27 22:08:31.278 [info] > git config --get commit.template [3ms]
2025-01-27 22:08:31.278 [info] > git for-each-ref --format=%(refname)%00%(upstream:short)%00%(objectname)%00%(upstream:track)%00%(upstream:remotename)%00%(upstream:remoteref) refs/heads/iujeong refs/remotes/iujeong [1ms]
2025-01-27 22:08:31.285 [info] > git for-each-ref --sort -committerdate --format %(refname) %(objectname) %(*objectname) [1ms]
2025-01-27 22:08:31.291 [info] > git status -z -uall [10ms]
2025-01-27 22:08:36.300 [info] > git config --get commit.template [2ms]
2025-01-27 22:08:36.301 [info] > git for-each-ref --format=%(refname)%00%(upstream:short)%00%(objectname)%00%(upstream:track)%00%(upstream:remotename)%00%(upstream:remoteref) refs/heads/iujeong refs/remotes/iujeong [1ms]
2025-01-27 22:08:36.306 [info] > git for-each-ref --sort -committerdate --format %(refname) %(objectname) %(*objectname) [1ms]
2025-01-27 22:08:36.310 [info] > git status -z -uall [7ms]
2025-01-27 22:08:41.317 [info] > git config --get commit.template [2ms]
2025-01-27 22:08:41.317 [info] > git for-each-ref --format=%(refname)%00%(upstream:short)%00%(objectname)%00%(upstream:track)%00%(upstream:remotename)%00%(upstream:remoteref) refs/heads/iujeong refs/remotes/iujeong [0ms]
2025-01-27 22:08:41.322 [info] > git for-each-ref --sort -committerdate --format %(refname) %(objectname) %(*objectname) [1ms]
2025-01-27 22:08:41.326 [info] > git status -z -uall [6ms]
2025-01-27 22:08:46.332 [info] > git config --get commit.template [2ms]
2025-01-27 22:08:46.333 [info] > git for-each-ref --format=%(refname)%00%(upstream:short)%00%(objectname)%00%(upstream:track)%00%(upstream:remotename)%00%(upstream:remoteref) refs/heads/iujeong refs/remotes/iujeong [1ms]
2025-01-27 22:08:46.338 [info] > git for-each-ref --sort -committerdate --format %(refname) %(objectname) %(*objectname) [1ms]
2025-01-27 22:08:46.345 [info] > git status -z -uall [10ms]
2025-01-27 22:08:51.353 [info] > git config --get commit.template [3ms]
2025-01-27 22:08:51.354 [info] > git for-each-ref --format=%(refname)%00%(upstream:short)%00%(objectname)%00%(upstream:track)%00%(upstream:remotename)%00%(upstream:remoteref) refs/heads/iujeong refs/remotes/iujeong [1ms]
2025-01-27 22:08:51.360 [info] > git for-each-ref --sort -committerdate --format %(refname) %(objectname) %(*objectname) [0ms]
2025-01-27 22:08:51.364 [info] > git status -z -uall [8ms]
2025-01-27 22:08:56.372 [info] > git config --get commit.template [2ms]
2025-01-27 22:08:56.373 [info] > git for-each-ref --format=%(refname)%00%(upstream:short)%00%(objectname)%00%(upstream:track)%00%(upstream:remotename)%00%(upstream:remoteref) refs/heads/iujeong refs/remotes/iujeong [1ms]
2025-01-27 22:08:56.378 [info] > git for-each-ref --sort -committerdate --format %(refname) %(objectname) %(*objectname) [1ms]
2025-01-27 22:08:56.384 [info] > git status -z -uall [9ms]
2025-01-27 22:09:01.392 [info] > git config --get commit.template [2ms]
2025-01-27 22:09:01.393 [info] > git for-each-ref --format=%(refname)%00%(upstream:short)%00%(objectname)%00%(upstream:track)%00%(upstream:remotename)%00%(upstream:remoteref) refs/heads/iujeong refs/remotes/iujeong [1ms]
2025-01-27 22:09:01.399 [info] > git for-each-ref --sort -committerdate --format %(refname) %(objectname) %(*objectname) [0ms]
2025-01-27 22:09:01.403 [info] > git status -z -uall [8ms]
2025-01-27 22:09:06.410 [info] > git config --get commit.template [2ms]
2025-01-27 22:09:06.411 [info] > git for-each-ref --format=%(refname)%00%(upstream:short)%00%(objectname)%00%(upstream:track)%00%(upstream:remotename)%00%(upstream:remoteref) refs/heads/iujeong refs/remotes/iujeong [1ms]
2025-01-27 22:09:06.416 [info] > git for-each-ref --sort -committerdate --format %(refname) %(objectname) %(*objectname) [1ms]
2025-01-27 22:09:06.421 [info] > git status -z -uall [8ms]
2025-01-27 22:09:11.428 [info] > git config --get commit.template [2ms]
2025-01-27 22:09:11.429 [info] > git for-each-ref --format=%(refname)%00%(upstream:short)%00%(objectname)%00%(upstream:track)%00%(upstream:remotename)%00%(upstream:remoteref) refs/heads/iujeong refs/remotes/iujeong [1ms]
2025-01-27 22:09:11.434 [info] > git for-each-ref --sort -committerdate --format %(refname) %(objectname) %(*objectname) [1ms]
2025-01-27 22:09:11.439 [info] > git status -z -uall [8ms]
2025-01-27 22:09:16.446 [info] > git config --get commit.template [2ms]
2025-01-27 22:09:16.447 [info] > git for-each-ref --format=%(refname)%00%(upstream:short)%00%(objectname)%00%(upstream:track)%00%(upstream:remotename)%00%(upstream:remoteref) refs/heads/iujeong refs/remotes/iujeong [1ms]
2025-01-27 22:09:16.452 [info] > git for-each-ref --sort -committerdate --format %(refname) %(objectname) %(*objectname) [1ms]
2025-01-27 22:09:16.457 [info] > git status -z -uall [8ms]
2025-01-27 22:09:21.464 [info] > git config --get commit.template [2ms]
2025-01-27 22:09:21.465 [info] > git for-each-ref --format=%(refname)%00%(upstream:short)%00%(objectname)%00%(upstream:track)%00%(upstream:remotename)%00%(upstream:remoteref) refs/heads/iujeong refs/remotes/iujeong [1ms]
2025-01-27 22:09:21.470 [info] > git for-each-ref --sort -committerdate --format %(refname) %(objectname) %(*objectname) [1ms]
2025-01-27 22:09:21.474 [info] > git status -z -uall [7ms]
2025-01-27 22:09:25.353 [info] > git fetch [491ms]
2025-01-27 22:09:25.358 [info] > git config --get commit.template [2ms]
2025-01-27 22:09:25.359 [info] > git for-each-ref --format=%(refname)%00%(upstream:short)%00%(objectname)%00%(upstream:track)%00%(upstream:remotename)%00%(upstream:remoteref) refs/heads/iujeong refs/remotes/iujeong [1ms]
2025-01-27 22:09:25.364 [info] > git for-each-ref --sort -committerdate --format %(refname) %(objectname) %(*objectname) [1ms]
2025-01-27 22:09:25.370 [info] > git status -z -uall [9ms]
2025-01-27 22:09:26.482 [info] > git config --get commit.template [2ms]
2025-01-27 22:09:26.483 [info] > git for-each-ref --format=%(refname)%00%(upstream:short)%00%(objectname)%00%(upstream:track)%00%(upstream:remotename)%00%(upstream:remoteref) refs/heads/iujeong refs/remotes/iujeong [1ms]
2025-01-27 22:09:26.488 [info] > git for-each-ref --sort -committerdate --format %(refname) %(objectname) %(*objectname) [1ms]
2025-01-27 22:09:26.495 [info] > git status -z -uall [10ms]
2025-01-27 22:09:31.502 [info] > git config --get commit.template [2ms]
2025-01-27 22:09:31.503 [info] > git for-each-ref --format=%(refname)%00%(upstream:short)%00%(objectname)%00%(upstream:track)%00%(upstream:remotename)%00%(upstream:remoteref) refs/heads/iujeong refs/remotes/iujeong [1ms]
2025-01-27 22:09:31.508 [info] > git for-each-ref --sort -committerdate --format %(refname) %(objectname) %(*objectname) [1ms]
2025-01-27 22:09:31.512 [info] > git status -z -uall [7ms]
2025-01-27 22:09:36.519 [info] > git config --get commit.template [2ms]
2025-01-27 22:09:36.520 [info] > git for-each-ref --format=%(refname)%00%(upstream:short)%00%(objectname)%00%(upstream:track)%00%(upstream:remotename)%00%(upstream:remoteref) refs/heads/iujeong refs/remotes/iujeong [1ms]
2025-01-27 22:09:36.525 [info] > git for-each-ref --sort -committerdate --format %(refname) %(objectname) %(*objectname) [1ms]
2025-01-27 22:09:36.530 [info] > git status -z -uall [8ms]
2025-01-27 22:09:41.538 [info] > git config --get commit.template [3ms]
2025-01-27 22:09:41.538 [info] > git for-each-ref --format=%(refname)%00%(upstream:short)%00%(objectname)%00%(upstream:track)%00%(upstream:remotename)%00%(upstream:remoteref) refs/heads/iujeong refs/remotes/iujeong [1ms]
2025-01-27 22:09:41.544 [info] > git for-each-ref --sort -committerdate --format %(refname) %(objectname) %(*objectname) [1ms]
2025-01-27 22:09:41.549 [info] > git status -z -uall [8ms]
2025-01-27 22:09:46.556 [info] > git config --get commit.template [2ms]
2025-01-27 22:09:46.557 [info] > git for-each-ref --format=%(refname)%00%(upstream:short)%00%(objectname)%00%(upstream:track)%00%(upstream:remotename)%00%(upstream:remoteref) refs/heads/iujeong refs/remotes/iujeong [1ms]
2025-01-27 22:09:46.562 [info] > git for-each-ref --sort -committerdate --format %(refname) %(objectname) %(*objectname) [1ms]
2025-01-27 22:09:46.567 [info] > git status -z -uall [8ms]
2025-01-27 22:09:51.574 [info] > git config --get commit.template [2ms]
2025-01-27 22:09:51.575 [info] > git for-each-ref --format=%(refname)%00%(upstream:short)%00%(objectname)%00%(upstream:track)%00%(upstream:remotename)%00%(upstream:remoteref) refs/heads/iujeong refs/remotes/iujeong [1ms]
2025-01-27 22:09:51.579 [info] > git for-each-ref --sort -committerdate --format %(refname) %(objectname) %(*objectname) [0ms]
2025-01-27 22:09:51.584 [info] > git status -z -uall [7ms]
2025-01-27 22:09:56.591 [info] > git config --get commit.template [2ms]
2025-01-27 22:09:56.592 [info] > git for-each-ref --format=%(refname)%00%(upstream:short)%00%(objectname)%00%(upstream:track)%00%(upstream:remotename)%00%(upstream:remoteref) refs/heads/iujeong refs/remotes/iujeong [1ms]
2025-01-27 22:09:56.597 [info] > git for-each-ref --sort -committerdate --format %(refname) %(objectname) %(*objectname) [1ms]
2025-01-27 22:09:56.601 [info] > git status -z -uall [7ms]
2025-01-27 22:10:01.608 [info] > git config --get commit.template [2ms]
2025-01-27 22:10:01.608 [info] > git for-each-ref --format=%(refname)%00%(upstream:short)%00%(objectname)%00%(upstream:track)%00%(upstream:remotename)%00%(upstream:remoteref) refs/heads/iujeong refs/remotes/iujeong [0ms]
2025-01-27 22:10:01.613 [info] > git for-each-ref --sort -committerdate --format %(refname) %(objectname) %(*objectname) [1ms]
2025-01-27 22:10:01.620 [info] > git status -z -uall [10ms]
2025-01-27 22:10:06.628 [info] > git config --get commit.template [2ms]
2025-01-27 22:10:06.629 [info] > git for-each-ref --format=%(refname)%00%(upstream:short)%00%(objectname)%00%(upstream:track)%00%(upstream:remotename)%00%(upstream:remoteref) refs/heads/iujeong refs/remotes/iujeong [1ms]
2025-01-27 22:10:06.634 [info] > git for-each-ref --sort -committerdate --format %(refname) %(objectname) %(*objectname) [1ms]
2025-01-27 22:10:06.640 [info] > git status -z -uall [9ms]
2025-01-27 22:10:11.647 [info] > git config --get commit.template [2ms]
2025-01-27 22:10:11.647 [info] > git for-each-ref --format=%(refname)%00%(upstream:short)%00%(objectname)%00%(upstream:track)%00%(upstream:remotename)%00%(upstream:remoteref) refs/heads/iujeong refs/remotes/iujeong [0ms]
2025-01-27 22:10:11.652 [info] > git for-each-ref --sort -committerdate --format %(refname) %(objectname) %(*objectname) [1ms]
2025-01-27 22:10:11.657 [info] > git status -z -uall [7ms]
2025-01-27 22:10:16.664 [info] > git config --get commit.template [2ms]
2025-01-27 22:10:16.665 [info] > git for-each-ref --format=%(refname)%00%(upstream:short)%00%(objectname)%00%(upstream:track)%00%(upstream:remotename)%00%(upstream:remoteref) refs/heads/iujeong refs/remotes/iujeong [1ms]
2025-01-27 22:10:16.670 [info] > git for-each-ref --sort -committerdate --format %(refname) %(objectname) %(*objectname) [1ms]
2025-01-27 22:10:16.675 [info] > git status -z -uall [8ms]
2025-01-27 22:10:21.682 [info] > git config --get commit.template [2ms]
2025-01-27 22:10:21.683 [info] > git for-each-ref --format=%(refname)%00%(upstream:short)%00%(objectname)%00%(upstream:track)%00%(upstream:remotename)%00%(upstream:remoteref) refs/heads/iujeong refs/remotes/iujeong [1ms]
2025-01-27 22:10:21.687 [info] > git for-each-ref --sort -committerdate --format %(refname) %(objectname) %(*objectname) [0ms]
2025-01-27 22:10:21.693 [info] > git status -z -uall [8ms]
2025-01-27 22:10:26.699 [info] > git config --get commit.template [2ms]
2025-01-27 22:10:26.700 [info] > git for-each-ref --format=%(refname)%00%(upstream:short)%00%(objectname)%00%(upstream:track)%00%(upstream:remotename)%00%(upstream:remoteref) refs/heads/iujeong refs/remotes/iujeong [1ms]
2025-01-27 22:10:26.705 [info] > git for-each-ref --sort -committerdate --format %(refname) %(objectname) %(*objectname) [1ms]
2025-01-27 22:10:26.709 [info] > git status -z -uall [7ms]
2025-01-27 22:10:31.716 [info] > git config --get commit.template [2ms]
2025-01-27 22:10:31.717 [info] > git for-each-ref --format=%(refname)%00%(upstream:short)%00%(objectname)%00%(upstream:track)%00%(upstream:remotename)%00%(upstream:remoteref) refs/heads/iujeong refs/remotes/iujeong [1ms]
2025-01-27 22:10:31.722 [info] > git for-each-ref --sort -committerdate --format %(refname) %(objectname) %(*objectname) [1ms]
2025-01-27 22:10:31.729 [info] > git status -z -uall [10ms]
2025-01-27 22:10:36.736 [info] > git config --get commit.template [2ms]
2025-01-27 22:10:36.737 [info] > git for-each-ref --format=%(refname)%00%(upstream:short)%00%(objectname)%00%(upstream:track)%00%(upstream:remotename)%00%(upstream:remoteref) refs/heads/iujeong refs/remotes/iujeong [1ms]
2025-01-27 22:10:36.742 [info] > git for-each-ref --sort -committerdate --format %(refname) %(objectname) %(*objectname) [1ms]
2025-01-27 22:10:36.746 [info] > git status -z -uall [7ms]
2025-01-27 22:10:41.752 [info] > git config --get commit.template [2ms]
2025-01-27 22:10:41.753 [info] > git for-each-ref --format=%(refname)%00%(upstream:short)%00%(objectname)%00%(upstream:track)%00%(upstream:remotename)%00%(upstream:remoteref) refs/heads/iujeong refs/remotes/iujeong [1ms]
2025-01-27 22:10:41.758 [info] > git for-each-ref --sort -committerdate --format %(refname) %(objectname) %(*objectname) [1ms]
2025-01-27 22:10:41.763 [info] > git status -z -uall [8ms]
2025-01-27 22:10:46.769 [info] > git config --get commit.template [2ms]
2025-01-27 22:10:46.770 [info] > git for-each-ref --format=%(refname)%00%(upstream:short)%00%(objectname)%00%(upstream:track)%00%(upstream:remotename)%00%(upstream:remoteref) refs/heads/iujeong refs/remotes/iujeong [1ms]
2025-01-27 22:10:46.775 [info] > git for-each-ref --sort -committerdate --format %(refname) %(objectname) %(*objectname) [1ms]
2025-01-27 22:10:46.779 [info] > git status -z -uall [7ms]
2025-01-27 22:10:51.786 [info] > git config --get commit.template [2ms]
2025-01-27 22:10:51.787 [info] > git for-each-ref --format=%(refname)%00%(upstream:short)%00%(objectname)%00%(upstream:track)%00%(upstream:remotename)%00%(upstream:remoteref) refs/heads/iujeong refs/remotes/iujeong [1ms]
2025-01-27 22:10:51.792 [info] > git for-each-ref --sort -committerdate --format %(refname) %(objectname) %(*objectname) [1ms]
2025-01-27 22:10:51.797 [info] > git status -z -uall [8ms]
2025-01-27 22:10:56.805 [info] > git config --get commit.template [3ms]
2025-01-27 22:10:56.806 [info] > git for-each-ref --format=%(refname)%00%(upstream:short)%00%(objectname)%00%(upstream:track)%00%(upstream:remotename)%00%(upstream:remoteref) refs/heads/iujeong refs/remotes/iujeong [1ms]
2025-01-27 22:10:56.811 [info] > git for-each-ref --sort -committerdate --format %(refname) %(objectname) %(*objectname) [1ms]
2025-01-27 22:10:56.818 [info] > git status -z -uall [10ms]
2025-01-27 22:11:01.826 [info] > git config --get commit.template [3ms]
2025-01-27 22:11:01.826 [info] > git for-each-ref --format=%(refname)%00%(upstream:short)%00%(objectname)%00%(upstream:track)%00%(upstream:remotename)%00%(upstream:remoteref) refs/heads/iujeong refs/remotes/iujeong [1ms]
2025-01-27 22:11:01.830 [info] > git for-each-ref --sort -committerdate --format %(refname) %(objectname) %(*objectname) [0ms]
2025-01-27 22:11:01.834 [info] > git status -z -uall [6ms]
2025-01-27 22:11:06.841 [info] > git config --get commit.template [3ms]
2025-01-27 22:11:06.842 [info] > git for-each-ref --format=%(refname)%00%(upstream:short)%00%(objectname)%00%(upstream:track)%00%(upstream:remotename)%00%(upstream:remoteref) refs/heads/iujeong refs/remotes/iujeong [1ms]
2025-01-27 22:11:06.847 [info] > git for-each-ref --sort -committerdate --format %(refname) %(objectname) %(*objectname) [0ms]
2025-01-27 22:11:06.852 [info] > git status -z -uall [8ms]
2025-01-27 22:11:11.858 [info] > git config --get commit.template [2ms]
2025-01-27 22:11:11.859 [info] > git for-each-ref --format=%(refname)%00%(upstream:short)%00%(objectname)%00%(upstream:track)%00%(upstream:remotename)%00%(upstream:remoteref) refs/heads/iujeong refs/remotes/iujeong [1ms]
2025-01-27 22:11:11.863 [info] > git for-each-ref --sort -committerdate --format %(refname) %(objectname) %(*objectname) [1ms]
2025-01-27 22:11:11.870 [info] > git status -z -uall [9ms]
2025-01-27 22:11:14.863 [info] > git check-ignore -v -z --stdin [6ms]
2025-01-27 22:11:16.876 [info] > git config --get commit.template [2ms]
2025-01-27 22:11:16.877 [info] > git for-each-ref --format=%(refname)%00%(upstream:short)%00%(objectname)%00%(upstream:track)%00%(upstream:remotename)%00%(upstream:remoteref) refs/heads/iujeong refs/remotes/iujeong [1ms]
2025-01-27 22:11:16.882 [info] > git for-each-ref --sort -committerdate --format %(refname) %(objectname) %(*objectname) [1ms]
2025-01-27 22:11:16.889 [info] > git status -z -uall [10ms]
2025-01-27 22:11:21.897 [info] > git config --get commit.template [3ms]
2025-01-27 22:11:21.898 [info] > git for-each-ref --format=%(refname)%00%(upstream:short)%00%(objectname)%00%(upstream:track)%00%(upstream:remotename)%00%(upstream:remoteref) refs/heads/iujeong refs/remotes/iujeong [1ms]
2025-01-27 22:11:21.903 [info] > git for-each-ref --sort -committerdate --format %(refname) %(objectname) %(*objectname) [1ms]
2025-01-27 22:11:21.907 [info] > git status -z -uall [7ms]
2025-01-27 22:12:25.390 [info] > git config --get commit.template [2ms]
2025-01-27 22:12:25.391 [info] > git for-each-ref --format=%(refname)%00%(upstream:short)%00%(objectname)%00%(upstream:track)%00%(upstream:remotename)%00%(upstream:remoteref) refs/heads/iujeong refs/remotes/iujeong [1ms]
2025-01-27 22:12:25.396 [info] > git for-each-ref --sort -committerdate --format %(refname) %(objectname) %(*objectname) [1ms]
2025-01-27 22:12:25.403 [info] > git status -z -uall [10ms]
2025-01-27 22:12:25.872 [info] > git fetch [486ms]
2025-01-27 22:12:25.877 [info] > git config --get commit.template [1ms]
2025-01-27 22:12:25.877 [info] > git for-each-ref --format=%(refname)%00%(upstream:short)%00%(objectname)%00%(upstream:track)%00%(upstream:remotename)%00%(upstream:remoteref) refs/heads/iujeong refs/remotes/iujeong [1ms]
2025-01-27 22:12:25.882 [info] > git for-each-ref --sort -committerdate --format %(refname) %(objectname) %(*objectname) [1ms]
2025-01-27 22:12:25.887 [info] > git status -z -uall [8ms]
2025-01-27 22:12:30.410 [info] > git config --get commit.template [2ms]
2025-01-27 22:12:30.411 [info] > git for-each-ref --format=%(refname)%00%(upstream:short)%00%(objectname)%00%(upstream:track)%00%(upstream:remotename)%00%(upstream:remoteref) refs/heads/iujeong refs/remotes/iujeong [1ms]
2025-01-27 22:12:30.415 [info] > git for-each-ref --sort -committerdate --format %(refname) %(objectname) %(*objectname) [0ms]
2025-01-27 22:12:30.421 [info] > git status -z -uall [8ms]
2025-01-27 22:12:35.428 [info] > git config --get commit.template [2ms]
2025-01-27 22:12:35.428 [info] > git for-each-ref --format=%(refname)%00%(upstream:short)%00%(objectname)%00%(upstream:track)%00%(upstream:remotename)%00%(upstream:remoteref) refs/heads/iujeong refs/remotes/iujeong [1ms]
2025-01-27 22:12:35.433 [info] > git for-each-ref --sort -committerdate --format %(refname) %(objectname) %(*objectname) [1ms]
2025-01-27 22:12:35.438 [info] > git status -z -uall [8ms]
2025-01-27 22:12:50.966 [info] > git config --get commit.template [2ms]
2025-01-27 22:12:50.967 [info] > git for-each-ref --format=%(refname)%00%(upstream:short)%00%(objectname)%00%(upstream:track)%00%(upstream:remotename)%00%(upstream:remoteref) refs/heads/iujeong refs/remotes/iujeong [1ms]
2025-01-27 22:12:50.972 [info] > git for-each-ref --sort -committerdate --format %(refname) %(objectname) %(*objectname) [1ms]
2025-01-27 22:12:50.977 [info] > git status -z -uall [8ms]
