2025-01-26 21:53:32.637 [info] 실험 'pythonRecommendTensorboardExt'이(가) 활성 상태입니다.
2025-01-26 21:53:32.637 [info] 실험 'pythonTerminalEnvVarActivation'이(가) 활성 상태입니다.
2025-01-26 21:53:32.637 [info] 실험 'pythonTestAdapter'이(가) 활성 상태입니다.
2025-01-26 21:53:32.637 [info] Native locator: Refresh started
2025-01-26 21:53:32.637 [info] Native locator: Refresh started
2025-01-26 21:53:32.637 [info] Native locator: Refresh started
2025-01-26 21:53:32.642 [info] > pyenv which python
2025-01-26 21:53:32.642 [info] cwd: .
2025-01-26 21:53:32.647 [info] Conda environment manager found at: /opt/anaconda3/bin/conda
2025-01-26 21:53:32.707 [info] > /opt/anaconda3/bin/conda info --json
2025-01-26 21:53:32.786 [info] Native locator: Refresh finished in 627 ms
2025-01-26 21:53:32.789 [info] Python 인터프리터 경로: /opt/anaconda3/envs/bogdong/bin/python
2025-01-26 21:53:32.794 [info] > conda info --json
2025-01-26 21:53:32.794 [info] shell: bash
2025-01-26 21:53:33.125 [info] > /opt/anaconda3/bin/conda run -n bogdong --no-capture-output python ./.vscode-server/extensions/ms-python.python-2024.22.2-linux-x64/python_files/get_output_via_markers.py ./.vscode-server/extensions/ms-python.python-2024.22.2-linux-x64/python_files/printEnvVariables.py
2025-01-26 21:53:33.125 [info] shell: bash
2025-01-26 21:53:33.125 [info] > /opt/anaconda3/bin/conda run -n bogdong --no-capture-output python ./.vscode-server/extensions/ms-python.python-2024.22.2-linux-x64/python_files/get_output_via_markers.py ./.vscode-server/extensions/ms-python.python-2024.22.2-linux-x64/python_files/printEnvVariables.py
2025-01-26 21:53:33.125 [info] shell: bash
2025-01-26 21:53:33.190 [info] > conda run -n bogdong --no-capture-output python ./.vscode-server/extensions/ms-python.python-2024.22.2-linux-x64/python_files/get_output_via_markers.py ./.vscode-server/extensions/ms-python.python-2024.22.2-linux-x64/python_files/printEnvVariables.py
2025-01-26 21:53:33.190 [info] shell: bash
2025-01-26 21:53:33.635 [info] Pylance 언어 서버를 시작하는 중입니다.
2025-01-26 21:53:34.307 [info] > /usr/bin/python3 ./.vscode-server/extensions/ms-python.python-2024.22.2-linux-x64/python_files/printEnvVariables.py
2025-01-26 21:53:34.307 [info] shell: bash
2025-01-26 21:53:34.318 [info] Setting environment variable CONDA_EXE in collection to /opt/anaconda3/bin/conda {"applyAtShellIntegration":true,"applyAtProcessCreation":true}
2025-01-26 21:53:34.318 [info] Setting environment variable _CE_M in collection to  {"applyAtShellIntegration":true,"applyAtProcessCreation":true}
2025-01-26 21:53:34.318 [info] Setting environment variable GSETTINGS_SCHEMA_DIR in collection to /opt/anaconda3/envs/bogdong/share/glib-2.0/schemas {"applyAtShellIntegration":true,"applyAtProcessCreation":true}
2025-01-26 21:53:34.318 [info] Setting environment variable CONDA_ROOT in collection to /opt/anaconda3 {"applyAtShellIntegration":true,"applyAtProcessCreation":true}
2025-01-26 21:53:34.318 [info] Setting environment variable CONDA_PREFIX in collection to /opt/anaconda3/envs/bogdong {"applyAtShellIntegration":true,"applyAtProcessCreation":true}
2025-01-26 21:53:34.318 [info] Setting environment variable GSETTINGS_SCHEMA_DIR_CONDA_BACKUP in collection to  {"applyAtShellIntegration":true,"applyAtProcessCreation":true}
2025-01-26 21:53:34.318 [info] Setting environment variable CONDA_PROMPT_MODIFIER in collection to (bogdong)  {"applyAtShellIntegration":true,"applyAtProcessCreation":true}
2025-01-26 21:53:34.318 [info] Setting environment variable _CE_CONDA in collection to  {"applyAtShellIntegration":true,"applyAtProcessCreation":true}
2025-01-26 21:53:34.319 [info] Setting environment variable CONDA_SHLVL in collection to 2 {"applyAtShellIntegration":true,"applyAtProcessCreation":true}
2025-01-26 21:53:34.319 [info] Setting environment variable CONDA_PYTHON_EXE in collection to /opt/anaconda3/bin/python {"applyAtShellIntegration":true,"applyAtProcessCreation":true}
2025-01-26 21:53:34.319 [info] Setting environment variable CONDA_DEFAULT_ENV in collection to bogdong {"applyAtShellIntegration":true,"applyAtProcessCreation":true}
2025-01-26 21:53:34.319 [info] Setting environment variable CONDA_ALLOW_SOFTLINKS in collection to false {"applyAtShellIntegration":true,"applyAtProcessCreation":true}
2025-01-26 21:53:34.319 [info] Prepending environment variable PATH in collection with /opt/anaconda3/envs/bogdong/bin:/opt/anaconda3/condabin: {"applyAtShellIntegration":true,"applyAtProcessCreation":true}
2025-01-26 21:53:34.319 [info] Setting environment variable CONDA_PREFIX_1 in collection to /opt/anaconda3 {"applyAtShellIntegration":true,"applyAtProcessCreation":true}
2025-01-26 21:53:34.319 [info] Prepending environment variable PS1 in collection with (bogdong)  {"applyAtShellIntegration":true,"applyAtProcessCreation":false}
2025-01-26 21:53:34.319 [info] Send text to terminal: /usr/bin/python3 /home/iujeong/.vscode-server/extensions/ms-python.python-2024.22.2-linux-x64/python_files/printEnvVariablesToFile.py /home/iujeong/.vscode-server/extensions/ms-python.python-2024.22.2-linux-x64/python_files/deactivate/bash/envVars.txt
