2025-01-26 21:53:32.638 [info] Starting Python Locator /home/iujeong/.vscode-server/extensions/ms-python.python-2024.22.2-linux-x64/python-env-tools/bin/pet server
2025-01-26 21:53:32.647 [info] Discovered manager: (Conda) /opt/anaconda3/bin/conda
2025-01-26 21:53:32.647 [info] Discovered env: /opt/anaconda3/bin/python
2025-01-26 21:53:32.680 [info] Discovered env: /opt/anaconda3/envs/python=3.13
2025-01-26 21:53:32.682 [info] Discovered env: /opt/anaconda3/envs/cdp310/bin/python
2025-01-26 21:53:32.684 [info] Discovered env: /opt/anaconda3/envs/bin345/bin/python
2025-01-26 21:53:32.685 [info] Discovered env: /opt/anaconda3/envs/jayeon/bin/python
2025-01-26 21:53:32.686 [info] Discovered env: /opt/anaconda3/envs/JokerK/bin/python
2025-01-26 21:53:32.687 [info] Discovered env: /opt/anaconda3/envs/kaldi/bin/python
2025-01-26 21:53:32.688 [info] Discovered env: /opt/anaconda3/envs/ehdnjs_yolo/bin/python
2025-01-26 21:53:32.689 [info] Discovered env: /opt/anaconda3/envs/dlalsrb123/bin/python
2025-01-26 21:53:32.690 [info] Discovered env: /opt/anaconda3/envs/bin123/bin/python
2025-01-26 21:53:32.692 [info] Discovered env: /opt/anaconda3/envs/myenv/bin/python
2025-01-26 21:53:32.693 [info] Discovered env: /opt/anaconda3/envs/basic/bin/python
2025-01-26 21:53:32.694 [info] Discovered env: /opt/anaconda3/envs/bin234/bin/python
2025-01-26 21:53:32.698 [info] Discovered env: /opt/anaconda3/envs/newenv/bin/python
2025-01-26 21:53:32.699 [info] Discovered env: /opt/anaconda3/envs/gps/bin/python
2025-01-26 21:53:32.700 [info] Discovered env: /opt/anaconda3/envs/autopilot_lsm/bin/python
2025-01-26 21:53:32.702 [info] Discovered env: /opt/anaconda3/envs/goguma/bin/python
2025-01-26 21:53:32.709 [info] Discovered env: /opt/anaconda3/envs/lanenet_env/bin/python
2025-01-26 21:53:32.710 [info] Discovered env: /usr/bin/python3
2025-01-26 21:53:32.712 [info] Discovered env: /opt/anaconda3/envs/aicar/bin/python
2025-01-26 21:53:32.713 [info] Discovered env: /bin/python3
2025-01-26 21:53:32.714 [info] Discovered env: /opt/anaconda3/envs/kgjtest/bin/python
2025-01-26 21:53:32.715 [info] Discovered env: /opt/anaconda3/envs/test999/bin/python
2025-01-26 21:53:32.717 [info] Discovered env: /opt/anaconda3/envs/ezh123/bin/python
2025-01-26 21:53:32.718 [info] Discovered env: /opt/anaconda3/envs/golf/bin/python
2025-01-26 21:53:32.720 [info] Discovered env: /opt/anaconda3/envs/env_lsy/bin/python
2025-01-26 21:53:32.721 [info] Discovered env: /opt/anaconda3/envs/surveybay/bin/python
2025-01-26 21:53:32.723 [info] Discovered env: /opt/anaconda3/envs/hansol/bin/python
2025-01-26 21:53:32.725 [info] Discovered env: /opt/anaconda3/envs/yangpa/bin/python
2025-01-26 21:53:32.726 [info] Discovered env: /opt/anaconda3/envs/test1299/bin/python
2025-01-26 21:53:32.728 [info] Discovered env: /opt/anaconda3/envs/water/bin/python
2025-01-26 21:53:32.731 [info] Discovered env: /opt/anaconda3/envs/skaigroove/bin/python
2025-01-26 21:53:32.735 [info] Discovered env: /opt/anaconda3/envs/bk7602/bin/python
2025-01-26 21:53:32.737 [info] Discovered env: /opt/anaconda3/envs/person_tracking/bin/python
2025-01-26 21:53:32.741 [info] Discovered env: /opt/anaconda3/envs/yolop/bin/python
2025-01-26 21:53:32.743 [info] Discovered env: /opt/anaconda3/envs/nanie1664/bin/python
2025-01-26 21:53:32.745 [info] Discovered env: /opt/anaconda3/envs/test1026/bin/python
2025-01-26 21:53:32.746 [info] Discovered env: /opt/anaconda3/envs/msoh/bin/python
2025-01-26 21:53:32.748 [info] Discovered env: /opt/anaconda3/envs/cju_mlane/bin/python
2025-01-26 21:53:32.750 [info] Discovered env: /opt/anaconda3/envs/hjjeon/bin/python
2025-01-26 21:53:32.751 [info] Discovered env: /opt/anaconda3/envs/nanie1/bin/python
2025-01-26 21:53:32.753 [info] Discovered env: /opt/anaconda3/envs/KGJ/bin/python
2025-01-26 21:53:32.755 [info] Discovered env: /opt/anaconda3/envs/nanie/bin/python
2025-01-26 21:53:32.758 [info] Discovered env: /opt/anaconda3/envs/jha/bin/python
2025-01-26 21:53:32.760 [info] Discovered env: /opt/anaconda3/envs/test123/bin/python
2025-01-26 21:53:32.762 [info] Discovered env: /opt/anaconda3/envs/adas_cju/bin/python
2025-01-26 21:53:32.764 [info] Discovered env: /opt/anaconda3/envs/cju/bin/python
2025-01-26 21:53:32.769 [info] Discovered env: /opt/anaconda3/envs/bogdong/bin/python
2025-01-26 21:53:32.771 [info] Discovered env: /opt/anaconda3/envs/cgh/bin/python
2025-01-26 21:53:32.773 [info] Discovered env: /opt/anaconda3/envs/test8737/bin/python
2025-01-26 21:53:32.779 [info] Discovered env: /opt/anaconda3/envs/shkim/bin/python
2025-01-26 21:53:32.782 [info] Discovered env: /opt/anaconda3/envs/torch/bin/python
2025-01-26 21:53:32.785 [info] Locator Conda took 170.097397ms
2025-01-26 21:53:32.785 [info] Locator Homebrew took 49.23µs
2025-01-26 21:53:32.786 [info] Locator LinuxGlobal took 167.575394ms
2025-01-26 21:53:32.786 [info] Locator PipEnv took 28.744µs
2025-01-26 21:53:32.786 [info] Locator Poetry took 365.11µs
2025-01-26 21:53:32.786 [info] Locator PyEnv took 321.659µs
2025-01-26 21:53:32.786 [info] Locator Venv took 34.833µs
2025-01-26 21:53:32.786 [info] Locator VirtualEnv took 45.79µs
2025-01-26 21:53:32.786 [info] Locator VirtualEnvWrapper took 74.246µs
2025-01-26 21:53:32.786 [info] Locator GlobalVirtualEnvs took 265.453µs
2025-01-26 21:53:32.786 [info] Locator Locators took 170.187707ms
2025-01-26 21:53:32.786 [info] Locator Path took 215.585051ms
2025-01-26 21:53:32.786 [info] Locator Workspaces took 2.405601ms
2025-01-26 21:53:32.786 [info] Refresh completed in 215ms
2025-01-26 21:53:32.787 [info] Resolved Python Environment /opt/anaconda3/envs/bogdong/bin/python
2025-01-26 21:54:52.308 [info] Resolved Python Environment /opt/anaconda3/envs/bogdong/bin/python
2025-01-26 21:56:45.164 [info] Resolved Python Environment /opt/anaconda3/envs/bogdong/bin/python
2025-01-26 22:03:19.858 [info] Resolved Python Environment /opt/anaconda3/envs/bogdong/bin/python
2025-01-26 22:04:28.517 [info] Resolved Python Environment /opt/anaconda3/envs/bogdong/bin/python
2025-01-26 22:06:18.224 [info] Resolved Python Environment /opt/anaconda3/envs/bogdong/bin/python
2025-01-26 22:26:39.291 [info] Resolved Python Environment /opt/anaconda3/envs/bogdong/bin/python
2025-01-26 22:27:40.467 [info] Resolved Python Environment /opt/anaconda3/envs/bogdong/bin/python
2025-01-26 22:28:11.725 [info] Resolved Python Environment /opt/anaconda3/envs/bogdong/bin/python
2025-01-26 22:28:46.440 [info] Resolved Python Environment /opt/anaconda3/envs/bogdong/bin/python
2025-01-26 22:47:51.315 [info] Resolved Python Environment /opt/anaconda3/envs/bogdong/bin/python
2025-01-26 22:59:14.690 [info] Resolved Python Environment /opt/anaconda3/envs/bogdong/bin/python
2025-01-26 23:05:11.029 [info] Resolved Python Environment /opt/anaconda3/envs/bogdong/bin/python
2025-01-26 23:15:30.398 [info] Resolved Python Environment /opt/anaconda3/envs/bogdong/bin/python
