2025-01-26 21:53:33.428 [info] (Client) Pylance async client (2024.12.1) started with python extension (2024.22.2)
2025-01-26 21:53:33.628 [info] [Info  - 오후 9:53:33] (1792729) Server root directory: file:///home/iujeong/.vscode-server/extensions/ms-python.vscode-pylance-2024.12.1/dist
2025-01-26 21:53:33.628 [info] [Info  - 오후 9:53:33] (1792729) Pylance language server 2024.12.1 (pyright version 1.1.389, commit ce1325fc) starting
2025-01-26 21:53:33.628 [info] [Info  - 오후 9:53:33] (1792729) Starting service instance "iujeong"
2025-01-26 21:53:33.652 [info] [Info  - 오후 9:53:33] (1792729) Setting environmentName for service "iujeong": "3.12.8 (bogdong conda)"
2025-01-26 21:53:33.652 [info] [Info  - 오후 9:53:33] (1792729) Setting pythonPath for service "iujeong": "/opt/anaconda3/envs/bogdong/bin/python"
2025-01-26 21:53:33.652 [info] [Info  - 오후 9:53:33] (1792729) No include entries specified; assuming /home/iujeong
2025-01-26 21:53:33.652 [info] [Info  - 오후 9:53:33] (1792729) Auto-excluding **/node_modules
2025-01-26 21:53:33.652 [info] [Info  - 오후 9:53:33] (1792729) Auto-excluding **/__pycache__
2025-01-26 21:53:33.652 [info] [Info  - 오후 9:53:33] (1792729) Auto-excluding **/.*
2025-01-26 21:53:33.666 [info] [Info  - 오후 9:53:33] (1792729) Assuming Python version 3.12.8.final.0
2025-01-26 21:53:33.702 [info] [Info  - 오후 9:53:33] (1792729) Found 5 source files
2025-01-26 21:53:33.855 [info] [Info  - 오후 9:53:33] (1792729) Background analysis(1) root directory: file:///home/iujeong/.vscode-server/extensions/ms-python.vscode-pylance-2024.12.1/dist
2025-01-26 21:53:33.857 [info] [Info  - 오후 9:53:33] (1792729) Background analysis(1) started
2025-01-26 21:53:33.983 [info] [Info  - 오후 9:53:33] (1792729) Indexer background runner(2) root directory: file:///home/iujeong/.vscode-server/extensions/ms-python.vscode-pylance-2024.12.1/dist (index)
2025-01-26 21:53:33.983 [info] [Info  - 오후 9:53:33] (1792729) Indexing(2) started
2025-01-26 21:53:34.097 [info] [Info  - 오후 9:53:34] (1792729) scanned(2) 235 files over 1 exec env
2025-01-26 21:53:34.209 [info] [Info  - 오후 9:53:34] (1792729) indexed(2) 235 files over 1 exec env
2025-01-26 21:53:34.245 [info] [Info  - 오후 9:53:34] (1792729) Indexing finished(2).
2025-01-26 22:06:18.222 [info] [Info  - 오후 10:06:18] (1792729) Starting service instance "<default>"
2025-01-26 22:06:18.238 [info] [Info  - 오후 10:06:18] (1792729) Setting environmentName for service "<default>": "3.12.8 (bogdong conda)"
2025-01-26 22:06:18.238 [info] [Info  - 오후 10:06:18] (1792729) Setting pythonPath for service "<default>": "/opt/anaconda3/envs/bogdong/bin/python"
2025-01-26 22:06:18.238 [info] [Info  - 오후 10:06:18] (1792729) No include entries specified; assuming /<default workspace root>
2025-01-26 22:06:18.238 [info] [Info  - 오후 10:06:18] (1792729) Auto-excluding **/node_modules
2025-01-26 22:06:18.238 [info] [Info  - 오후 10:06:18] (1792729) Auto-excluding **/__pycache__
2025-01-26 22:06:18.238 [info] [Info  - 오후 10:06:18] (1792729) Auto-excluding **/.*
2025-01-26 22:06:18.250 [info] [Info  - 오후 10:06:18] (1792729) Assuming Python version 3.12.8.final.0
2025-01-26 22:06:18.276 [info] [Error - 오후 10:06:18] (1792729) File or directory "/<default workspace root>" does not exist.
2025-01-26 22:06:18.276 [info] [Info  - 오후 10:06:18] (1792729) No source files found.
2025-01-26 22:06:18.436 [info] [Info  - 오후 10:06:18] (1792729) Background analysis(3) root directory: file:///home/iujeong/.vscode-server/extensions/ms-python.vscode-pylance-2024.12.1/dist
2025-01-26 22:06:18.437 [info] [Info  - 오후 10:06:18] (1792729) Background analysis(3) started
