2025-02-02 21:40:18.966 [info] [main] 로그 수준: Info
2025-02-02 21:40:18.966 [info] [main] "git"에서 찾은 git 유효성을 검사하는 중
2025-02-02 21:40:18.966 [info] [main] "2.43.0"에서 git "git"을(를) 사용하는 중
2025-02-02 21:40:18.966 [info] [Model][doInitialScan] Initial repository scan started
2025-02-02 21:40:18.966 [info] > git rev-parse --show-toplevel [2ms]
2025-02-02 21:40:18.966 [info] > git rev-parse --git-dir --git-common-dir [1ms]
2025-02-02 21:40:18.966 [info] [Model][openRepository] Opened repository: /home/iujeong
2025-02-02 21:40:18.966 [info] > git config --get commit.template [1ms]
2025-02-02 21:40:18.966 [info] > git rev-parse --show-toplevel [1ms]
2025-02-02 21:40:18.966 [info] > git for-each-ref --format=%(refname)%00%(upstream:short)%00%(objectname)%00%(upstream:track)%00%(upstream:remotename)%00%(upstream:remoteref) refs/heads/iujeong refs/remotes/iujeong [1ms]
2025-02-02 21:40:18.966 [info] > git rev-parse --show-toplevel [3ms]
2025-02-02 21:40:18.966 [info] > git for-each-ref --sort -committerdate --format %(refname) %(objectname) %(*objectname) [1ms]
2025-02-02 21:40:18.966 [info] > git rev-parse --show-toplevel [1ms]
2025-02-02 21:40:18.966 [info] > git rev-parse --show-toplevel [1ms]
2025-02-02 21:40:18.966 [info] > git rev-parse --show-toplevel [0ms]
2025-02-02 21:40:18.966 [info] > git rev-parse --show-toplevel [1ms]
2025-02-02 21:40:18.966 [info] > git rev-parse --show-toplevel [0ms]
2025-02-02 21:40:18.966 [info] > git rev-parse --show-toplevel [1ms]
2025-02-02 21:40:18.966 [info] > git rev-parse --show-toplevel [0ms]
2025-02-02 21:40:18.966 [info] > git rev-parse --show-toplevel [1ms]
2025-02-02 21:40:18.966 [info] > git status -z -uall [21ms] (cancelled)
2025-02-02 21:40:18.966 [info] > git rev-parse --show-toplevel [5ms]
2025-02-02 21:40:18.966 [info] > git rev-parse --show-toplevel [1ms]
2025-02-02 21:40:18.968 [info] > git rev-parse --show-toplevel [1ms]
2025-02-02 21:40:18.968 [info] [Model][doInitialScan] Initial repository scan completed - repositories (1), closed repositories (0), parent repositories (0), unsafe repositories (0)
2025-02-02 21:40:19.415 [info] > git fetch [482ms]
2025-02-02 21:40:19.419 [info] > git config --get commit.template [1ms]
2025-02-02 21:40:19.419 [info] > git for-each-ref --format=%(refname)%00%(upstream:short)%00%(objectname)%00%(upstream:track)%00%(upstream:remotename)%00%(upstream:remoteref) refs/heads/iujeong refs/remotes/iujeong [1ms]
2025-02-02 21:40:19.422 [info] > git for-each-ref --sort -committerdate --format %(refname) %(objectname) %(*objectname) [1ms]
2025-02-02 21:40:19.436 [info] > git status -z -uall [16ms] (cancelled)
2025-02-02 21:40:19.466 [info] > git check-ignore -v -z --stdin [1ms]
2025-02-02 21:40:19.551 [info] > git for-each-ref --format=%(refname)%00%(upstream:short)%00%(objectname)%00%(upstream:track)%00%(upstream:remotename)%00%(upstream:remoteref) refs/heads/iujeong refs/remotes/iujeong [3ms]
2025-02-02 21:40:19.553 [info] > git config --get commit.template [2ms]
2025-02-02 21:40:19.553 [info] > git config --local branch.iujeong.vscode-merge-base [1ms]
2025-02-02 21:40:19.553 [warning] [Git][config] git config failed: Failed to execute git
2025-02-02 21:40:19.561 [info] > git reflog iujeong --grep-reflog=branch: Created from *. [6ms]
2025-02-02 21:40:19.563 [info] > git for-each-ref --format=%(refname)%00%(upstream:short)%00%(objectname)%00%(upstream:track)%00%(upstream:remotename)%00%(upstream:remoteref) refs/heads/iujeong refs/remotes/iujeong [6ms]
2025-02-02 21:40:19.563 [info] > git symbolic-ref --short refs/remotes/origin/HEAD [1ms]
2025-02-02 21:40:19.563 [info] fatal: ref refs/remotes/origin/HEAD is not a symbolic ref
2025-02-02 21:40:19.563 [warning] [Repository][getDefaultBranch] Failed to get default branch details: Failed to execute git.
2025-02-02 21:40:19.569 [info] > git merge-base refs/heads/iujeong refs/remotes/YiPhoebe/iujeong [5ms]
2025-02-02 21:40:19.572 [info] > git for-each-ref --sort -committerdate --format %(refname) %(objectname) %(*objectname) [1ms]
2025-02-02 21:40:19.647 [info] > git status -z -uall [77ms] (cancelled)
2025-02-02 21:43:45.834 [info] > git fetch [477ms]
2025-02-02 21:43:45.839 [info] > git config --get commit.template [2ms]
2025-02-02 21:43:45.839 [info] > git for-each-ref --format=%(refname)%00%(upstream:short)%00%(objectname)%00%(upstream:track)%00%(upstream:remotename)%00%(upstream:remoteref) refs/heads/iujeong refs/remotes/iujeong [1ms]
2025-02-02 21:43:45.844 [info] > git for-each-ref --sort -committerdate --format %(refname) %(objectname) %(*objectname) [1ms]
2025-02-02 21:43:45.902 [info] > git status -z -uall [61ms] (cancelled)
2025-02-02 21:46:25.942 [info] > git show --textconv :.gitconfig [3ms]
2025-02-02 21:46:25.942 [info] > git ls-files --stage -- /home/iujeong/.gitconfig [1ms]
2025-02-02 21:46:25.944 [info] > git cat-file -s 9e91bf500a38ea916208822657eef3c77104d9c1 [0ms]
2025-02-02 21:46:29.581 [info] > git show --textconv :calculator/main.py [5ms]
2025-02-02 21:46:29.581 [info] > git ls-files --stage -- /home/iujeong/calculator/main.py [3ms]
2025-02-02 21:46:29.599 [info] > git cat-file -s 1bb806eebe415ed5c36414b572cfb9cebd8cb9ed [2ms]
2025-02-02 21:46:29.690 [info] > git blame --root --incremental 56a879456ca309935062107dcedad78d3bcd438b -- /home/iujeong/calculator/main.py [2ms]
2025-02-02 21:46:29.821 [info] > git check-ignore -v -z --stdin [2ms]
2025-02-02 21:46:33.562 [info] > git check-ignore -v -z --stdin [1ms]
2025-02-02 21:46:43.811 [info] > git check-ignore -v -z --stdin [1ms]
2025-02-02 21:46:45.404 [info] > git check-ignore -v -z --stdin [1ms]
2025-02-02 21:46:46.372 [info] > git fetch [468ms]
2025-02-02 21:46:46.376 [info] > git config --get commit.template [0ms]
2025-02-02 21:46:46.378 [info] > git for-each-ref --format=%(refname)%00%(upstream:short)%00%(objectname)%00%(upstream:track)%00%(upstream:remotename)%00%(upstream:remoteref) refs/heads/iujeong refs/remotes/iujeong [1ms]
2025-02-02 21:46:46.382 [info] > git for-each-ref --sort -committerdate --format %(refname) %(objectname) %(*objectname) [1ms]
2025-02-02 21:46:46.441 [info] > git status -z -uall [61ms] (cancelled)
2025-02-02 21:46:48.260 [info] > git ls-files --stage -- /home/iujeong/calculator/main.py [1ms]
2025-02-02 21:46:48.263 [info] > git cat-file -s 1bb806eebe415ed5c36414b572cfb9cebd8cb9ed [1ms]
2025-02-02 21:46:48.284 [info] > git show --textconv :calculator/main.py [1ms]
2025-02-02 21:47:03.643 [info] > git check-ignore -v -z --stdin [1ms]
2025-02-02 21:47:42.842 [info] > git show --textconv :.gitignore [1ms]
2025-02-02 21:47:42.843 [info] > git ls-files --stage -- /home/iujeong/.gitignore [1ms]
2025-02-02 21:47:42.845 [info] > git cat-file -s d28b9046e375a46e0619a1556c2896da60349329 [0ms]
2025-02-02 21:47:42.888 [info] > git blame --root --incremental 56a879456ca309935062107dcedad78d3bcd438b -- /home/iujeong/.gitignore [6ms]
2025-02-02 21:47:47.944 [info] > git check-ignore -v -z --stdin [1ms]
2025-02-02 21:47:48.859 [info] > git check-ignore -v -z --stdin [1ms]
2025-02-02 21:47:49.934 [info] > git check-ignore -v -z --stdin [1ms]
2025-02-02 21:48:48.809 [info] > git show --textconv :calculator/main.py [2ms]
2025-02-02 21:48:48.809 [info] > git ls-files --stage -- /home/iujeong/calculator/main.py [1ms]
2025-02-02 21:48:48.811 [info] > git cat-file -s 1bb806eebe415ed5c36414b572cfb9cebd8cb9ed [1ms]
2025-02-02 21:50:29.897 [info] > git show --textconv :.gitignore [2ms]
2025-02-02 21:50:29.898 [info] > git ls-files --stage -- /home/iujeong/.gitignore [1ms]
2025-02-02 21:50:29.900 [info] > git cat-file -s d28b9046e375a46e0619a1556c2896da60349329 [0ms]
2025-02-02 21:50:30.024 [info] > git fetch [477ms]
2025-02-02 21:50:30.028 [info] > git config --get commit.template [2ms]
2025-02-02 21:50:30.029 [info] > git for-each-ref --format=%(refname)%00%(upstream:short)%00%(objectname)%00%(upstream:track)%00%(upstream:remotename)%00%(upstream:remoteref) refs/heads/iujeong refs/remotes/iujeong [1ms]
2025-02-02 21:50:30.033 [info] > git for-each-ref --sort -committerdate --format %(refname) %(objectname) %(*objectname) [1ms]
2025-02-02 21:50:30.092 [info] > git status -z -uall [61ms] (cancelled)
2025-02-02 21:50:31.801 [info] > git show --textconv :.gitconfig [2ms]
2025-02-02 21:50:31.802 [info] > git ls-files --stage -- /home/iujeong/.gitconfig [1ms]
2025-02-02 21:50:31.805 [info] > git cat-file -s 9e91bf500a38ea916208822657eef3c77104d9c1 [1ms]
2025-02-02 21:50:33.325 [info] > git show --textconv :calculator/main.py [2ms]
2025-02-02 21:50:33.326 [info] > git ls-files --stage -- /home/iujeong/calculator/main.py [1ms]
2025-02-02 21:50:33.329 [info] > git cat-file -s 1bb806eebe415ed5c36414b572cfb9cebd8cb9ed [1ms]
2025-02-02 21:50:35.499 [info] > git check-ignore -v -z --stdin [1ms]
2025-02-02 21:50:53.000 [info] > git ls-files --stage -- /home/iujeong/calculator/main.py [1ms]
2025-02-02 21:50:53.002 [info] > git cat-file -s 1bb806eebe415ed5c36414b572cfb9cebd8cb9ed [1ms]
2025-02-02 21:50:53.052 [info] > git show --textconv :calculator/main.py [2ms]
2025-02-02 21:53:26.662 [info] > git ls-files --stage -- /home/iujeong/calculator/main.py [1ms]
2025-02-02 21:53:26.664 [info] > git cat-file -s 1bb806eebe415ed5c36414b572cfb9cebd8cb9ed [0ms]
2025-02-02 21:53:26.697 [info] > git show --textconv :calculator/main.py [1ms]
2025-02-02 21:53:30.565 [info] > git fetch [471ms]
2025-02-02 21:53:30.569 [info] > git config --get commit.template [2ms]
2025-02-02 21:53:30.569 [info] > git for-each-ref --format=%(refname)%00%(upstream:short)%00%(objectname)%00%(upstream:track)%00%(upstream:remotename)%00%(upstream:remoteref) refs/heads/iujeong refs/remotes/iujeong [0ms]
2025-02-02 21:53:30.574 [info] > git for-each-ref --sort -committerdate --format %(refname) %(objectname) %(*objectname) [1ms]
2025-02-02 21:53:30.633 [info] > git status -z -uall [62ms] (cancelled)
2025-02-02 21:53:32.352 [info] > git ls-files --stage -- /home/iujeong/calculator/main.py [0ms]
2025-02-02 21:53:32.355 [info] > git cat-file -s 1bb806eebe415ed5c36414b572cfb9cebd8cb9ed [1ms]
2025-02-02 21:53:32.387 [info] > git show --textconv :calculator/main.py [1ms]
2025-02-02 21:54:22.825 [info] > git ls-files --stage -- /home/iujeong/calculator/main.py [2ms]
2025-02-02 21:54:22.828 [info] > git cat-file -s 1bb806eebe415ed5c36414b572cfb9cebd8cb9ed [1ms]
2025-02-02 21:54:22.860 [info] > git show --textconv :calculator/main.py [3ms]
2025-02-02 21:54:24.280 [info] > git ls-files --stage -- /home/iujeong/calculator/main.py [12ms]
2025-02-02 21:54:24.282 [info] > git cat-file -s 1bb806eebe415ed5c36414b572cfb9cebd8cb9ed [1ms]
2025-02-02 21:54:24.416 [info] > git show --textconv :calculator/main.py [11ms]
2025-02-02 21:54:30.303 [info] > git ls-files --stage -- /home/iujeong/calculator/main.py [1ms]
2025-02-02 21:54:30.305 [info] > git cat-file -s 1bb806eebe415ed5c36414b572cfb9cebd8cb9ed [1ms]
2025-02-02 21:54:30.336 [info] > git show --textconv :calculator/main.py [1ms]
2025-02-02 21:54:36.485 [info] > git config --get commit.template [2ms]
2025-02-02 21:54:36.485 [info] > git for-each-ref --format=%(refname)%00%(upstream:short)%00%(objectname)%00%(upstream:track)%00%(upstream:remotename)%00%(upstream:remoteref) refs/heads/iujeong refs/remotes/iujeong [1ms]
2025-02-02 21:54:36.490 [info] > git for-each-ref --sort -committerdate --format %(refname) %(objectname) %(*objectname) [1ms]
2025-02-02 21:54:36.742 [info] > git status -z -uall [255ms] (cancelled)
2025-02-02 21:54:37.810 [info] > git ls-files --stage -- /home/iujeong/calculator/main.py [1ms]
2025-02-02 21:54:37.813 [info] > git cat-file -s 1bb806eebe415ed5c36414b572cfb9cebd8cb9ed [1ms]
2025-02-02 21:54:37.830 [info] > git show --textconv :calculator/main.py [1ms]
2025-02-02 21:54:43.061 [info] > git ls-files --stage -- /home/iujeong/calculator/main.py [0ms]
2025-02-02 21:54:43.064 [info] > git cat-file -s 1bb806eebe415ed5c36414b572cfb9cebd8cb9ed [0ms]
2025-02-02 21:54:43.083 [info] > git show --textconv :calculator/main.py [1ms]
2025-02-02 21:55:57.264 [info] > git ls-files --stage -- /home/iujeong/calculator/main.py [3ms]
2025-02-02 21:55:57.266 [info] > git cat-file -s 1bb806eebe415ed5c36414b572cfb9cebd8cb9ed [1ms]
2025-02-02 21:55:57.302 [info] > git show --textconv :calculator/main.py [2ms]
2025-02-02 21:55:58.856 [info] > git ls-files --stage -- /home/iujeong/calculator/main.py [1ms]
2025-02-02 21:55:58.856 [info] fatal: bad config line 3 in file /home/iujeong/.gitconfig
2025-02-02 21:55:58.900 [info] > git show --textconv :calculator/main.py [0ms]
2025-02-02 21:56:01.318 [info] > git ls-files --stage -- /home/iujeong/calculator/main.py [1ms]
2025-02-02 21:56:01.318 [info] fatal: bad config line 3 in file /home/iujeong/.gitconfig
2025-02-02 21:56:01.335 [info] > git show --textconv :calculator/main.py [0ms]
2025-02-02 21:56:50.603 [info] > git fetch [0ms]
2025-02-02 21:56:50.603 [info] fatal: bad config line 3 in file /home/iujeong/.gitconfig
2025-02-02 21:56:50.606 [info] > git for-each-ref --format=%(refname)%00%(upstream:short)%00%(objectname)%00%(upstream:track)%00%(upstream:remotename)%00%(upstream:remoteref) refs/heads/iujeong refs/remotes/iujeong [0ms]
2025-02-02 21:56:50.606 [info] fatal: bad config line 3 in file /home/iujeong/.gitconfig
2025-02-02 21:56:50.609 [info] > git status -z -uall [2ms]
2025-02-02 21:56:50.609 [info] > git for-each-ref --sort -committerdate --format %(refname) %(objectname) %(*objectname) [0ms]
2025-02-02 21:56:50.609 [info] fatal: bad config line 3 in file /home/iujeong/.gitconfig
2025-02-02 21:56:50.924 [info] > git show --textconv :.gitconfig [2ms]
2025-02-02 21:56:50.924 [info] > git ls-files --stage -- /home/iujeong/.gitconfig [0ms]
2025-02-02 21:56:50.924 [info] fatal: bad config line 3 in file /home/iujeong/.gitconfig
2025-02-02 21:57:52.105 [info] > git show --textconv :calculator/main.py [2ms]
2025-02-02 21:57:52.107 [info] > git ls-files --stage -- /home/iujeong/calculator/main.py [3ms]
2025-02-02 21:57:52.108 [info] > git cat-file -s 1bb806eebe415ed5c36414b572cfb9cebd8cb9ed [0ms]
2025-02-02 21:58:21.201 [info] > git ls-files --stage -- /home/iujeong/calculator/main.py [2ms]
2025-02-02 21:58:21.203 [info] > git cat-file -s 1bb806eebe415ed5c36414b572cfb9cebd8cb9ed [0ms]
2025-02-02 21:58:21.334 [info] > git show --textconv :calculator/main.py [2ms]
2025-02-02 21:58:31.046 [info] > git for-each-ref --format=%(refname)%00%(upstream:short)%00%(objectname)%00%(upstream:track)%00%(upstream:remotename)%00%(upstream:remoteref) refs/heads/iujeong refs/remotes/iujeong [1ms]
2025-02-02 21:58:31.051 [info] > git for-each-ref --sort -committerdate --format %(refname) %(objectname) %(*objectname) [1ms]
2025-02-02 21:58:31.056 [info] > git status -z -uall [8ms]
2025-02-02 21:58:31.074 [info] > git merge-base refs/heads/iujeong refs/remotes/YiPhoebe/iujeong [1ms]
2025-02-02 21:58:32.219 [info] > git for-each-ref --format=%(refname)%00%(upstream:short)%00%(objectname)%00%(upstream:track)%00%(upstream:remotename)%00%(upstream:remoteref) refs/heads/iujeong refs/remotes/iujeong [1ms]
2025-02-02 21:58:32.224 [info] > git for-each-ref --sort -committerdate --format %(refname) %(objectname) %(*objectname) [1ms]
2025-02-02 21:58:32.229 [info] > git status -z -uall [8ms]
2025-02-02 21:58:32.464 [info] > git ls-files --stage -- /home/iujeong/calculator/main.py [2ms]
2025-02-02 21:58:32.466 [info] > git cat-file -s 1bb806eebe415ed5c36414b572cfb9cebd8cb9ed [0ms]
2025-02-02 21:58:32.490 [info] > git show --textconv :calculator/main.py [2ms]
2025-02-02 21:58:49.611 [info] > git for-each-ref --format=%(refname)%00%(upstream:short)%00%(objectname)%00%(upstream:track)%00%(upstream:remotename)%00%(upstream:remoteref) refs/heads/iujeong refs/remotes/iujeong [1ms]
2025-02-02 21:58:49.615 [info] > git for-each-ref --sort -committerdate --format %(refname) %(objectname) %(*objectname) [1ms]
2025-02-02 21:58:49.620 [info] > git status -z -uall [7ms]
2025-02-02 21:58:57.108 [info] > git check-ignore -v -z --stdin [5ms]
2025-02-02 21:58:57.994 [info] > git -c user.useConfigOnly=true commit --quiet --allow-empty-message --file - [42ms]
2025-02-02 21:58:57.996 [info] > git config --get commit.template [0ms]
2025-02-02 21:58:57.999 [info] > git config --get commit.template [1ms]
2025-02-02 21:58:58.002 [info] > git for-each-ref --format=%(refname)%00%(upstream:short)%00%(objectname)%00%(upstream:track)%00%(upstream:remotename)%00%(upstream:remoteref) refs/heads/iujeong refs/remotes/iujeong [2ms]
2025-02-02 21:58:58.006 [info] > git for-each-ref --sort -committerdate --format %(refname) %(objectname) %(*objectname) [1ms]
2025-02-02 21:58:58.011 [info] > git status -z -uall [8ms]
2025-02-02 21:58:58.017 [info] > git merge-base refs/heads/iujeong refs/remotes/YiPhoebe/iujeong [1ms]
2025-02-02 21:58:58.018 [info] > git blame --root --incremental b79ede8f13f2db9cafe9d861a97795089fc8468b -- /home/iujeong/calculator/main.py [4ms]
2025-02-02 21:58:58.019 [info] > git diff --name-status -z --diff-filter=ADMR 9945ba59dc30692dc6a6f7d44cfe6c0e6d4123cd...refs/remotes/YiPhoebe/iujeong [1ms]
2025-02-02 21:58:58.069 [info] > git config --get commit.template [1ms]
2025-02-02 21:58:58.071 [info] > git for-each-ref --format=%(refname)%00%(upstream:short)%00%(objectname)%00%(upstream:track)%00%(upstream:remotename)%00%(upstream:remoteref) refs/heads/iujeong refs/remotes/iujeong [1ms]
2025-02-02 21:58:58.075 [info] > git for-each-ref --sort -committerdate --format %(refname) %(objectname) %(*objectname) [1ms]
2025-02-02 21:58:58.079 [info] > git status -z -uall [6ms]
2025-02-02 21:58:59.315 [info] > git config --get commit.template [1ms]
2025-02-02 21:58:59.316 [info] > git for-each-ref --format=%(refname)%00%(upstream:short)%00%(objectname)%00%(upstream:track)%00%(upstream:remotename)%00%(upstream:remoteref) refs/heads/iujeong refs/remotes/iujeong [1ms]
2025-02-02 21:58:59.320 [info] > git for-each-ref --sort -committerdate --format %(refname) %(objectname) %(*objectname) [1ms]
2025-02-02 21:58:59.325 [info] > git status -z -uall [7ms]
2025-02-02 21:58:59.433 [info] > git ls-files --stage -- /home/iujeong/calculator/main.py [2ms]
2025-02-02 21:58:59.435 [info] > git cat-file -s 1bb806eebe415ed5c36414b572cfb9cebd8cb9ed [1ms]
2025-02-02 21:58:59.478 [info] > git show --textconv :calculator/main.py [3ms]
2025-02-02 21:59:10.841 [info] > git config --get commit.template [2ms]
2025-02-02 21:59:10.842 [info] > git for-each-ref --format=%(refname)%00%(upstream:short)%00%(objectname)%00%(upstream:track)%00%(upstream:remotename)%00%(upstream:remoteref) refs/heads/iujeong refs/remotes/iujeong [2ms]
2025-02-02 21:59:10.846 [info] > git for-each-ref --sort -committerdate --format %(refname) %(objectname) %(*objectname) [1ms]
2025-02-02 21:59:10.849 [info] > git status -z -uall [6ms]
2025-02-02 21:59:11.985 [info] > git config --get commit.template [2ms]
2025-02-02 21:59:11.986 [info] > git for-each-ref --format=%(refname)%00%(upstream:short)%00%(objectname)%00%(upstream:track)%00%(upstream:remotename)%00%(upstream:remoteref) refs/heads/iujeong refs/remotes/iujeong [1ms]
2025-02-02 21:59:11.992 [info] > git for-each-ref --sort -committerdate --format %(refname) %(objectname) %(*objectname) [1ms]
2025-02-02 21:59:11.997 [info] > git status -z -uall [8ms]
2025-02-02 21:59:12.108 [info] > git ls-files --stage -- /home/iujeong/calculator/main.py [2ms]
2025-02-02 21:59:12.111 [info] > git cat-file -s 1bb806eebe415ed5c36414b572cfb9cebd8cb9ed [1ms]
2025-02-02 21:59:12.165 [info] > git show --textconv :calculator/main.py [2ms]
2025-02-02 21:59:18.951 [info] > git config --get commit.template [3ms]
2025-02-02 21:59:18.952 [info] > git for-each-ref --format=%(refname)%00%(upstream:short)%00%(objectname)%00%(upstream:track)%00%(upstream:remotename)%00%(upstream:remoteref) refs/heads/iujeong refs/remotes/iujeong [1ms]
2025-02-02 21:59:18.956 [info] > git for-each-ref --sort -committerdate --format %(refname) %(objectname) %(*objectname) [1ms]
2025-02-02 21:59:18.962 [info] > git status -z -uall [8ms]
2025-02-02 22:02:05.903 [info] > git fetch [483ms]
2025-02-02 22:02:05.907 [info] > git config --get commit.template [1ms]
2025-02-02 22:02:05.908 [info] > git for-each-ref --format=%(refname)%00%(upstream:short)%00%(objectname)%00%(upstream:track)%00%(upstream:remotename)%00%(upstream:remoteref) refs/heads/iujeong refs/remotes/iujeong [1ms]
2025-02-02 22:02:05.912 [info] > git for-each-ref --sort -committerdate --format %(refname) %(objectname) %(*objectname) [1ms]
2025-02-02 22:02:05.916 [info] > git status -z -uall [6ms]
2025-02-02 22:02:07.072 [info] > git config --get commit.template [2ms]
2025-02-02 22:02:07.072 [info] > git for-each-ref --format=%(refname)%00%(upstream:short)%00%(objectname)%00%(upstream:track)%00%(upstream:remotename)%00%(upstream:remoteref) refs/heads/iujeong refs/remotes/iujeong [1ms]
2025-02-02 22:02:07.076 [info] > git for-each-ref --sort -committerdate --format %(refname) %(objectname) %(*objectname) [1ms]
2025-02-02 22:02:07.081 [info] > git status -z -uall [7ms]
2025-02-02 22:02:07.224 [info] > git ls-files --stage -- /home/iujeong/calculator/main.py [3ms]
2025-02-02 22:02:07.226 [info] > git cat-file -s 1bb806eebe415ed5c36414b572cfb9cebd8cb9ed [1ms]
2025-02-02 22:02:07.281 [info] > git show --textconv :calculator/main.py [2ms]
2025-02-02 22:02:24.627 [info] > git show --textconv :calculator/__init__.py [3ms]
2025-02-02 22:02:24.627 [info] > git ls-files --stage -- /home/iujeong/calculator/__init__.py [2ms]
2025-02-02 22:02:24.629 [info] > git cat-file -s 5653841b11433eb29c3998ac11ce7d952f475675 [1ms]
2025-02-02 22:02:24.685 [info] > git blame --root --incremental b79ede8f13f2db9cafe9d861a97795089fc8468b -- /home/iujeong/calculator/__init__.py [2ms]
2025-02-02 22:02:25.522 [info] > git config --get commit.template [3ms]
2025-02-02 22:02:25.523 [info] > git for-each-ref --format=%(refname)%00%(upstream:short)%00%(objectname)%00%(upstream:track)%00%(upstream:remotename)%00%(upstream:remoteref) refs/heads/iujeong refs/remotes/iujeong [2ms]
2025-02-02 22:02:25.527 [info] > git for-each-ref --sort -committerdate --format %(refname) %(objectname) %(*objectname) [1ms]
2025-02-02 22:02:25.532 [info] > git status -z -uall [7ms]
2025-02-02 22:04:08.557 [info] > git config --get commit.template [2ms]
2025-02-02 22:04:08.558 [info] > git for-each-ref --format=%(refname)%00%(upstream:short)%00%(objectname)%00%(upstream:track)%00%(upstream:remotename)%00%(upstream:remoteref) refs/heads/iujeong refs/remotes/iujeong [1ms]
2025-02-02 22:04:08.562 [info] > git for-each-ref --sort -committerdate --format %(refname) %(objectname) %(*objectname) [1ms]
2025-02-02 22:04:08.563 [info] > git status -z -uall [3ms]
2025-02-02 22:04:08.566 [info] > git blame --root --incremental 32a75beb280aed93de3cedf716567098e6be43d5 -- /home/iujeong/calculator/__init__.py [1ms]
2025-02-02 22:04:08.567 [info] > git merge-base refs/heads/iujeong refs/remotes/YiPhoebe/iujeong [1ms]
2025-02-02 22:04:08.569 [info] > git diff --name-status -z --diff-filter=ADMR 9945ba59dc30692dc6a6f7d44cfe6c0e6d4123cd...refs/remotes/YiPhoebe/iujeong [1ms]
2025-02-02 22:04:08.831 [info] > git ls-files --stage -- /home/iujeong/calculator/__init__.py [1ms]
2025-02-02 22:04:08.833 [info] > git cat-file -s 5653841b11433eb29c3998ac11ce7d952f475675 [1ms]
2025-02-02 22:04:08.853 [info] > git show --textconv :calculator/__init__.py [1ms]
2025-02-02 22:04:31.112 [info] > git show --textconv :.gitignore [1ms]
2025-02-02 22:04:31.113 [info] > git ls-files --stage -- /home/iujeong/.gitignore [1ms]
2025-02-02 22:04:31.115 [info] > git cat-file -s 89bfb439884cce11fbe648eb8ca7cd33fbc7a5ed [1ms]
2025-02-02 22:04:31.151 [info] > git blame --root --incremental 32a75beb280aed93de3cedf716567098e6be43d5 -- /home/iujeong/.gitignore [8ms]
2025-02-02 22:04:32.007 [info] > git config --get commit.template [2ms]
2025-02-02 22:04:32.008 [info] > git for-each-ref --format=%(refname)%00%(upstream:short)%00%(objectname)%00%(upstream:track)%00%(upstream:remotename)%00%(upstream:remoteref) refs/heads/iujeong refs/remotes/iujeong [1ms]
2025-02-02 22:04:32.012 [info] > git status -z -uall [2ms]
2025-02-02 22:04:32.012 [info] > git for-each-ref --sort -committerdate --format %(refname) %(objectname) %(*objectname) [1ms]
2025-02-02 22:04:40.732 [info] > git check-ignore -v -z --stdin [1ms]
2025-02-02 22:04:41.250 [info] > git check-ignore -v -z --stdin [1ms]
2025-02-02 22:04:49.535 [info] > git config --get commit.template [1ms]
2025-02-02 22:04:49.536 [info] > git for-each-ref --format=%(refname)%00%(upstream:short)%00%(objectname)%00%(upstream:track)%00%(upstream:remotename)%00%(upstream:remoteref) refs/heads/iujeong refs/remotes/iujeong [1ms]
2025-02-02 22:04:49.540 [info] > git for-each-ref --sort -committerdate --format %(refname) %(objectname) %(*objectname) [1ms]
2025-02-02 22:04:49.541 [info] > git status -z -uall [3ms]
2025-02-02 22:04:50.769 [info] > git config --get commit.template [1ms]
2025-02-02 22:04:50.770 [info] > git for-each-ref --format=%(refname)%00%(upstream:short)%00%(objectname)%00%(upstream:track)%00%(upstream:remotename)%00%(upstream:remoteref) refs/heads/iujeong refs/remotes/iujeong [1ms]
2025-02-02 22:04:50.773 [info] > git for-each-ref --sort -committerdate --format %(refname) %(objectname) %(*objectname) [1ms]
2025-02-02 22:04:50.774 [info] > git status -z -uall [3ms]
2025-02-02 22:04:50.778 [info] > git merge-base refs/heads/iujeong refs/remotes/YiPhoebe/iujeong [1ms]
2025-02-02 22:04:50.780 [info] > git diff --name-status -z --diff-filter=ADMR 9945ba59dc30692dc6a6f7d44cfe6c0e6d4123cd...refs/remotes/YiPhoebe/iujeong [1ms]
2025-02-02 22:04:50.784 [info] > git blame --root --incremental da8ad49076556252956e079343d0692198944362 -- /home/iujeong/.gitignore [8ms]
2025-02-02 22:04:52.081 [info] > git ls-files --stage -- /home/iujeong/.gitignore [1ms]
2025-02-02 22:04:52.082 [info] > git cat-file -s f9c55f588d174c083d34a67db8b9a5b5ec37032f [0ms]
2025-02-02 22:04:52.116 [info] > git show --textconv :.gitignore [1ms]
2025-02-02 22:05:05.072 [info] > git config --get commit.template [2ms]
2025-02-02 22:05:05.073 [info] > git for-each-ref --format=%(refname)%00%(upstream:short)%00%(objectname)%00%(upstream:track)%00%(upstream:remotename)%00%(upstream:remoteref) refs/heads/iujeong refs/remotes/iujeong [2ms]
2025-02-02 22:05:05.077 [info] > git for-each-ref --sort -committerdate --format %(refname) %(objectname) %(*objectname) [1ms]
2025-02-02 22:05:05.078 [info] > git status -z -uall [4ms]
2025-02-02 22:05:06.402 [info] > git fetch [483ms]
2025-02-02 22:05:06.406 [info] > git config --get commit.template [2ms]
2025-02-02 22:05:06.407 [info] > git for-each-ref --format=%(refname)%00%(upstream:short)%00%(objectname)%00%(upstream:track)%00%(upstream:remotename)%00%(upstream:remoteref) refs/heads/iujeong refs/remotes/iujeong [1ms]
2025-02-02 22:05:06.411 [info] > git for-each-ref --sort -committerdate --format %(refname) %(objectname) %(*objectname) [1ms]
2025-02-02 22:05:06.412 [info] > git status -z -uall [3ms]
2025-02-02 22:05:07.733 [info] > git ls-files --stage -- /home/iujeong/.gitignore [1ms]
2025-02-02 22:05:07.735 [info] > git cat-file -s f9c55f588d174c083d34a67db8b9a5b5ec37032f [0ms]
2025-02-02 22:05:07.772 [info] > git show --textconv :.gitignore [0ms]
2025-02-02 22:05:10.083 [info] > git config --get commit.template [2ms]
2025-02-02 22:05:10.084 [info] > git for-each-ref --format=%(refname)%00%(upstream:short)%00%(objectname)%00%(upstream:track)%00%(upstream:remotename)%00%(upstream:remoteref) refs/heads/iujeong refs/remotes/iujeong [1ms]
2025-02-02 22:05:10.088 [info] > git for-each-ref --sort -committerdate --format %(refname) %(objectname) %(*objectname) [1ms]
2025-02-02 22:05:10.089 [info] > git status -z -uall [3ms]
2025-02-02 22:05:46.403 [info] > git config --get commit.template [2ms]
2025-02-02 22:05:46.404 [info] > git for-each-ref --format=%(refname)%00%(upstream:short)%00%(objectname)%00%(upstream:track)%00%(upstream:remotename)%00%(upstream:remoteref) refs/heads/iujeong refs/remotes/iujeong [1ms]
2025-02-02 22:05:46.408 [info] > git for-each-ref --sort -committerdate --format %(refname) %(objectname) %(*objectname) [1ms]
2025-02-02 22:05:46.408 [info] > git status -z -uall [3ms]
2025-02-02 22:05:54.826 [info] > git show --textconv :.git-credentials [2ms]
2025-02-02 22:05:54.826 [info] > git ls-files --stage -- /home/iujeong/.git-credentials [0ms]
2025-02-02 22:05:54.829 [info] > git cat-file -s 9c80c27331867f09bbe1814fd264f084ac697051 [1ms]
2025-02-02 22:05:55.247 [info] > git blame --root --incremental da8ad49076556252956e079343d0692198944362 -- /home/iujeong/.git-credentials [1ms]
2025-02-02 22:05:56.751 [info] > git config --get commit.template [2ms]
2025-02-02 22:05:56.752 [info] > git for-each-ref --format=%(refname)%00%(upstream:short)%00%(objectname)%00%(upstream:track)%00%(upstream:remotename)%00%(upstream:remoteref) refs/heads/iujeong refs/remotes/iujeong [1ms]
2025-02-02 22:05:56.756 [info] > git for-each-ref --sort -committerdate --format %(refname) %(objectname) %(*objectname) [1ms]
2025-02-02 22:05:56.757 [info] > git status -z -uall [3ms]
2025-02-02 22:06:09.527 [info] > git config --get commit.template [2ms]
2025-02-02 22:06:09.528 [info] > git for-each-ref --format=%(refname)%00%(upstream:short)%00%(objectname)%00%(upstream:track)%00%(upstream:remotename)%00%(upstream:remoteref) refs/heads/iujeong refs/remotes/iujeong [1ms]
2025-02-02 22:06:09.532 [info] > git for-each-ref --sort -committerdate --format %(refname) %(objectname) %(*objectname) [1ms]
2025-02-02 22:06:09.532 [info] > git status -z -uall [3ms]
2025-02-02 22:06:27.026 [info] > git show --textconv :.git-credentials [2ms]
2025-02-02 22:06:27.027 [info] > git ls-files --stage -- /home/iujeong/.git-credentials [1ms]
2025-02-02 22:06:27.028 [info] > git cat-file -s 9c80c27331867f09bbe1814fd264f084ac697051 [0ms]
2025-02-02 22:06:28.064 [info] > git config --get commit.template [2ms]
2025-02-02 22:06:28.065 [info] > git for-each-ref --format=%(refname)%00%(upstream:short)%00%(objectname)%00%(upstream:track)%00%(upstream:remotename)%00%(upstream:remoteref) refs/heads/iujeong refs/remotes/iujeong [1ms]
2025-02-02 22:06:28.069 [info] > git for-each-ref --sort -committerdate --format %(refname) %(objectname) %(*objectname) [1ms]
2025-02-02 22:06:28.070 [info] > git status -z -uall [4ms]
2025-02-02 22:06:30.008 [info] > git show --textconv :.gitignore [2ms]
2025-02-02 22:06:30.008 [info] > git ls-files --stage -- /home/iujeong/.gitignore [0ms]
2025-02-02 22:06:30.010 [info] > git cat-file -s f9c55f588d174c083d34a67db8b9a5b5ec37032f [0ms]
2025-02-02 22:06:31.379 [info] > git show --textconv :calculator/main.py [1ms]
2025-02-02 22:06:31.380 [info] > git ls-files --stage -- /home/iujeong/calculator/main.py [1ms]
2025-02-02 22:06:31.382 [info] > git cat-file -s 1bb806eebe415ed5c36414b572cfb9cebd8cb9ed [1ms]
2025-02-02 22:06:31.424 [info] > git blame --root --incremental da8ad49076556252956e079343d0692198944362 -- /home/iujeong/calculator/main.py [2ms]
2025-02-02 22:07:08.343 [info] > git config --get commit.template [2ms]
2025-02-02 22:07:08.344 [info] > git for-each-ref --format=%(refname)%00%(upstream:short)%00%(objectname)%00%(upstream:track)%00%(upstream:remotename)%00%(upstream:remoteref) refs/heads/iujeong refs/remotes/iujeong [1ms]
2025-02-02 22:07:08.348 [info] > git for-each-ref --sort -committerdate --format %(refname) %(objectname) %(*objectname) [1ms]
2025-02-02 22:07:08.349 [info] > git status -z -uall [3ms]
2025-02-02 22:07:09.520 [info] > git config --get commit.template [1ms]
2025-02-02 22:07:09.521 [info] > git for-each-ref --format=%(refname)%00%(upstream:short)%00%(objectname)%00%(upstream:track)%00%(upstream:remotename)%00%(upstream:remoteref) refs/heads/iujeong refs/remotes/iujeong [1ms]
2025-02-02 22:07:09.525 [info] > git for-each-ref --sort -committerdate --format %(refname) %(objectname) %(*objectname) [1ms]
2025-02-02 22:07:09.526 [info] > git status -z -uall [4ms]
2025-02-02 22:07:28.792 [info] > git config --get commit.template [2ms]
2025-02-02 22:07:28.793 [info] > git for-each-ref --format=%(refname)%00%(upstream:short)%00%(objectname)%00%(upstream:track)%00%(upstream:remotename)%00%(upstream:remoteref) refs/heads/iujeong refs/remotes/iujeong [1ms]
2025-02-02 22:07:28.797 [info] > git for-each-ref --sort -committerdate --format %(refname) %(objectname) %(*objectname) [1ms]
2025-02-02 22:07:28.798 [info] > git status -z -uall [3ms]
2025-02-02 22:07:48.732 [info] > git config --get commit.template [1ms]
2025-02-02 22:07:48.734 [info] > git for-each-ref --format=%(refname)%00%(upstream:short)%00%(objectname)%00%(upstream:track)%00%(upstream:remotename)%00%(upstream:remoteref) refs/heads/iujeong refs/remotes/iujeong [1ms]
2025-02-02 22:07:48.738 [info] > git for-each-ref --sort -committerdate --format %(refname) %(objectname) %(*objectname) [1ms]
2025-02-02 22:07:48.738 [info] > git status -z -uall [2ms]
2025-02-02 22:07:48.802 [info] > git check-ignore -v -z --stdin [0ms]
2025-02-02 22:08:04.692 [info] > git config --get commit.template [2ms]
2025-02-02 22:08:04.693 [info] > git for-each-ref --format=%(refname)%00%(upstream:short)%00%(objectname)%00%(upstream:track)%00%(upstream:remotename)%00%(upstream:remoteref) refs/heads/iujeong refs/remotes/iujeong [1ms]
2025-02-02 22:08:04.697 [info] > git for-each-ref --sort -committerdate --format %(refname) %(objectname) %(*objectname) [1ms]
2025-02-02 22:08:04.698 [info] > git status -z -uall [4ms]
2025-02-02 22:08:04.734 [info] > git check-ignore -v -z --stdin [0ms]
2025-02-02 22:08:06.892 [info] > git fetch [477ms]
2025-02-02 22:08:06.895 [info] > git config --get commit.template [1ms]
2025-02-02 22:08:06.897 [info] > git for-each-ref --format=%(refname)%00%(upstream:short)%00%(objectname)%00%(upstream:track)%00%(upstream:remotename)%00%(upstream:remoteref) refs/heads/iujeong refs/remotes/iujeong [2ms]
2025-02-02 22:08:06.900 [info] > git status -z -uall [2ms]
2025-02-02 22:08:06.900 [info] > git for-each-ref --sort -committerdate --format %(refname) %(objectname) %(*objectname) [1ms]
2025-02-02 22:08:09.704 [info] > git config --get commit.template [2ms]
2025-02-02 22:08:09.705 [info] > git for-each-ref --format=%(refname)%00%(upstream:short)%00%(objectname)%00%(upstream:track)%00%(upstream:remotename)%00%(upstream:remoteref) refs/heads/iujeong refs/remotes/iujeong [1ms]
2025-02-02 22:08:09.709 [info] > git for-each-ref --sort -committerdate --format %(refname) %(objectname) %(*objectname) [1ms]
2025-02-02 22:08:09.711 [info] > git status -z -uall [4ms]
2025-02-02 22:08:21.134 [info] > git show --textconv :your-file.json [30ms]
2025-02-02 22:08:21.134 [info] > git ls-files --stage -- /home/iujeong/your-file.json [28ms]
2025-02-02 22:08:22.778 [info] > git show --textconv :.git-credentials [4ms]
2025-02-02 22:08:22.778 [info] > git show --textconv HEAD:.git-credentials [2ms]
2025-02-02 22:08:22.779 [info] > git ls-files --stage -- /home/iujeong/.git-credentials [2ms]
2025-02-02 22:08:22.780 [info] > git ls-tree -l HEAD -- /home/iujeong/.git-credentials [2ms]
2025-02-02 22:08:22.780 [info] > git cat-file -s 799a9c24ff80950a17947c094943f8c35b54d71c [0ms]
2025-02-02 22:08:33.158 [info] > git check-ignore -v -z --stdin [1ms]
