2025-02-02 17:45:53.513 [info] [main] 로그 수준: Info
2025-02-02 17:45:53.513 [info] [main] "git"에서 찾은 git 유효성을 검사하는 중
2025-02-02 17:45:53.513 [info] [main] "2.43.0"에서 git "git"을(를) 사용하는 중
2025-02-02 17:45:53.513 [info] [Model][doInitialScan] Initial repository scan started
2025-02-02 17:45:53.513 [info] > git rev-parse --show-toplevel [1ms]
2025-02-02 17:45:53.513 [info] > git rev-parse --git-dir --git-common-dir [0ms]
2025-02-02 17:45:53.513 [info] [Model][openRepository] Opened repository: /home/iujeong
2025-02-02 17:45:53.513 [info] > git config --get commit.template [3ms]
2025-02-02 17:45:53.513 [info] > git rev-parse --show-toplevel [1ms]
2025-02-02 17:45:53.513 [info] > git for-each-ref --format=%(refname)%00%(upstream:short)%00%(objectname)%00%(upstream:track)%00%(upstream:remotename)%00%(upstream:remoteref) refs/heads/iujeong refs/remotes/iujeong [2ms]
2025-02-02 17:45:53.513 [info] > git rev-parse --show-toplevel [3ms]
2025-02-02 17:45:53.513 [info] > git for-each-ref --sort -committerdate --format %(refname) %(objectname) %(*objectname) [5ms]
2025-02-02 17:45:53.513 [info] > git rev-parse --show-toplevel [5ms]
2025-02-02 17:45:53.513 [info] > git rev-parse --show-toplevel [1ms]
2025-02-02 17:45:53.513 [info] > git rev-parse --show-toplevel [0ms]
2025-02-02 17:45:53.515 [info] > git rev-parse --show-toplevel [0ms]
2025-02-02 17:45:53.517 [info] > git status -z -uall [17ms]
2025-02-02 17:45:53.527 [info] > git for-each-ref --format=%(refname)%00%(upstream:short)%00%(objectname)%00%(upstream:track)%00%(upstream:remotename)%00%(upstream:remoteref) refs/heads/iujeong refs/remotes/iujeong [4ms]
2025-02-02 17:45:53.528 [info] > git rev-parse --show-toplevel [12ms]
2025-02-02 17:45:53.529 [info] > git config --get commit.template [2ms]
2025-02-02 17:45:53.529 [info] > git config --local branch.iujeong.vscode-merge-base [1ms]
2025-02-02 17:45:53.530 [warning] [Git][config] git config failed: Failed to execute git
2025-02-02 17:45:53.532 [info] > git rev-parse --show-toplevel [3ms]
2025-02-02 17:45:53.532 [info] > git reflog iujeong --grep-reflog=branch: Created from *. [1ms]
2025-02-02 17:45:53.534 [info] > git for-each-ref --format=%(refname)%00%(upstream:short)%00%(objectname)%00%(upstream:track)%00%(upstream:remotename)%00%(upstream:remoteref) refs/heads/iujeong refs/remotes/iujeong [3ms]
2025-02-02 17:45:53.536 [info] > git rev-parse --show-toplevel [2ms]
2025-02-02 17:45:53.537 [info] > git for-each-ref --sort -committerdate --format %(refname) %(objectname) %(*objectname) [1ms]
2025-02-02 17:45:53.537 [info] > git reflog HEAD --grep-reflog=checkout: moving from .* to iujeong [4ms]
2025-02-02 17:45:53.539 [info] > git rev-parse --show-toplevel [2ms]
2025-02-02 17:45:53.540 [info] > git for-each-ref --format=%(refname)%00%(upstream:short)%00%(objectname)%00%(upstream:track)%00%(upstream:remotename)%00%(upstream:remoteref) refs/heads/new-feature-branch refs/remotes/new-feature-branch [2ms]
2025-02-02 17:45:53.541 [info] > git rev-parse --show-toplevel [1ms]
2025-02-02 17:45:53.647 [info] > git status -z -uall [112ms]
2025-02-02 17:45:53.647 [info] > git symbolic-ref --short refs/remotes/origin/HEAD [106ms]
2025-02-02 17:45:53.648 [info] fatal: ref refs/remotes/origin/HEAD is not a symbolic ref
2025-02-02 17:45:53.648 [warning] [Repository][getDefaultBranch] Failed to get default branch details: Failed to execute git.
2025-02-02 17:45:53.676 [info] > git merge-base refs/heads/iujeong refs/remotes/YiPhoebe/iujeong [27ms]
2025-02-02 17:45:53.683 [info] > git rev-parse --show-toplevel [141ms]
2025-02-02 17:45:53.684 [info] [Model][doInitialScan] Initial repository scan completed - repositories (1), closed repositories (0), parent repositories (0), unsafe repositories (0)
2025-02-02 17:45:53.718 [info] > git merge-base refs/heads/iujeong refs/remotes/YiPhoebe/iujeong [36ms]
2025-02-02 17:45:53.720 [info] > git diff --name-status -z --diff-filter=ADMR 9945ba59dc30692dc6a6f7d44cfe6c0e6d4123cd...refs/remotes/YiPhoebe/iujeong [43ms]
2025-02-02 17:45:53.724 [info] > git diff --name-status -z --diff-filter=ADMR 9945ba59dc30692dc6a6f7d44cfe6c0e6d4123cd...refs/remotes/YiPhoebe/iujeong [4ms]
2025-02-02 17:45:54.049 [info] > git fetch [557ms]
2025-02-02 17:45:54.051 [info] > git check-ignore -v -z --stdin [7ms]
2025-02-02 17:45:54.052 [info] > git config --get commit.template [1ms]
2025-02-02 17:45:54.054 [info] > git for-each-ref --format=%(refname)%00%(upstream:short)%00%(objectname)%00%(upstream:track)%00%(upstream:remotename)%00%(upstream:remoteref) refs/heads/iujeong refs/remotes/iujeong [1ms]
2025-02-02 17:45:54.057 [info] > git for-each-ref --sort -committerdate --format %(refname) %(objectname) %(*objectname) [1ms]
2025-02-02 17:45:54.068 [info] > git status -z -uall [13ms]
2025-02-02 17:46:01.146 [info] > git config --get commit.template [2ms]
2025-02-02 17:46:01.147 [info] > git for-each-ref --format=%(refname)%00%(upstream:short)%00%(objectname)%00%(upstream:track)%00%(upstream:remotename)%00%(upstream:remoteref) refs/heads/iujeong refs/remotes/iujeong [1ms]
2025-02-02 17:46:01.151 [info] > git for-each-ref --sort -committerdate --format %(refname) %(objectname) %(*objectname) [1ms]
2025-02-02 17:46:01.158 [info] > git status -z -uall [10ms]
2025-02-02 17:46:06.165 [info] > git config --get commit.template [2ms]
2025-02-02 17:46:06.166 [info] > git for-each-ref --format=%(refname)%00%(upstream:short)%00%(objectname)%00%(upstream:track)%00%(upstream:remotename)%00%(upstream:remoteref) refs/heads/iujeong refs/remotes/iujeong [0ms]
2025-02-02 17:46:06.170 [info] > git for-each-ref --sort -committerdate --format %(refname) %(objectname) %(*objectname) [1ms]
2025-02-02 17:46:06.177 [info] > git status -z -uall [9ms]
2025-02-02 17:46:11.184 [info] > git config --get commit.template [2ms]
2025-02-02 17:46:11.185 [info] > git for-each-ref --format=%(refname)%00%(upstream:short)%00%(objectname)%00%(upstream:track)%00%(upstream:remotename)%00%(upstream:remoteref) refs/heads/iujeong refs/remotes/iujeong [1ms]
2025-02-02 17:46:11.190 [info] > git for-each-ref --sort -committerdate --format %(refname) %(objectname) %(*objectname) [1ms]
2025-02-02 17:46:11.198 [info] > git status -z -uall [11ms]
2025-02-02 17:46:15.615 [info] > git show --textconv :calculator/main.py [6ms]
2025-02-02 17:46:15.615 [info] > git ls-files --stage -- /home/iujeong/calculator/main.py [4ms]
2025-02-02 17:46:15.716 [info] > git blame --root --incremental 9945ba59dc30692dc6a6f7d44cfe6c0e6d4123cd -- /home/iujeong/calculator/main.py [1ms]
2025-02-02 17:46:15.716 [info] fatal: no such path calculator/main.py in 9945ba59dc30692dc6a6f7d44cfe6c0e6d4123cd
2025-02-02 17:46:16.206 [info] > git config --get commit.template [2ms]
2025-02-02 17:46:16.207 [info] > git for-each-ref --format=%(refname)%00%(upstream:short)%00%(objectname)%00%(upstream:track)%00%(upstream:remotename)%00%(upstream:remoteref) refs/heads/iujeong refs/remotes/iujeong [1ms]
2025-02-02 17:46:16.212 [info] > git for-each-ref --sort -committerdate --format %(refname) %(objectname) %(*objectname) [1ms]
2025-02-02 17:46:16.220 [info] > git status -z -uall [11ms]
2025-02-02 17:46:21.228 [info] > git config --get commit.template [2ms]
2025-02-02 17:46:21.228 [info] > git for-each-ref --format=%(refname)%00%(upstream:short)%00%(objectname)%00%(upstream:track)%00%(upstream:remotename)%00%(upstream:remoteref) refs/heads/iujeong refs/remotes/iujeong [0ms]
2025-02-02 17:46:21.233 [info] > git for-each-ref --sort -committerdate --format %(refname) %(objectname) %(*objectname) [1ms]
2025-02-02 17:46:21.244 [info] > git status -z -uall [13ms]
2025-02-02 17:46:26.253 [info] > git config --get commit.template [2ms]
2025-02-02 17:46:26.254 [info] > git for-each-ref --format=%(refname)%00%(upstream:short)%00%(objectname)%00%(upstream:track)%00%(upstream:remotename)%00%(upstream:remoteref) refs/heads/iujeong refs/remotes/iujeong [1ms]
2025-02-02 17:46:26.259 [info] > git for-each-ref --sort -committerdate --format %(refname) %(objectname) %(*objectname) [1ms]
2025-02-02 17:46:26.264 [info] > git status -z -uall [8ms]
