2025-01-29 19:36:37.023 [info] [main] 로그 수준: Info
2025-01-29 19:36:37.023 [info] [main] "git"에서 찾은 git 유효성을 검사하는 중
2025-01-29 19:36:37.023 [info] [main] "2.43.0"에서 git "git"을(를) 사용하는 중
2025-01-29 19:36:37.023 [info] [Model][doInitialScan] Initial repository scan started
2025-01-29 19:36:37.023 [info] > git rev-parse --show-toplevel [1ms]
2025-01-29 19:36:37.023 [info] > git rev-parse --git-dir --git-common-dir [1ms]
2025-01-29 19:36:37.023 [info] [Model][openRepository] Opened repository: /home/iujeong
2025-01-29 19:36:37.023 [info] > git config --get commit.template [2ms]
2025-01-29 19:36:37.023 [info] > git rev-parse --show-toplevel [1ms]
2025-01-29 19:36:37.023 [info] > git for-each-ref --format=%(refname)%00%(upstream:short)%00%(objectname)%00%(upstream:track)%00%(upstream:remotename)%00%(upstream:remoteref) refs/heads/iujeong refs/remotes/iujeong [2ms]
2025-01-29 19:36:37.023 [info] > git rev-parse --show-toplevel [4ms]
2025-01-29 19:36:37.023 [info] > git for-each-ref --sort -committerdate --format %(refname) %(objectname) %(*objectname) [1ms]
2025-01-29 19:36:37.023 [info] > git rev-parse --show-toplevel [1ms]
2025-01-29 19:36:37.023 [info] > git rev-parse --show-toplevel [1ms]
2025-01-29 19:36:37.023 [info] > git rev-parse --show-toplevel [0ms]
2025-01-29 19:36:37.023 [info] > git status -z -uall [10ms]
2025-01-29 19:36:37.023 [info] > git for-each-ref --format=%(refname)%00%(upstream:short)%00%(objectname)%00%(upstream:track)%00%(upstream:remotename)%00%(upstream:remoteref) refs/heads/iujeong refs/remotes/iujeong [2ms]
2025-01-29 19:36:37.023 [info] > git rev-parse --show-toplevel [8ms]
2025-01-29 19:36:37.023 [info] > git config --get commit.template [2ms]
2025-01-29 19:36:37.023 [info] > git config --local branch.iujeong.vscode-merge-base [2ms]
2025-01-29 19:36:37.023 [warning] [Git][config] git config failed: Failed to execute git
2025-01-29 19:36:37.023 [info] > git rev-parse --show-toplevel [3ms]
2025-01-29 19:36:37.023 [info] > git reflog iujeong --grep-reflog=branch: Created from *. [1ms]
2025-01-29 19:36:37.023 [info] > git for-each-ref --format=%(refname)%00%(upstream:short)%00%(objectname)%00%(upstream:track)%00%(upstream:remotename)%00%(upstream:remoteref) refs/heads/iujeong refs/remotes/iujeong [3ms]
2025-01-29 19:36:37.023 [info] > git rev-parse --show-toplevel [3ms]
2025-01-29 19:36:37.023 [info] > git reflog HEAD --grep-reflog=checkout: moving from .* to iujeong [4ms]
2025-01-29 19:36:37.023 [info] > git for-each-ref --sort -committerdate --format %(refname) %(objectname) %(*objectname) [2ms]
2025-01-29 19:36:37.023 [info] > git for-each-ref --format=%(refname)%00%(upstream:short)%00%(objectname)%00%(upstream:track)%00%(upstream:remotename)%00%(upstream:remoteref) refs/heads/new-feature-branch refs/remotes/new-feature-branch [2ms]
2025-01-29 19:36:37.023 [info] > git rev-parse --show-toplevel [2ms]
2025-01-29 19:36:37.023 [info] > git symbolic-ref --short refs/remotes/origin/HEAD [1ms]
2025-01-29 19:36:37.023 [info] fatal: ref refs/remotes/origin/HEAD is not a symbolic ref
2025-01-29 19:36:37.023 [warning] [Repository][getDefaultBranch] Failed to get default branch details: Failed to execute git.
2025-01-29 19:36:37.023 [info] > git status -z -uall [12ms]
2025-01-29 19:36:37.023 [info] > git merge-base refs/heads/iujeong refs/remotes/YiPhoebe/iujeong [4ms]
2025-01-29 19:36:37.023 [info] > git rev-parse --show-toplevel [7ms]
2025-01-29 19:36:37.023 [info] > git diff --name-status -z --diff-filter=ADMR 9945ba59dc30692dc6a6f7d44cfe6c0e6d4123cd...refs/remotes/YiPhoebe/iujeong [4ms]
2025-01-29 19:36:37.023 [info] > git merge-base refs/heads/iujeong refs/remotes/YiPhoebe/iujeong [2ms]
2025-01-29 19:36:37.023 [info] > git rev-parse --show-toplevel [1ms]
2025-01-29 19:36:37.023 [info] > git diff --name-status -z --diff-filter=ADMR 9945ba59dc30692dc6a6f7d44cfe6c0e6d4123cd...refs/remotes/YiPhoebe/iujeong [1ms]
2025-01-29 19:36:37.023 [info] > git rev-parse --show-toplevel [1ms]
2025-01-29 19:36:37.023 [info] [Model][doInitialScan] Initial repository scan completed - repositories (1), closed repositories (0), parent repositories (0), unsafe repositories (0)
2025-01-29 19:36:37.331 [info] > git fetch [601ms]
2025-01-29 19:36:37.335 [info] > git config --get commit.template [2ms]
2025-01-29 19:36:37.336 [info] > git for-each-ref --format=%(refname)%00%(upstream:short)%00%(objectname)%00%(upstream:track)%00%(upstream:remotename)%00%(upstream:remoteref) refs/heads/iujeong refs/remotes/iujeong [1ms]
2025-01-29 19:36:37.339 [info] > git for-each-ref --sort -committerdate --format %(refname) %(objectname) %(*objectname) [1ms]
2025-01-29 19:36:37.346 [info] > git status -z -uall [9ms]
2025-01-29 19:36:37.561 [info] > git check-ignore -v -z --stdin [5ms]
2025-01-29 19:36:44.019 [info] > git config --get commit.template [2ms]
2025-01-29 19:36:44.020 [info] > git for-each-ref --format=%(refname)%00%(upstream:short)%00%(objectname)%00%(upstream:track)%00%(upstream:remotename)%00%(upstream:remoteref) refs/heads/iujeong refs/remotes/iujeong [1ms]
2025-01-29 19:36:44.024 [info] > git for-each-ref --sort -committerdate --format %(refname) %(objectname) %(*objectname) [1ms]
2025-01-29 19:36:44.030 [info] > git status -z -uall [8ms]
2025-01-29 19:36:49.037 [info] > git config --get commit.template [2ms]
2025-01-29 19:36:49.038 [info] > git for-each-ref --format=%(refname)%00%(upstream:short)%00%(objectname)%00%(upstream:track)%00%(upstream:remotename)%00%(upstream:remoteref) refs/heads/iujeong refs/remotes/iujeong [1ms]
2025-01-29 19:36:49.042 [info] > git for-each-ref --sort -committerdate --format %(refname) %(objectname) %(*objectname) [0ms]
2025-01-29 19:36:49.048 [info] > git status -z -uall [8ms]
2025-01-29 19:36:54.055 [info] > git config --get commit.template [3ms]
2025-01-29 19:36:54.055 [info] > git for-each-ref --format=%(refname)%00%(upstream:short)%00%(objectname)%00%(upstream:track)%00%(upstream:remotename)%00%(upstream:remoteref) refs/heads/iujeong refs/remotes/iujeong [1ms]
2025-01-29 19:36:54.060 [info] > git for-each-ref --sort -committerdate --format %(refname) %(objectname) %(*objectname) [1ms]
2025-01-29 19:36:54.066 [info] > git status -z -uall [9ms]
2025-01-29 19:36:59.072 [info] > git config --get commit.template [2ms]
2025-01-29 19:36:59.073 [info] > git for-each-ref --format=%(refname)%00%(upstream:short)%00%(objectname)%00%(upstream:track)%00%(upstream:remotename)%00%(upstream:remoteref) refs/heads/iujeong refs/remotes/iujeong [1ms]
2025-01-29 19:36:59.077 [info] > git for-each-ref --sort -committerdate --format %(refname) %(objectname) %(*objectname) [1ms]
2025-01-29 19:36:59.082 [info] > git status -z -uall [8ms]
2025-01-29 19:37:04.089 [info] > git config --get commit.template [2ms]
2025-01-29 19:37:04.090 [info] > git for-each-ref --format=%(refname)%00%(upstream:short)%00%(objectname)%00%(upstream:track)%00%(upstream:remotename)%00%(upstream:remoteref) refs/heads/iujeong refs/remotes/iujeong [1ms]
2025-01-29 19:37:04.094 [info] > git for-each-ref --sort -committerdate --format %(refname) %(objectname) %(*objectname) [1ms]
2025-01-29 19:37:04.100 [info] > git status -z -uall [8ms]
2025-01-29 19:37:09.107 [info] > git config --get commit.template [2ms]
2025-01-29 19:37:09.108 [info] > git for-each-ref --format=%(refname)%00%(upstream:short)%00%(objectname)%00%(upstream:track)%00%(upstream:remotename)%00%(upstream:remoteref) refs/heads/iujeong refs/remotes/iujeong [1ms]
2025-01-29 19:37:09.113 [info] > git for-each-ref --sort -committerdate --format %(refname) %(objectname) %(*objectname) [1ms]
2025-01-29 19:37:09.117 [info] > git status -z -uall [7ms]
2025-01-29 19:37:14.123 [info] > git config --get commit.template [2ms]
2025-01-29 19:37:14.124 [info] > git for-each-ref --format=%(refname)%00%(upstream:short)%00%(objectname)%00%(upstream:track)%00%(upstream:remotename)%00%(upstream:remoteref) refs/heads/iujeong refs/remotes/iujeong [1ms]
2025-01-29 19:37:14.128 [info] > git for-each-ref --sort -committerdate --format %(refname) %(objectname) %(*objectname) [1ms]
2025-01-29 19:37:14.136 [info] > git status -z -uall [9ms]
2025-01-29 19:37:19.141 [info] > git config --get commit.template [2ms]
2025-01-29 19:37:19.142 [info] > git for-each-ref --format=%(refname)%00%(upstream:short)%00%(objectname)%00%(upstream:track)%00%(upstream:remotename)%00%(upstream:remoteref) refs/heads/iujeong refs/remotes/iujeong [1ms]
2025-01-29 19:37:19.146 [info] > git for-each-ref --sort -committerdate --format %(refname) %(objectname) %(*objectname) [1ms]
2025-01-29 19:37:19.151 [info] > git status -z -uall [8ms]
2025-01-29 19:37:24.158 [info] > git config --get commit.template [2ms]
2025-01-29 19:37:24.159 [info] > git for-each-ref --format=%(refname)%00%(upstream:short)%00%(objectname)%00%(upstream:track)%00%(upstream:remotename)%00%(upstream:remoteref) refs/heads/iujeong refs/remotes/iujeong [1ms]
2025-01-29 19:37:24.163 [info] > git for-each-ref --sort -committerdate --format %(refname) %(objectname) %(*objectname) [1ms]
2025-01-29 19:37:24.168 [info] > git status -z -uall [7ms]
2025-01-29 19:37:29.174 [info] > git config --get commit.template [2ms]
2025-01-29 19:37:29.175 [info] > git for-each-ref --format=%(refname)%00%(upstream:short)%00%(objectname)%00%(upstream:track)%00%(upstream:remotename)%00%(upstream:remoteref) refs/heads/iujeong refs/remotes/iujeong [0ms]
2025-01-29 19:37:29.179 [info] > git for-each-ref --sort -committerdate --format %(refname) %(objectname) %(*objectname) [1ms]
2025-01-29 19:37:29.183 [info] > git status -z -uall [7ms]
2025-01-29 19:37:34.190 [info] > git config --get commit.template [1ms]
2025-01-29 19:37:34.191 [info] > git for-each-ref --format=%(refname)%00%(upstream:short)%00%(objectname)%00%(upstream:track)%00%(upstream:remotename)%00%(upstream:remoteref) refs/heads/iujeong refs/remotes/iujeong [1ms]
2025-01-29 19:37:34.195 [info] > git for-each-ref --sort -committerdate --format %(refname) %(objectname) %(*objectname) [1ms]
2025-01-29 19:37:34.201 [info] > git status -z -uall [8ms]
2025-01-29 19:37:39.207 [info] > git config --get commit.template [2ms]
2025-01-29 19:37:39.208 [info] > git for-each-ref --format=%(refname)%00%(upstream:short)%00%(objectname)%00%(upstream:track)%00%(upstream:remotename)%00%(upstream:remoteref) refs/heads/iujeong refs/remotes/iujeong [1ms]
2025-01-29 19:37:39.212 [info] > git for-each-ref --sort -committerdate --format %(refname) %(objectname) %(*objectname) [1ms]
2025-01-29 19:37:39.217 [info] > git status -z -uall [8ms]
2025-01-29 19:37:44.224 [info] > git config --get commit.template [2ms]
2025-01-29 19:37:44.225 [info] > git for-each-ref --format=%(refname)%00%(upstream:short)%00%(objectname)%00%(upstream:track)%00%(upstream:remotename)%00%(upstream:remoteref) refs/heads/iujeong refs/remotes/iujeong [1ms]
2025-01-29 19:37:44.236 [info] > git for-each-ref --sort -committerdate --format %(refname) %(objectname) %(*objectname) [1ms]
2025-01-29 19:37:44.241 [info] > git status -z -uall [7ms]
2025-01-29 19:37:49.247 [info] > git config --get commit.template [2ms]
2025-01-29 19:37:49.248 [info] > git for-each-ref --format=%(refname)%00%(upstream:short)%00%(objectname)%00%(upstream:track)%00%(upstream:remotename)%00%(upstream:remoteref) refs/heads/iujeong refs/remotes/iujeong [0ms]
2025-01-29 19:37:49.260 [info] > git for-each-ref --sort -committerdate --format %(refname) %(objectname) %(*objectname) [1ms]
2025-01-29 19:37:49.266 [info] > git status -z -uall [9ms]
2025-01-29 19:37:54.271 [info] > git config --get commit.template [2ms]
2025-01-29 19:37:54.272 [info] > git for-each-ref --format=%(refname)%00%(upstream:short)%00%(objectname)%00%(upstream:track)%00%(upstream:remotename)%00%(upstream:remoteref) refs/heads/iujeong refs/remotes/iujeong [0ms]
2025-01-29 19:37:54.283 [info] > git for-each-ref --sort -committerdate --format %(refname) %(objectname) %(*objectname) [1ms]
2025-01-29 19:37:54.289 [info] > git status -z -uall [8ms]
2025-01-29 19:37:59.295 [info] > git config --get commit.template [2ms]
2025-01-29 19:37:59.296 [info] > git for-each-ref --format=%(refname)%00%(upstream:short)%00%(objectname)%00%(upstream:track)%00%(upstream:remotename)%00%(upstream:remoteref) refs/heads/iujeong refs/remotes/iujeong [1ms]
2025-01-29 19:37:59.307 [info] > git for-each-ref --sort -committerdate --format %(refname) %(objectname) %(*objectname) [1ms]
2025-01-29 19:37:59.313 [info] > git status -z -uall [8ms]
2025-01-29 19:38:04.319 [info] > git config --get commit.template [2ms]
2025-01-29 19:38:04.320 [info] > git for-each-ref --format=%(refname)%00%(upstream:short)%00%(objectname)%00%(upstream:track)%00%(upstream:remotename)%00%(upstream:remoteref) refs/heads/iujeong refs/remotes/iujeong [1ms]
2025-01-29 19:38:04.331 [info] > git for-each-ref --sort -committerdate --format %(refname) %(objectname) %(*objectname) [1ms]
2025-01-29 19:38:04.337 [info] > git status -z -uall [9ms]
2025-01-29 19:38:09.343 [info] > git config --get commit.template [2ms]
2025-01-29 19:38:09.344 [info] > git for-each-ref --format=%(refname)%00%(upstream:short)%00%(objectname)%00%(upstream:track)%00%(upstream:remotename)%00%(upstream:remoteref) refs/heads/iujeong refs/remotes/iujeong [1ms]
2025-01-29 19:38:09.356 [info] > git for-each-ref --sort -committerdate --format %(refname) %(objectname) %(*objectname) [1ms]
2025-01-29 19:38:09.361 [info] > git status -z -uall [7ms]
2025-01-29 19:38:14.367 [info] > git config --get commit.template [2ms]
2025-01-29 19:38:14.368 [info] > git for-each-ref --format=%(refname)%00%(upstream:short)%00%(objectname)%00%(upstream:track)%00%(upstream:remotename)%00%(upstream:remoteref) refs/heads/iujeong refs/remotes/iujeong [1ms]
2025-01-29 19:38:14.380 [info] > git for-each-ref --sort -committerdate --format %(refname) %(objectname) %(*objectname) [1ms]
2025-01-29 19:38:14.384 [info] > git status -z -uall [7ms]
2025-01-29 19:38:19.392 [info] > git config --get commit.template [2ms]
2025-01-29 19:38:19.392 [info] > git for-each-ref --format=%(refname)%00%(upstream:short)%00%(objectname)%00%(upstream:track)%00%(upstream:remotename)%00%(upstream:remoteref) refs/heads/iujeong refs/remotes/iujeong [0ms]
2025-01-29 19:38:19.404 [info] > git for-each-ref --sort -committerdate --format %(refname) %(objectname) %(*objectname) [1ms]
2025-01-29 19:38:19.409 [info] > git status -z -uall [8ms]
2025-01-29 19:38:24.416 [info] > git config --get commit.template [2ms]
2025-01-29 19:38:24.417 [info] > git for-each-ref --format=%(refname)%00%(upstream:short)%00%(objectname)%00%(upstream:track)%00%(upstream:remotename)%00%(upstream:remoteref) refs/heads/iujeong refs/remotes/iujeong [1ms]
2025-01-29 19:38:24.428 [info] > git for-each-ref --sort -committerdate --format %(refname) %(objectname) %(*objectname) [0ms]
2025-01-29 19:38:24.434 [info] > git status -z -uall [8ms]
2025-01-29 19:38:29.441 [info] > git config --get commit.template [2ms]
2025-01-29 19:38:29.441 [info] > git for-each-ref --format=%(refname)%00%(upstream:short)%00%(objectname)%00%(upstream:track)%00%(upstream:remotename)%00%(upstream:remoteref) refs/heads/iujeong refs/remotes/iujeong [1ms]
2025-01-29 19:38:29.453 [info] > git for-each-ref --sort -committerdate --format %(refname) %(objectname) %(*objectname) [1ms]
2025-01-29 19:38:29.459 [info] > git status -z -uall [8ms]
2025-01-29 19:38:34.465 [info] > git config --get commit.template [2ms]
2025-01-29 19:38:34.466 [info] > git for-each-ref --format=%(refname)%00%(upstream:short)%00%(objectname)%00%(upstream:track)%00%(upstream:remotename)%00%(upstream:remoteref) refs/heads/iujeong refs/remotes/iujeong [1ms]
2025-01-29 19:38:34.470 [info] > git for-each-ref --sort -committerdate --format %(refname) %(objectname) %(*objectname) [1ms]
2025-01-29 19:38:34.476 [info] > git status -z -uall [8ms]
2025-01-29 19:38:39.483 [info] > git config --get commit.template [2ms]
2025-01-29 19:38:39.483 [info] > git for-each-ref --format=%(refname)%00%(upstream:short)%00%(objectname)%00%(upstream:track)%00%(upstream:remotename)%00%(upstream:remoteref) refs/heads/iujeong refs/remotes/iujeong [0ms]
2025-01-29 19:38:39.496 [info] > git for-each-ref --sort -committerdate --format %(refname) %(objectname) %(*objectname) [1ms]
2025-01-29 19:38:39.502 [info] > git status -z -uall [9ms]
2025-01-29 19:38:44.510 [info] > git config --get commit.template [3ms]
2025-01-29 19:38:44.510 [info] > git for-each-ref --format=%(refname)%00%(upstream:short)%00%(objectname)%00%(upstream:track)%00%(upstream:remotename)%00%(upstream:remoteref) refs/heads/iujeong refs/remotes/iujeong [0ms]
2025-01-29 19:38:44.522 [info] > git for-each-ref --sort -committerdate --format %(refname) %(objectname) %(*objectname) [1ms]
2025-01-29 19:38:44.528 [info] > git status -z -uall [9ms]
2025-01-29 19:38:49.533 [info] > git config --get commit.template [2ms]
2025-01-29 19:38:49.534 [info] > git for-each-ref --format=%(refname)%00%(upstream:short)%00%(objectname)%00%(upstream:track)%00%(upstream:remotename)%00%(upstream:remoteref) refs/heads/iujeong refs/remotes/iujeong [1ms]
2025-01-29 19:38:49.545 [info] > git for-each-ref --sort -committerdate --format %(refname) %(objectname) %(*objectname) [1ms]
2025-01-29 19:38:49.551 [info] > git status -z -uall [9ms]
2025-01-29 19:38:54.558 [info] > git config --get commit.template [3ms]
2025-01-29 19:38:54.558 [info] > git for-each-ref --format=%(refname)%00%(upstream:short)%00%(objectname)%00%(upstream:track)%00%(upstream:remotename)%00%(upstream:remoteref) refs/heads/iujeong refs/remotes/iujeong [1ms]
2025-01-29 19:38:54.570 [info] > git for-each-ref --sort -committerdate --format %(refname) %(objectname) %(*objectname) [1ms]
2025-01-29 19:38:54.577 [info] > git status -z -uall [10ms]
2025-01-29 19:38:59.583 [info] > git config --get commit.template [2ms]
2025-01-29 19:38:59.584 [info] > git for-each-ref --format=%(refname)%00%(upstream:short)%00%(objectname)%00%(upstream:track)%00%(upstream:remotename)%00%(upstream:remoteref) refs/heads/iujeong refs/remotes/iujeong [1ms]
2025-01-29 19:38:59.595 [info] > git for-each-ref --sort -committerdate --format %(refname) %(objectname) %(*objectname) [1ms]
2025-01-29 19:38:59.601 [info] > git status -z -uall [8ms]
2025-01-29 19:39:04.608 [info] > git config --get commit.template [2ms]
2025-01-29 19:39:04.608 [info] > git for-each-ref --format=%(refname)%00%(upstream:short)%00%(objectname)%00%(upstream:track)%00%(upstream:remotename)%00%(upstream:remoteref) refs/heads/iujeong refs/remotes/iujeong [0ms]
2025-01-29 19:39:04.620 [info] > git for-each-ref --sort -committerdate --format %(refname) %(objectname) %(*objectname) [1ms]
2025-01-29 19:39:04.625 [info] > git status -z -uall [8ms]
