2025-02-02 17:45:52.961 [info] Extension host with pid 2448410 started
2025-02-02 17:45:52.964 [info] Lock '/home/iujeong/.vscode-server/data/User/workspaceStorage/d93eea3a3c3f435b3cabd9cc82da6704/vscode.lock': Lock acquired.
2025-02-02 17:45:53.056 [info] ExtensionService#_doActivateExtension vscode.git-base, startup: false, activationEvent: '*', root cause: vscode.git
2025-02-02 17:45:53.056 [info] ExtensionService#_doActivateExtension vscode.tunnel-forwarding, startup: false, activationEvent: 'onTunnel'
2025-02-02 17:45:53.312 [info] ExtensionService#_doActivateExtension vscode.git, startup: false, activationEvent: '*'
2025-02-02 17:45:53.312 [info] ExtensionService#_doActivateExtension vscode.github, startup: false, activationEvent: '*'
2025-02-02 17:45:53.483 [info] ExtensionService#_doActivateExtension ms-python.python, startup: true, activationEvent: 'workspaceContains:requirements.txt'
2025-02-02 17:45:53.521 [warning] [Decorations] CAPPING events from decorations provider vscode.git 318
2025-02-02 17:45:53.525 [info] ExtensionService#_doActivateExtension vscode.emmet, startup: false, activationEvent: 'onLanguage'
2025-02-02 17:45:53.604 [warning] Using default string since no string found in i18n bundle that has the key: Source map support is enabled in the Python Extension, this will adversely impact performance of the extension.
2025-02-02 17:45:53.604 [warning] Using default string since no string found in i18n bundle that has the key: Disable Source Map Support
2025-02-02 17:45:53.604 [warning] Using default string since no string found in i18n bundle that has the key: Enabling source map support in the Python Extension will adversely impact performance of the extension.
2025-02-02 17:45:53.604 [warning] Using default string since no string found in i18n bundle that has the key: Enable and reload Window.
2025-02-02 17:45:53.604 [warning] Using default string since no string found in i18n bundle that has the key: ▶ Launch TensorBoard Session
2025-02-02 17:45:53.604 [warning] Using default string since no string found in i18n bundle that has the key: Launch TensorBoard session
2025-02-02 17:45:53.680 [warning] [Decorations] CAPPING events from decorations provider vscode.git 318
2025-02-02 17:45:53.713 [info] Eager extensions activated
2025-02-02 17:45:53.714 [info] ExtensionService#_doActivateExtension vscode.debug-auto-launch, startup: false, activationEvent: 'onStartupFinished'
2025-02-02 17:45:53.714 [info] ExtensionService#_doActivateExtension vscode.merge-conflict, startup: false, activationEvent: 'onStartupFinished'
2025-02-02 17:45:53.906 [info] ExtensionService#_doActivateExtension ms-python.vscode-pylance, startup: false, activationEvent: 'api', root cause: ms-python.python
2025-02-02 17:45:54.070 [warning] [Decorations] CAPPING events from decorations provider vscode.git 318
2025-02-02 17:46:01.160 [warning] [Decorations] CAPPING events from decorations provider vscode.git 318
2025-02-02 17:46:06.179 [warning] [Decorations] CAPPING events from decorations provider vscode.git 320
2025-02-02 17:46:11.200 [warning] [Decorations] CAPPING events from decorations provider vscode.git 320
2025-02-02 17:46:15.235 [info] ExtensionService#_doActivateExtension ms-python.debugpy, startup: false, activationEvent: 'onLanguage:python'
2025-02-02 17:46:15.235 [info] ExtensionService#_doActivateExtension ms-toolsai.jupyter, startup: false, activationEvent: 'onLanguage:python'
2025-02-02 17:46:15.362 [warning] Using default string since no string found in i18n bundle that has the key: The security certificate used by server was not issued by a trusted certificate authority.
This may indicate an attempt to steal your information.
2025-02-02 17:46:15.362 [warning] Using default string since no string found in i18n bundle that has the key: The security certificate used by server has expired.
This may indicate an attempt to steal your information.
2025-02-02 17:46:15.362 [warning] Using default string since no string found in i18n bundle that has the key: If you have not installed xelatex (TeX), you will need to do so before you can export to PDF. For further instructions, please see https://nbconvert.readthedocs.io/en/latest/install.html#installing-tex. 
To avoid installing xelatex (TeX), you might want to try exporting to HTML and using your browser's "Print to PDF" feature.
2025-02-02 17:46:15.503 [info] ExtensionService#_doActivateExtension ms-toolsai.jupyter-renderers, startup: false, activationEvent: 'api', root cause: ms-toolsai.jupyter
2025-02-02 17:46:16.222 [warning] [Decorations] CAPPING events from decorations provider vscode.git 320
2025-02-02 17:46:21.246 [warning] [Decorations] CAPPING events from decorations provider vscode.git 320
2025-02-02 17:46:26.266 [warning] [Decorations] CAPPING events from decorations provider vscode.git 320
2025-02-02 17:46:32.621 [info] Extension host terminating: received terminate message from renderer
2025-02-02 17:46:32.621 [info] Lock '/home/iujeong/.vscode-server/data/User/workspaceStorage/d93eea3a3c3f435b3cabd9cc82da6704/vscode.lock': Marking the lockfile as scheduled to be released in 6000 ms.
2025-02-02 17:46:32.642 [error] Canceled: Canceled
	at new IT (file:///home/iujeong/.vscode-server/cli/servers/Stable-cd4ee3b1c348a13bafd8f9ad8060705f6d4b9cba/server/out/vs/workbench/api/node/extensionHostProcess.js:32:153476)
	at Dy.U (file:///home/iujeong/.vscode-server/cli/servers/Stable-cd4ee3b1c348a13bafd8f9ad8060705f6d4b9cba/server/out/vs/workbench/api/node/extensionHostProcess.js:32:158086)
	at s.<computed>.n.charCodeAt.s.<computed> (file:///home/iujeong/.vscode-server/cli/servers/Stable-cd4ee3b1c348a13bafd8f9ad8060705f6d4b9cba/server/out/vs/workbench/api/node/extensionHostProcess.js:32:155580)
	at cw.g (file:///home/iujeong/.vscode-server/cli/servers/Stable-cd4ee3b1c348a13bafd8f9ad8060705f6d4b9cba/server/out/vs/workbench/api/node/extensionHostProcess.js:115:32313)
	at cw.executeCommand (file:///home/iujeong/.vscode-server/cli/servers/Stable-cd4ee3b1c348a13bafd8f9ad8060705f6d4b9cba/server/out/vs/workbench/api/node/extensionHostProcess.js:115:31817)
	at r.registerCommand.description (file:///home/iujeong/.vscode-server/cli/servers/Stable-cd4ee3b1c348a13bafd8f9ad8060705f6d4b9cba/server/out/vs/workbench/api/node/extensionHostProcess.js:115:31147)
	at cw.h (file:///home/iujeong/.vscode-server/cli/servers/Stable-cd4ee3b1c348a13bafd8f9ad8060705f6d4b9cba/server/out/vs/workbench/api/node/extensionHostProcess.js:115:32833)
	at cw.g (file:///home/iujeong/.vscode-server/cli/servers/Stable-cd4ee3b1c348a13bafd8f9ad8060705f6d4b9cba/server/out/vs/workbench/api/node/extensionHostProcess.js:115:31910)
	at cw.executeCommand (file:///home/iujeong/.vscode-server/cli/servers/Stable-cd4ee3b1c348a13bafd8f9ad8060705f6d4b9cba/server/out/vs/workbench/api/node/extensionHostProcess.js:115:31817)
	at Object.executeCommand (file:///home/iujeong/.vscode-server/cli/servers/Stable-cd4ee3b1c348a13bafd8f9ad8060705f6d4b9cba/server/out/vs/workbench/api/node/extensionHostProcess.js:157:37484)
	at Sh.L [as value] (/home/iujeong/.vscode-server/cli/servers/Stable-cd4ee3b1c348a13bafd8f9ad8060705f6d4b9cba/server/extensions/git/dist/main.js:2:975601)
	at P.B (file:///home/iujeong/.vscode-server/cli/servers/Stable-cd4ee3b1c348a13bafd8f9ad8060705f6d4b9cba/server/out/vs/workbench/api/node/extensionHostProcess.js:30:746)
	at P.C (file:///home/iujeong/.vscode-server/cli/servers/Stable-cd4ee3b1c348a13bafd8f9ad8060705f6d4b9cba/server/out/vs/workbench/api/node/extensionHostProcess.js:30:816)
	at P.fire (file:///home/iujeong/.vscode-server/cli/servers/Stable-cd4ee3b1c348a13bafd8f9ad8060705f6d4b9cba/server/out/vs/workbench/api/node/extensionHostProcess.js:30:1033)
	at Object.p [as dispose] (/home/iujeong/.vscode-server/cli/servers/Stable-cd4ee3b1c348a13bafd8f9ad8060705f6d4b9cba/server/extensions/git/dist/main.js:2:997158)
	at /home/iujeong/.vscode-server/cli/servers/Stable-cd4ee3b1c348a13bafd8f9ad8060705f6d4b9cba/server/extensions/git/dist/main.js:2:1003280
	at Array.forEach (<anonymous>)
	at b.dispose (/home/iujeong/.vscode-server/cli/servers/Stable-cd4ee3b1c348a13bafd8f9ad8060705f6d4b9cba/server/extensions/git/dist/main.js:2:1003266)
	at ev.<anonymous> (file:///home/iujeong/.vscode-server/cli/servers/Stable-cd4ee3b1c348a13bafd8f9ad8060705f6d4b9cba/server/out/vs/workbench/api/node/extensionHostProcess.js:109:20047)
	at ev.dispose (file:///home/iujeong/.vscode-server/cli/servers/Stable-cd4ee3b1c348a13bafd8f9ad8060705f6d4b9cba/server/out/vs/workbench/api/node/extensionHostProcess.js:109:20143)
	at ev.<anonymous> (/home/iujeong/.vscode-server/cli/servers/Stable-cd4ee3b1c348a13bafd8f9ad8060705f6d4b9cba/server/extensions/git/dist/main.js:2:978080)
	at ev.dispose (file:///home/iujeong/.vscode-server/cli/servers/Stable-cd4ee3b1c348a13bafd8f9ad8060705f6d4b9cba/server/out/vs/workbench/api/node/extensionHostProcess.js:109:20143)
	at ai (file:///home/iujeong/.vscode-server/cli/servers/Stable-cd4ee3b1c348a13bafd8f9ad8060705f6d4b9cba/server/out/vs/workbench/api/node/extensionHostProcess.js:25:699)
	at file:///home/iujeong/.vscode-server/cli/servers/Stable-cd4ee3b1c348a13bafd8f9ad8060705f6d4b9cba/server/out/vs/workbench/api/node/extensionHostProcess.js:119:14992
	at file:///home/iujeong/.vscode-server/cli/servers/Stable-cd4ee3b1c348a13bafd8f9ad8060705f6d4b9cba/server/out/vs/workbench/api/node/extensionHostProcess.js:25:1009
	at Object.dispose (file:///home/iujeong/.vscode-server/cli/servers/Stable-cd4ee3b1c348a13bafd8f9ad8060705f6d4b9cba/server/out/vs/workbench/api/node/extensionHostProcess.js:8:705)
	at zz.eb (file:///home/iujeong/.vscode-server/cli/servers/Stable-cd4ee3b1c348a13bafd8f9ad8060705f6d4b9cba/server/out/vs/workbench/api/node/extensionHostProcess.js:119:11919)
	at file:///home/iujeong/.vscode-server/cli/servers/Stable-cd4ee3b1c348a13bafd8f9ad8060705f6d4b9cba/server/out/vs/workbench/api/node/extensionHostProcess.js:119:9874
	at Array.map (<anonymous>)
	at zz.$ (file:///home/iujeong/.vscode-server/cli/servers/Stable-cd4ee3b1c348a13bafd8f9ad8060705f6d4b9cba/server/out/vs/workbench/api/node/extensionHostProcess.js:119:9862)
	at zz.terminate (file:///home/iujeong/.vscode-server/cli/servers/Stable-cd4ee3b1c348a13bafd8f9ad8060705f6d4b9cba/server/out/vs/workbench/api/node/extensionHostProcess.js:119:10105)
	at Q3.terminate (file:///home/iujeong/.vscode-server/cli/servers/Stable-cd4ee3b1c348a13bafd8f9ad8060705f6d4b9cba/server/out/vs/workbench/api/node/extensionHostProcess.js:120:1424)
	at Zi (file:///home/iujeong/.vscode-server/cli/servers/Stable-cd4ee3b1c348a13bafd8f9ad8060705f6d4b9cba/server/out/vs/workbench/api/node/extensionHostProcess.js:175:15080)
	at Sh.value (file:///home/iujeong/.vscode-server/cli/servers/Stable-cd4ee3b1c348a13bafd8f9ad8060705f6d4b9cba/server/out/vs/workbench/api/node/extensionHostProcess.js:175:13241)
	at P.B (file:///home/iujeong/.vscode-server/cli/servers/Stable-cd4ee3b1c348a13bafd8f9ad8060705f6d4b9cba/server/out/vs/workbench/api/node/extensionHostProcess.js:30:746)
	at P.fire (file:///home/iujeong/.vscode-server/cli/servers/Stable-cd4ee3b1c348a13bafd8f9ad8060705f6d4b9cba/server/out/vs/workbench/api/node/extensionHostProcess.js:30:964)
	at Vn.fire (file:///home/iujeong/.vscode-server/cli/servers/Stable-cd4ee3b1c348a13bafd8f9ad8060705f6d4b9cba/server/out/vs/workbench/api/node/extensionHostProcess.js:32:9457)
	at Wm.A (file:///home/iujeong/.vscode-server/cli/servers/Stable-cd4ee3b1c348a13bafd8f9ad8060705f6d4b9cba/server/out/vs/workbench/api/node/extensionHostProcess.js:32:12573)
	at Sh.value (file:///home/iujeong/.vscode-server/cli/servers/Stable-cd4ee3b1c348a13bafd8f9ad8060705f6d4b9cba/server/out/vs/workbench/api/node/extensionHostProcess.js:32:10993)
	at P.B (file:///home/iujeong/.vscode-server/cli/servers/Stable-cd4ee3b1c348a13bafd8f9ad8060705f6d4b9cba/server/out/vs/workbench/api/node/extensionHostProcess.js:30:746)
	at P.fire (file:///home/iujeong/.vscode-server/cli/servers/Stable-cd4ee3b1c348a13bafd8f9ad8060705f6d4b9cba/server/out/vs/workbench/api/node/extensionHostProcess.js:30:964)
	at s6.acceptChunk (file:///home/iujeong/.vscode-server/cli/servers/Stable-cd4ee3b1c348a13bafd8f9ad8060705f6d4b9cba/server/out/vs/workbench/api/node/extensionHostProcess.js:32:7940)
	at file:///home/iujeong/.vscode-server/cli/servers/Stable-cd4ee3b1c348a13bafd8f9ad8060705f6d4b9cba/server/out/vs/workbench/api/node/extensionHostProcess.js:32:7226
	at Socket.t (file:///home/iujeong/.vscode-server/cli/servers/Stable-cd4ee3b1c348a13bafd8f9ad8060705f6d4b9cba/server/out/vs/workbench/api/node/extensionHostProcess.js:32:15451)
	at Socket.emit (node:events:518:28)
	at addChunk (node:internal/streams/readable:561:12)
	at readableAddChunkPushByteMode (node:internal/streams/readable:512:3)
	at Readable.push (node:internal/streams/readable:392:5)
	at Pipe.onStreamRead (node:internal/stream_base_commons:191:23) setContext undefined
2025-02-02 17:46:32.643 [error] Canceled: Canceled
	at new IT (file:///home/iujeong/.vscode-server/cli/servers/Stable-cd4ee3b1c348a13bafd8f9ad8060705f6d4b9cba/server/out/vs/workbench/api/node/extensionHostProcess.js:32:153476)
	at Dy.U (file:///home/iujeong/.vscode-server/cli/servers/Stable-cd4ee3b1c348a13bafd8f9ad8060705f6d4b9cba/server/out/vs/workbench/api/node/extensionHostProcess.js:32:158086)
	at s.<computed>.n.charCodeAt.s.<computed> (file:///home/iujeong/.vscode-server/cli/servers/Stable-cd4ee3b1c348a13bafd8f9ad8060705f6d4b9cba/server/out/vs/workbench/api/node/extensionHostProcess.js:32:155580)
	at cw.g (file:///home/iujeong/.vscode-server/cli/servers/Stable-cd4ee3b1c348a13bafd8f9ad8060705f6d4b9cba/server/out/vs/workbench/api/node/extensionHostProcess.js:115:32313)
	at cw.executeCommand (file:///home/iujeong/.vscode-server/cli/servers/Stable-cd4ee3b1c348a13bafd8f9ad8060705f6d4b9cba/server/out/vs/workbench/api/node/extensionHostProcess.js:115:31817)
	at r.registerCommand.description (file:///home/iujeong/.vscode-server/cli/servers/Stable-cd4ee3b1c348a13bafd8f9ad8060705f6d4b9cba/server/out/vs/workbench/api/node/extensionHostProcess.js:115:31147)
	at cw.h (file:///home/iujeong/.vscode-server/cli/servers/Stable-cd4ee3b1c348a13bafd8f9ad8060705f6d4b9cba/server/out/vs/workbench/api/node/extensionHostProcess.js:115:32833)
	at cw.g (file:///home/iujeong/.vscode-server/cli/servers/Stable-cd4ee3b1c348a13bafd8f9ad8060705f6d4b9cba/server/out/vs/workbench/api/node/extensionHostProcess.js:115:31910)
	at cw.executeCommand (file:///home/iujeong/.vscode-server/cli/servers/Stable-cd4ee3b1c348a13bafd8f9ad8060705f6d4b9cba/server/out/vs/workbench/api/node/extensionHostProcess.js:115:31817)
	at Object.executeCommand (file:///home/iujeong/.vscode-server/cli/servers/Stable-cd4ee3b1c348a13bafd8f9ad8060705f6d4b9cba/server/out/vs/workbench/api/node/extensionHostProcess.js:157:37484)
	at set hasGitHubRepositories [as hasGitHubRepositories] (/home/iujeong/.vscode-server/cli/servers/Stable-cd4ee3b1c348a13bafd8f9ad8060705f6d4b9cba/server/extensions/github/dist/extension.js:2:328633)
	at /home/iujeong/.vscode-server/cli/servers/Stable-cd4ee3b1c348a13bafd8f9ad8060705f6d4b9cba/server/extensions/github/dist/extension.js:2:329592
	at Sh.value (/home/iujeong/.vscode-server/cli/servers/Stable-cd4ee3b1c348a13bafd8f9ad8060705f6d4b9cba/server/extensions/git/dist/main.js:2:1088462)
	at P.B (file:///home/iujeong/.vscode-server/cli/servers/Stable-cd4ee3b1c348a13bafd8f9ad8060705f6d4b9cba/server/out/vs/workbench/api/node/extensionHostProcess.js:30:746)
	at P.C (file:///home/iujeong/.vscode-server/cli/servers/Stable-cd4ee3b1c348a13bafd8f9ad8060705f6d4b9cba/server/out/vs/workbench/api/node/extensionHostProcess.js:30:816)
	at P.fire (file:///home/iujeong/.vscode-server/cli/servers/Stable-cd4ee3b1c348a13bafd8f9ad8060705f6d4b9cba/server/out/vs/workbench/api/node/extensionHostProcess.js:30:1033)
	at Object.p [as dispose] (/home/iujeong/.vscode-server/cli/servers/Stable-cd4ee3b1c348a13bafd8f9ad8060705f6d4b9cba/server/extensions/git/dist/main.js:2:997158)
	at /home/iujeong/.vscode-server/cli/servers/Stable-cd4ee3b1c348a13bafd8f9ad8060705f6d4b9cba/server/extensions/git/dist/main.js:2:1003280
	at Array.forEach (<anonymous>)
	at b.dispose (/home/iujeong/.vscode-server/cli/servers/Stable-cd4ee3b1c348a13bafd8f9ad8060705f6d4b9cba/server/extensions/git/dist/main.js:2:1003266)
	at ev.<anonymous> (file:///home/iujeong/.vscode-server/cli/servers/Stable-cd4ee3b1c348a13bafd8f9ad8060705f6d4b9cba/server/out/vs/workbench/api/node/extensionHostProcess.js:109:20047)
	at ev.dispose (file:///home/iujeong/.vscode-server/cli/servers/Stable-cd4ee3b1c348a13bafd8f9ad8060705f6d4b9cba/server/out/vs/workbench/api/node/extensionHostProcess.js:109:20143)
	at ev.<anonymous> (/home/iujeong/.vscode-server/cli/servers/Stable-cd4ee3b1c348a13bafd8f9ad8060705f6d4b9cba/server/extensions/git/dist/main.js:2:978080)
	at ev.dispose (file:///home/iujeong/.vscode-server/cli/servers/Stable-cd4ee3b1c348a13bafd8f9ad8060705f6d4b9cba/server/out/vs/workbench/api/node/extensionHostProcess.js:109:20143)
	at ai (file:///home/iujeong/.vscode-server/cli/servers/Stable-cd4ee3b1c348a13bafd8f9ad8060705f6d4b9cba/server/out/vs/workbench/api/node/extensionHostProcess.js:25:699)
	at file:///home/iujeong/.vscode-server/cli/servers/Stable-cd4ee3b1c348a13bafd8f9ad8060705f6d4b9cba/server/out/vs/workbench/api/node/extensionHostProcess.js:119:14992
	at file:///home/iujeong/.vscode-server/cli/servers/Stable-cd4ee3b1c348a13bafd8f9ad8060705f6d4b9cba/server/out/vs/workbench/api/node/extensionHostProcess.js:25:1009
	at Object.dispose (file:///home/iujeong/.vscode-server/cli/servers/Stable-cd4ee3b1c348a13bafd8f9ad8060705f6d4b9cba/server/out/vs/workbench/api/node/extensionHostProcess.js:8:705)
	at zz.eb (file:///home/iujeong/.vscode-server/cli/servers/Stable-cd4ee3b1c348a13bafd8f9ad8060705f6d4b9cba/server/out/vs/workbench/api/node/extensionHostProcess.js:119:11919)
	at file:///home/iujeong/.vscode-server/cli/servers/Stable-cd4ee3b1c348a13bafd8f9ad8060705f6d4b9cba/server/out/vs/workbench/api/node/extensionHostProcess.js:119:9874
	at Array.map (<anonymous>)
	at zz.$ (file:///home/iujeong/.vscode-server/cli/servers/Stable-cd4ee3b1c348a13bafd8f9ad8060705f6d4b9cba/server/out/vs/workbench/api/node/extensionHostProcess.js:119:9862)
	at zz.terminate (file:///home/iujeong/.vscode-server/cli/servers/Stable-cd4ee3b1c348a13bafd8f9ad8060705f6d4b9cba/server/out/vs/workbench/api/node/extensionHostProcess.js:119:10105)
	at Q3.terminate (file:///home/iujeong/.vscode-server/cli/servers/Stable-cd4ee3b1c348a13bafd8f9ad8060705f6d4b9cba/server/out/vs/workbench/api/node/extensionHostProcess.js:120:1424)
	at Zi (file:///home/iujeong/.vscode-server/cli/servers/Stable-cd4ee3b1c348a13bafd8f9ad8060705f6d4b9cba/server/out/vs/workbench/api/node/extensionHostProcess.js:175:15080)
	at Sh.value (file:///home/iujeong/.vscode-server/cli/servers/Stable-cd4ee3b1c348a13bafd8f9ad8060705f6d4b9cba/server/out/vs/workbench/api/node/extensionHostProcess.js:175:13241)
	at P.B (file:///home/iujeong/.vscode-server/cli/servers/Stable-cd4ee3b1c348a13bafd8f9ad8060705f6d4b9cba/server/out/vs/workbench/api/node/extensionHostProcess.js:30:746)
	at P.fire (file:///home/iujeong/.vscode-server/cli/servers/Stable-cd4ee3b1c348a13bafd8f9ad8060705f6d4b9cba/server/out/vs/workbench/api/node/extensionHostProcess.js:30:964)
	at Vn.fire (file:///home/iujeong/.vscode-server/cli/servers/Stable-cd4ee3b1c348a13bafd8f9ad8060705f6d4b9cba/server/out/vs/workbench/api/node/extensionHostProcess.js:32:9457)
	at Wm.A (file:///home/iujeong/.vscode-server/cli/servers/Stable-cd4ee3b1c348a13bafd8f9ad8060705f6d4b9cba/server/out/vs/workbench/api/node/extensionHostProcess.js:32:12573)
	at Sh.value (file:///home/iujeong/.vscode-server/cli/servers/Stable-cd4ee3b1c348a13bafd8f9ad8060705f6d4b9cba/server/out/vs/workbench/api/node/extensionHostProcess.js:32:10993)
	at P.B (file:///home/iujeong/.vscode-server/cli/servers/Stable-cd4ee3b1c348a13bafd8f9ad8060705f6d4b9cba/server/out/vs/workbench/api/node/extensionHostProcess.js:30:746)
	at P.fire (file:///home/iujeong/.vscode-server/cli/servers/Stable-cd4ee3b1c348a13bafd8f9ad8060705f6d4b9cba/server/out/vs/workbench/api/node/extensionHostProcess.js:30:964)
	at s6.acceptChunk (file:///home/iujeong/.vscode-server/cli/servers/Stable-cd4ee3b1c348a13bafd8f9ad8060705f6d4b9cba/server/out/vs/workbench/api/node/extensionHostProcess.js:32:7940)
	at file:///home/iujeong/.vscode-server/cli/servers/Stable-cd4ee3b1c348a13bafd8f9ad8060705f6d4b9cba/server/out/vs/workbench/api/node/extensionHostProcess.js:32:7226
	at Socket.t (file:///home/iujeong/.vscode-server/cli/servers/Stable-cd4ee3b1c348a13bafd8f9ad8060705f6d4b9cba/server/out/vs/workbench/api/node/extensionHostProcess.js:32:15451)
	at Socket.emit (node:events:518:28)
	at addChunk (node:internal/streams/readable:561:12)
	at readableAddChunkPushByteMode (node:internal/streams/readable:512:3)
	at Readable.push (node:internal/streams/readable:392:5)
	at Pipe.onStreamRead (node:internal/stream_base_commons:191:23) setContext undefined
2025-02-02 17:46:32.644 [info] Extension host with pid 2448410 exiting with code 0
