2025-01-30 15:36:43.182 [info] 실험 'pythonRecommendTensorboardExt'이(가) 활성 상태입니다.
2025-01-30 15:36:43.182 [info] 실험 'pythonTerminalEnvVarActivation'이(가) 활성 상태입니다.
2025-01-30 15:36:43.182 [info] 실험 'pythonTestAdapter'이(가) 활성 상태입니다.
2025-01-30 15:36:43.182 [info] Native locator: Refresh started
2025-01-30 15:36:43.182 [info] Native locator: Refresh started
2025-01-30 15:36:43.182 [info] Native locator: Refresh started
2025-01-30 15:36:43.185 [info] > pyenv which python
2025-01-30 15:36:43.185 [info] cwd: .
2025-01-30 15:36:43.191 [info] Conda environment manager found at: /opt/anaconda3/bin/conda
2025-01-30 15:36:43.264 [info] > /opt/anaconda3/bin/conda info --json
2025-01-30 15:36:43.330 [info] Native locator: Refresh finished in 634 ms
2025-01-30 15:36:43.332 [info] Python 인터프리터 경로: /opt/anaconda3/envs/bogdong/bin/python
2025-01-30 15:36:43.336 [info] > conda info --json
2025-01-30 15:36:43.336 [info] shell: bash
2025-01-30 15:36:43.689 [info] > /opt/anaconda3/bin/conda run -n bogdong --no-capture-output python ./.vscode-server/extensions/ms-python.python-2024.22.2-linux-x64/python_files/get_output_via_markers.py ./.vscode-server/extensions/ms-python.python-2024.22.2-linux-x64/python_files/printEnvVariables.py
2025-01-30 15:36:43.689 [info] shell: bash
2025-01-30 15:36:43.689 [info] > /opt/anaconda3/bin/conda run -n bogdong --no-capture-output python ./.vscode-server/extensions/ms-python.python-2024.22.2-linux-x64/python_files/get_output_via_markers.py ./.vscode-server/extensions/ms-python.python-2024.22.2-linux-x64/python_files/printEnvVariables.py
2025-01-30 15:36:43.689 [info] shell: bash
2025-01-30 15:36:43.758 [info] > conda run -n bogdong --no-capture-output python ./.vscode-server/extensions/ms-python.python-2024.22.2-linux-x64/python_files/get_output_via_markers.py ./.vscode-server/extensions/ms-python.python-2024.22.2-linux-x64/python_files/printEnvVariables.py
2025-01-30 15:36:43.758 [info] shell: bash
2025-01-30 15:36:44.219 [info] Pylance 언어 서버를 시작하는 중입니다.
2025-01-30 15:36:44.881 [info] > /usr/bin/python3 ./.vscode-server/extensions/ms-python.python-2024.22.2-linux-x64/python_files/printEnvVariables.py
2025-01-30 15:36:44.881 [info] shell: bash
2025-01-30 15:36:44.896 [info] Setting environment variable CONDA_EXE in collection to /opt/anaconda3/bin/conda {"applyAtShellIntegration":true,"applyAtProcessCreation":true}
2025-01-30 15:36:44.896 [info] Setting environment variable _CE_M in collection to  {"applyAtShellIntegration":true,"applyAtProcessCreation":true}
2025-01-30 15:36:44.896 [info] Setting environment variable GSETTINGS_SCHEMA_DIR in collection to /opt/anaconda3/envs/bogdong/share/glib-2.0/schemas {"applyAtShellIntegration":true,"applyAtProcessCreation":true}
2025-01-30 15:36:44.896 [info] Setting environment variable CONDA_ROOT in collection to /opt/anaconda3 {"applyAtShellIntegration":true,"applyAtProcessCreation":true}
2025-01-30 15:36:44.896 [info] Setting environment variable CONDA_PREFIX in collection to /opt/anaconda3/envs/bogdong {"applyAtShellIntegration":true,"applyAtProcessCreation":true}
2025-01-30 15:36:44.896 [info] Setting environment variable GSETTINGS_SCHEMA_DIR_CONDA_BACKUP in collection to  {"applyAtShellIntegration":true,"applyAtProcessCreation":true}
2025-01-30 15:36:44.896 [info] Setting environment variable CONDA_PROMPT_MODIFIER in collection to (bogdong)  {"applyAtShellIntegration":true,"applyAtProcessCreation":true}
2025-01-30 15:36:44.896 [info] Setting environment variable _CE_CONDA in collection to  {"applyAtShellIntegration":true,"applyAtProcessCreation":true}
2025-01-30 15:36:44.896 [info] Setting environment variable CONDA_SHLVL in collection to 2 {"applyAtShellIntegration":true,"applyAtProcessCreation":true}
2025-01-30 15:36:44.897 [info] Setting environment variable CONDA_PYTHON_EXE in collection to /opt/anaconda3/bin/python {"applyAtShellIntegration":true,"applyAtProcessCreation":true}
2025-01-30 15:36:44.897 [info] Setting environment variable CONDA_DEFAULT_ENV in collection to bogdong {"applyAtShellIntegration":true,"applyAtProcessCreation":true}
2025-01-30 15:36:44.897 [info] Setting environment variable CONDA_ALLOW_SOFTLINKS in collection to false {"applyAtShellIntegration":true,"applyAtProcessCreation":true}
2025-01-30 15:36:44.897 [info] Prepending environment variable PATH in collection with /opt/anaconda3/envs/bogdong/bin:/opt/anaconda3/condabin: {"applyAtShellIntegration":true,"applyAtProcessCreation":true}
2025-01-30 15:36:44.897 [info] Setting environment variable CONDA_PREFIX_1 in collection to /opt/anaconda3 {"applyAtShellIntegration":true,"applyAtProcessCreation":true}
2025-01-30 15:36:44.897 [info] Prepending environment variable PS1 in collection with (bogdong)  {"applyAtShellIntegration":true,"applyAtProcessCreation":false}
2025-01-30 15:36:44.897 [info] Send text to terminal: /usr/bin/python3 /home/iujeong/.vscode-server/extensions/ms-python.python-2024.22.2-linux-x64/python_files/printEnvVariablesToFile.py /home/iujeong/.vscode-server/extensions/ms-python.python-2024.22.2-linux-x64/python_files/deactivate/bash/envVars.txt
2025-01-30 17:53:13.841 [info] Discover tests for workspace name: iujeong - uri: /home/iujeong/bank.py
2025-01-30 17:53:14.093 [info] Discover tests for workspace name: iujeong - uri: /home/iujeong/bank.py
2025-01-30 17:53:14.423 [info] Discover tests for workspace name: iujeong - uri: /home/iujeong/bank.py
2025-01-30 18:04:10.215 [info] Discover tests for workspace name: iujeong - uri: /home/iujeong/bank.py
2025-01-30 18:04:10.524 [info] Discover tests for workspace name: iujeong - uri: /home/iujeong/bank.py
2025-01-30 18:04:10.832 [info] Discover tests for workspace name: iujeong - uri: /home/iujeong/bank.py
2025-01-30 18:05:27.691 [info] Discover tests for workspace name: iujeong - uri: /home/iujeong/bank.py
2025-01-30 18:05:28.052 [info] Discover tests for workspace name: iujeong - uri: /home/iujeong/bank.py
2025-01-30 18:07:49.044 [info] Discover tests for workspace name: iujeong - uri: /home/iujeong/bank.py
2025-01-30 18:07:49.526 [info] Discover tests for workspace name: iujeong - uri: /home/iujeong/bank.py
2025-01-30 18:11:43.517 [info] Discover tests for workspace name: iujeong - uri: /home/iujeong/bank.py
2025-01-30 18:11:43.923 [info] Discover tests for workspace name: iujeong - uri: /home/iujeong/bank.py
2025-01-30 18:13:31.569 [info] Discover tests for workspace name: iujeong - uri: /home/iujeong/bank.py
2025-01-30 18:15:14.876 [info] Discover tests for workspace name: iujeong - uri: /home/iujeong/bank.py
2025-01-30 18:15:15.137 [info] Discover tests for workspace name: iujeong - uri: /home/iujeong/bank.py
2025-01-30 18:15:15.448 [info] Discover tests for workspace name: iujeong - uri: /home/iujeong/bank.py
2025-01-30 18:15:30.325 [info] Discover tests for workspace name: iujeong - uri: /home/iujeong/bank.py
2025-01-30 18:18:15.505 [info] Discover tests for workspace name: iujeong - uri: /home/iujeong/bank.py
2025-01-30 18:18:15.771 [info] Discover tests for workspace name: iujeong - uri: /home/iujeong/bank.py
2025-01-30 18:19:53.485 [info] Discover tests for workspace name: iujeong - uri: /home/iujeong/bank.py
2025-01-30 18:19:53.767 [info] Discover tests for workspace name: iujeong - uri: /home/iujeong/bank.py
2025-01-30 18:20:25.432 [info] Discover tests for workspace name: iujeong - uri: /home/iujeong/bank.py
2025-01-30 18:20:26.048 [info] Discover tests for workspace name: iujeong - uri: /home/iujeong/bank.py
2025-01-30 18:22:02.938 [info] Discover tests for workspace name: iujeong - uri: /home/iujeong/bank.py
2025-01-30 18:22:03.512 [info] Discover tests for workspace name: iujeong - uri: /home/iujeong/bank.py
2025-01-30 18:22:06.882 [info] > /opt/anaconda3/envs/bogdong/bin/python ./.vscode-server/extensions/ms-python.python-2024.22.2-linux-x64/python_files/normalizeSelection.py
2025-01-30 18:39:05.904 [info] Discover tests for workspace name: iujeong - uri: /home/iujeong/bank.py
2025-01-30 18:39:06.634 [info] Discover tests for workspace name: iujeong - uri: /home/iujeong/bank.py
2025-01-30 18:42:58.610 [info] Discover tests for workspace name: iujeong - uri: /home/iujeong/bank.py
2025-01-30 18:42:58.861 [info] Discover tests for workspace name: iujeong - uri: /home/iujeong/bank.py
2025-01-30 18:43:00.083 [info] > /opt/anaconda3/envs/bogdong/bin/python ./.vscode-server/extensions/ms-python.python-2024.22.2-linux-x64/python_files/normalizeSelection.py
2025-01-30 18:43:18.043 [info] Discover tests for workspace name: iujeong - uri: /home/iujeong/bank.py
2025-01-30 18:45:33.366 [info] Discover tests for workspace name: iujeong - uri: /home/iujeong/bank.py
2025-01-30 18:45:33.663 [info] Discover tests for workspace name: iujeong - uri: /home/iujeong/bank.py
2025-01-30 18:45:33.954 [info] Discover tests for workspace name: iujeong - uri: /home/iujeong/bank.py
2025-01-30 18:45:35.685 [info] Discover tests for workspace name: iujeong - uri: /home/iujeong/bank.py
2025-01-30 18:47:59.795 [info] Discover tests for workspace name: iujeong - uri: /home/iujeong/bank.py
2025-01-30 18:48:00.084 [info] Discover tests for workspace name: iujeong - uri: /home/iujeong/bank.py
2025-01-30 18:48:40.920 [info] Discover tests for workspace name: iujeong - uri: /home/iujeong/bank.py
2025-01-30 18:50:15.090 [info] Discover tests for workspace name: iujeong - uri: /home/iujeong/bank.py
2025-01-30 18:50:15.400 [info] Discover tests for workspace name: iujeong - uri: /home/iujeong/bank.py
2025-01-30 18:51:24.281 [info] Discover tests for workspace name: iujeong - uri: /home/iujeong/bank.py
2025-01-30 18:51:25.847 [info] Discover tests for workspace name: iujeong - uri: /home/iujeong/bank.py
2025-01-30 18:51:26.166 [info] Discover tests for workspace name: iujeong - uri: /home/iujeong/bank.py
2025-01-30 18:52:09.509 [info] Discover tests for workspace name: iujeong - uri: /home/iujeong/bank.py
2025-01-30 18:52:10.175 [info] Discover tests for workspace name: iujeong - uri: /home/iujeong/bank.py
