2025-01-30 15:36:43.182 [info] Starting Python Locator /home/iujeong/.vscode-server/extensions/ms-python.python-2024.22.2-linux-x64/python-env-tools/bin/pet server
2025-01-30 15:36:43.191 [info] Discovered manager: (Conda) /opt/anaconda3/bin/conda
2025-01-30 15:36:43.192 [info] Discovered env: /opt/anaconda3/bin/python
2025-01-30 15:36:43.203 [info] Discovered env: /opt/anaconda3/envs/python=3.13
2025-01-30 15:36:43.205 [info] Discovered env: /opt/anaconda3/envs/aicar/bin/python
2025-01-30 15:36:43.207 [info] Discovered env: /opt/anaconda3/envs/bin234/bin/python
2025-01-30 15:36:43.209 [info] Discovered env: /opt/anaconda3/envs/bin123/bin/python
2025-01-30 15:36:43.228 [info] Discovered env: /opt/anaconda3/envs/ehdnjs_yolo/bin/python
2025-01-30 15:36:43.233 [info] Discovered env: /opt/anaconda3/envs/basic/bin/python
2025-01-30 15:36:43.236 [info] Discovered env: /opt/anaconda3/envs/bin345/bin/python
2025-01-30 15:36:43.238 [info] Discovered env: /opt/anaconda3/envs/jayeon/bin/python
2025-01-30 15:36:43.239 [info] Discovered env: /opt/anaconda3/envs/JokerK/bin/python
2025-01-30 15:36:43.240 [info] Discovered env: /opt/anaconda3/envs/cdp310/bin/python
2025-01-30 15:36:43.241 [info] Discovered env: /opt/anaconda3/envs/kaldi/bin/python
2025-01-30 15:36:43.243 [info] Discovered env: /opt/anaconda3/envs/dlalsrb123/bin/python
2025-01-30 15:36:43.245 [info] Discovered env: /opt/anaconda3/envs/ezh123/bin/python
2025-01-30 15:36:43.247 [info] Discovered env: /opt/anaconda3/envs/autopilot_lsm/bin/python
2025-01-30 15:36:43.248 [info] Discovered env: /opt/anaconda3/envs/gps/bin/python
2025-01-30 15:36:43.249 [info] Discovered env: /opt/anaconda3/envs/kgjtest/bin/python
2025-01-30 15:36:43.251 [info] Discovered env: /opt/anaconda3/envs/lanenet_env/bin/python
2025-01-30 15:36:43.252 [info] Discovered env: /opt/anaconda3/envs/golf/bin/python
2025-01-30 15:36:43.253 [info] Discovered env: /opt/anaconda3/envs/test999/bin/python
2025-01-30 15:36:43.255 [info] Discovered env: /opt/anaconda3/envs/surveybay/bin/python
2025-01-30 15:36:43.256 [info] Discovered env: /opt/anaconda3/envs/myenv/bin/python
2025-01-30 15:36:43.257 [info] Discovered env: /opt/anaconda3/envs/env_lsy/bin/python
2025-01-30 15:36:43.259 [info] Discovered env: /opt/anaconda3/envs/test1299/bin/python
2025-01-30 15:36:43.264 [info] Discovered env: /opt/anaconda3/envs/water/bin/python
2025-01-30 15:36:43.271 [info] Discovered env: /opt/anaconda3/envs/hansol/bin/python
2025-01-30 15:36:43.273 [info] Discovered env: /opt/anaconda3/envs/newenv/bin/python
2025-01-30 15:36:43.274 [info] Discovered env: /opt/anaconda3/envs/skaigroove/bin/python
2025-01-30 15:36:43.276 [info] Discovered env: /opt/anaconda3/envs/goguma/bin/python
2025-01-30 15:36:43.277 [info] Discovered env: /opt/anaconda3/envs/person_tracking/bin/python
2025-01-30 15:36:43.279 [info] Discovered env: /opt/anaconda3/envs/yolop/bin/python
2025-01-30 15:36:43.280 [info] Discovered env: /opt/anaconda3/envs/bk7602/bin/python
2025-01-30 15:36:43.284 [info] Discovered env: /opt/anaconda3/envs/test1026/bin/python
2025-01-30 15:36:43.285 [info] Discovered env: /opt/anaconda3/envs/yangpa/bin/python
2025-01-30 15:36:43.287 [info] Discovered env: /opt/anaconda3/envs/nanie1664/bin/python
2025-01-30 15:36:43.289 [info] Discovered env: /opt/anaconda3/envs/msoh/bin/python
2025-01-30 15:36:43.290 [info] Discovered env: /opt/anaconda3/envs/jha/bin/python
2025-01-30 15:36:43.292 [info] Discovered env: /opt/anaconda3/envs/adas_cju/bin/python
2025-01-30 15:36:43.294 [info] Discovered env: /opt/anaconda3/envs/KGJ/bin/python
2025-01-30 15:36:43.296 [info] Discovered env: /opt/anaconda3/envs/cju_mlane/bin/python
2025-01-30 15:36:43.297 [info] Discovered env: /opt/anaconda3/envs/nanie1/bin/python
2025-01-30 15:36:43.307 [info] Discovered env: /opt/anaconda3/envs/nanie/bin/python
2025-01-30 15:36:43.310 [info] Discovered env: /opt/anaconda3/envs/hjjeon/bin/python
2025-01-30 15:36:43.312 [info] Discovered env: /opt/anaconda3/envs/test8737/bin/python
2025-01-30 15:36:43.314 [info] Discovered env: /opt/anaconda3/envs/test123/bin/python
2025-01-30 15:36:43.316 [info] Discovered env: /opt/anaconda3/envs/cju/bin/python
2025-01-30 15:36:43.318 [info] Discovered env: /opt/anaconda3/envs/cgh/bin/python
2025-01-30 15:36:43.320 [info] Discovered env: /opt/anaconda3/envs/bogdong/bin/python
2025-01-30 15:36:43.322 [info] Discovered env: /opt/anaconda3/envs/torch/bin/python
2025-01-30 15:36:43.323 [info] Discovered env: /opt/anaconda3/envs/shkim/bin/python
2025-01-30 15:36:43.326 [info] Discovered env: /usr/bin/python3
2025-01-30 15:36:43.328 [info] Discovered env: /bin/python3
2025-01-30 15:36:43.330 [info] Locator Conda took 171.141962ms
2025-01-30 15:36:43.330 [info] Locator Homebrew took 8.301094ms
2025-01-30 15:36:43.330 [info] Locator LinuxGlobal took 176.769693ms
2025-01-30 15:36:43.330 [info] Locator PipEnv took 46.78µs
2025-01-30 15:36:43.330 [info] Locator Poetry took 189.694µs
2025-01-30 15:36:43.330 [info] Locator PyEnv took 218.486µs
2025-01-30 15:36:43.330 [info] Locator Venv took 13.594µs
2025-01-30 15:36:43.330 [info] Locator VirtualEnv took 42.742µs
2025-01-30 15:36:43.330 [info] Locator VirtualEnvWrapper took 50.169µs
2025-01-30 15:36:43.330 [info] Locator GlobalVirtualEnvs took 167.851µs
2025-01-30 15:36:43.330 [info] Locator Locators took 177.210034ms
2025-01-30 15:36:43.330 [info] Locator Path took 224.14851ms
2025-01-30 15:36:43.330 [info] Locator Workspaces took 1.910741ms
2025-01-30 15:36:43.330 [info] Refresh completed in 224ms
2025-01-30 15:36:43.331 [info] Resolved Python Environment /opt/anaconda3/envs/bogdong/bin/python
2025-01-30 15:40:23.308 [info] Resolved Python Environment /opt/anaconda3/envs/bogdong/bin/python
2025-01-30 15:40:58.715 [info] Resolved Python Environment /opt/anaconda3/envs/bogdong/bin/python
2025-01-30 15:42:10.895 [info] Resolved Python Environment /opt/anaconda3/envs/bogdong/bin/python
2025-01-30 15:47:07.452 [info] Resolved Python Environment /opt/anaconda3/envs/bogdong/bin/python
2025-01-30 15:48:26.847 [info] Resolved Python Environment /opt/anaconda3/envs/bogdong/bin/python
2025-01-30 15:50:02.635 [info] Resolved Python Environment /opt/anaconda3/envs/bogdong/bin/python
2025-01-30 16:01:34.251 [info] Resolved Python Environment /opt/anaconda3/envs/bogdong/bin/python
2025-01-30 16:02:05.280 [info] Resolved Python Environment /opt/anaconda3/envs/bogdong/bin/python
2025-01-30 16:04:21.098 [info] Resolved Python Environment /opt/anaconda3/envs/bogdong/bin/python
2025-01-30 16:04:54.572 [info] Resolved Python Environment /opt/anaconda3/envs/bogdong/bin/python
2025-01-30 16:05:37.065 [info] Resolved Python Environment /opt/anaconda3/envs/bogdong/bin/python
2025-01-30 16:17:20.560 [info] Resolved Python Environment /opt/anaconda3/envs/bogdong/bin/python
2025-01-30 16:17:59.900 [info] Resolved Python Environment /opt/anaconda3/envs/bogdong/bin/python
2025-01-30 16:23:49.280 [info] Resolved Python Environment /opt/anaconda3/envs/bogdong/bin/python
2025-01-30 16:33:27.037 [info] Resolved Python Environment /opt/anaconda3/envs/bogdong/bin/python
2025-01-30 16:44:53.267 [info] Resolved Python Environment /opt/anaconda3/envs/bogdong/bin/python
2025-01-30 16:45:26.303 [info] Resolved Python Environment /opt/anaconda3/envs/bogdong/bin/python
2025-01-30 16:47:19.895 [info] Resolved Python Environment /opt/anaconda3/envs/bogdong/bin/python
2025-01-30 16:48:59.157 [info] Resolved Python Environment /opt/anaconda3/envs/bogdong/bin/python
2025-01-30 16:49:50.685 [info] Resolved Python Environment /opt/anaconda3/envs/bogdong/bin/python
2025-01-30 16:51:40.986 [info] Resolved Python Environment /opt/anaconda3/envs/bogdong/bin/python
2025-01-30 16:52:27.085 [info] Resolved Python Environment /opt/anaconda3/envs/bogdong/bin/python
2025-01-30 16:52:59.960 [info] Resolved Python Environment /opt/anaconda3/envs/bogdong/bin/python
2025-01-30 17:01:36.726 [info] Resolved Python Environment /opt/anaconda3/envs/bogdong/bin/python
2025-01-30 17:04:47.760 [info] Resolved Python Environment /opt/anaconda3/envs/bogdong/bin/python
2025-01-30 17:05:35.615 [info] Resolved Python Environment /opt/anaconda3/envs/bogdong/bin/python
2025-01-30 17:12:57.735 [info] Resolved Python Environment /opt/anaconda3/envs/bogdong/bin/python
2025-01-30 17:13:35.636 [info] Resolved Python Environment /opt/anaconda3/envs/bogdong/bin/python
2025-01-30 17:14:06.549 [info] Resolved Python Environment /opt/anaconda3/envs/bogdong/bin/python
2025-01-30 17:15:10.965 [info] Resolved Python Environment /opt/anaconda3/envs/bogdong/bin/python
2025-01-30 17:29:38.978 [info] Resolved Python Environment /opt/anaconda3/envs/bogdong/bin/python
2025-01-30 17:30:54.026 [info] Resolved Python Environment /opt/anaconda3/envs/bogdong/bin/python
2025-01-30 17:42:42.655 [info] Resolved Python Environment /opt/anaconda3/envs/bogdong/bin/python
2025-01-30 17:48:01.343 [info] Resolved Python Environment /opt/anaconda3/envs/bogdong/bin/python
2025-01-30 17:48:52.513 [info] Resolved Python Environment /opt/anaconda3/envs/bogdong/bin/python
2025-01-30 17:49:31.398 [info] Resolved Python Environment /opt/anaconda3/envs/bogdong/bin/python
2025-01-30 17:51:31.094 [info] Resolved Python Environment /opt/anaconda3/envs/bogdong/bin/python
2025-01-30 17:52:37.291 [info] Resolved Python Environment /opt/anaconda3/envs/bogdong/bin/python
2025-01-30 17:53:07.680 [info] Resolved Python Environment /opt/anaconda3/envs/bogdong/bin/python
2025-01-30 18:22:06.873 [info] Resolved Python Environment /opt/anaconda3/envs/bogdong/bin/python
2025-01-30 18:43:00.078 [info] Resolved Python Environment /opt/anaconda3/envs/bogdong/bin/python
2025-01-30 18:52:11.336 [info] Resolved Python Environment /opt/anaconda3/envs/bogdong/bin/python
