2025-02-02 17:46:40.370 [info] Starting Python Locator /home/iujeong/.vscode-server/extensions/ms-python.python-2024.22.2-linux-x64/python-env-tools/bin/pet server
2025-02-02 17:46:40.371 [info] Discovered manager: (Conda) /opt/anaconda3/bin/conda
2025-02-02 17:46:40.371 [info] Discovered env: /opt/anaconda3/bin/python
2025-02-02 17:46:40.376 [info] Discovered env: /opt/anaconda3/envs/python=3.13
2025-02-02 17:46:40.378 [info] Discovered env: /opt/anaconda3/envs/aicar/bin/python
2025-02-02 17:46:40.379 [info] Discovered env: /opt/anaconda3/envs/autopilot_lsm/bin/python
2025-02-02 17:46:40.380 [info] Discovered env: /opt/anaconda3/envs/JokerK/bin/python
2025-02-02 17:46:40.385 [info] Discovered env: /opt/anaconda3/envs/bin234/bin/python
2025-02-02 17:46:40.386 [info] Discovered env: /opt/anaconda3/envs/cdp310/bin/python
2025-02-02 17:46:40.387 [info] Discovered env: /opt/anaconda3/envs/basic/bin/python
2025-02-02 17:46:40.388 [info] Discovered env: /opt/anaconda3/envs/bin345/bin/python
2025-02-02 17:46:40.390 [info] Discovered env: /opt/anaconda3/envs/ehdnjs_yolo/bin/python
2025-02-02 17:46:40.391 [info] Discovered env: /opt/anaconda3/envs/gps/bin/python
2025-02-02 17:46:40.393 [info] Discovered env: /opt/anaconda3/envs/bin123/bin/python
2025-02-02 17:46:40.395 [info] Discovered env: /opt/anaconda3/envs/jayeon/bin/python
2025-02-02 17:46:40.399 [info] Discovered env: /opt/anaconda3/envs/golf/bin/python
2025-02-02 17:46:40.489 [info] Discovered env: /opt/anaconda3/envs/goguma/bin/python
2025-02-02 17:46:40.495 [info] Discovered env: /opt/anaconda3/envs/dlalsrb123/bin/python
2025-02-02 17:46:40.507 [info] Discovered env: /opt/anaconda3/envs/kgjtest/bin/python
2025-02-02 17:46:40.520 [info] Discovered env: /opt/anaconda3/envs/hansol/bin/python
2025-02-02 17:46:40.522 [info] Discovered env: /opt/anaconda3/envs/kaldi/bin/python
2025-02-02 17:46:40.528 [info] Discovered env: /bin/python3
2025-02-02 17:46:40.535 [info] Discovered env: /opt/anaconda3/envs/ezh123/bin/python
2025-02-02 17:46:40.554 [info] Discovered env: /usr/bin/python3
2025-02-02 17:46:40.569 [info] Discovered env: /opt/anaconda3/envs/newenv/bin/python
2025-02-02 17:46:40.581 [info] Discovered env: /opt/anaconda3/envs/myenv/bin/python
2025-02-02 17:46:40.590 [info] Discovered env: /opt/anaconda3/envs/test1299/bin/python
2025-02-02 17:46:40.596 [info] Discovered env: /opt/anaconda3/envs/lanenet_env/bin/python
2025-02-02 17:46:40.674 [info] Discovered env: /opt/anaconda3/envs/test999/bin/python
2025-02-02 17:46:40.682 [info] Discovered env: /opt/anaconda3/envs/surveybay/bin/python
2025-02-02 17:46:40.685 [info] Discovered env: /opt/anaconda3/envs/env_lsy/bin/python
2025-02-02 17:46:40.689 [info] Discovered env: /opt/anaconda3/envs/skaigroove/bin/python
2025-02-02 17:46:40.695 [info] Discovered env: /opt/anaconda3/envs/water/bin/python
2025-02-02 17:46:40.698 [info] Discovered env: /opt/anaconda3/envs/person_tracking/bin/python
2025-02-02 17:46:40.699 [info] Discovered env: /opt/anaconda3/envs/yangpa/bin/python
2025-02-02 17:46:40.701 [info] Discovered env: /opt/anaconda3/envs/test1026/bin/python
2025-02-02 17:46:40.703 [info] Discovered env: /opt/anaconda3/envs/bk7602/bin/python
2025-02-02 17:46:40.705 [info] Discovered env: /opt/anaconda3/envs/yolop/bin/python
2025-02-02 17:46:40.707 [info] Discovered env: /opt/anaconda3/envs/nanie1664/bin/python
2025-02-02 17:46:40.708 [info] Discovered env: /opt/anaconda3/envs/KGJ/bin/python
2025-02-02 17:46:40.711 [info] Discovered env: /opt/anaconda3/envs/hjjeon/bin/python
2025-02-02 17:46:40.713 [info] Discovered env: /opt/anaconda3/envs/msoh/bin/python
2025-02-02 17:46:40.714 [info] Discovered env: /opt/anaconda3/envs/jha/bin/python
2025-02-02 17:46:40.716 [info] Discovered env: /opt/anaconda3/envs/adas_cju/bin/python
2025-02-02 17:46:40.718 [info] Discovered env: /opt/anaconda3/envs/nanie1/bin/python
2025-02-02 17:46:40.720 [info] Discovered env: /opt/anaconda3/envs/nanie/bin/python
2025-02-02 17:46:40.721 [info] Discovered env: /opt/anaconda3/envs/cju_mlane/bin/python
2025-02-02 17:46:40.723 [info] Discovered env: /opt/anaconda3/envs/bogdong/bin/python
2025-02-02 17:46:40.725 [info] Discovered env: /opt/anaconda3/envs/test123/bin/python
2025-02-02 17:46:40.727 [info] Discovered env: /opt/anaconda3/envs/cju/bin/python
2025-02-02 17:46:40.728 [info] Discovered env: /opt/anaconda3/envs/test8737/bin/python
2025-02-02 17:46:40.730 [info] Discovered env: /opt/anaconda3/envs/cgh/bin/python
2025-02-02 17:46:40.733 [info] Discovered env: /opt/anaconda3/envs/shkim/bin/python
2025-02-02 17:46:40.736 [info] Discovered env: /opt/anaconda3/envs/torch/bin/python
2025-02-02 17:46:40.739 [info] Locator Conda took 168.064999ms
2025-02-02 17:46:40.739 [info] Locator Homebrew took 180.827µs
2025-02-02 17:46:40.739 [info] Locator LinuxGlobal took 165.849155ms
2025-02-02 17:46:40.739 [info] Locator PipEnv took 69.782µs
2025-02-02 17:46:40.739 [info] Locator Poetry took 388.574µs
2025-02-02 17:46:40.739 [info] Locator PyEnv took 554.114µs
2025-02-02 17:46:40.739 [info] Locator Venv took 44.787µs
2025-02-02 17:46:40.739 [info] Locator VirtualEnv took 146.161µs
2025-02-02 17:46:40.739 [info] Locator VirtualEnvWrapper took 11.345µs
2025-02-02 17:46:40.739 [info] Locator GlobalVirtualEnvs took 92.402µs
2025-02-02 17:46:40.739 [info] Locator Locators took 168.556047ms
2025-02-02 17:46:40.739 [info] Locator Path took 211.641025ms
2025-02-02 17:46:40.739 [info] Locator Workspaces took 2.393665ms
2025-02-02 17:46:40.739 [info] Refresh completed in 211ms
2025-02-02 17:46:40.740 [info] Resolved Python Environment /opt/anaconda3/envs/shkim/bin/python
2025-02-02 17:48:58.865 [info] Resolved Python Environment /opt/anaconda3/envs/shkim/bin/python
2025-02-02 18:14:14.951 [info] Resolved Python Environment /opt/anaconda3/envs/shkim/bin/python
2025-02-02 18:14:55.973 [info] Resolved Python Environment /opt/anaconda3/envs/shkim/bin/python
2025-02-02 18:29:59.571 [info] Resolved Python Environment /opt/anaconda3/envs/shkim/bin/python
2025-02-02 18:33:50.074 [info] Resolved Python Environment /opt/anaconda3/envs/shkim/bin/python
2025-02-02 18:40:50.930 [info] Resolved Python Environment /opt/anaconda3/envs/shkim/bin/python
2025-02-02 18:42:35.572 [info] Resolved Python Environment /opt/anaconda3/envs/shkim/bin/python
2025-02-02 18:43:45.684 [info] Resolved Python Environment /opt/anaconda3/envs/shkim/bin/python
