2025-02-02 17:46:40.971 [info] [Info  - 오후 5:46:40] (2451752) Server root directory: file:///home/iujeong/.vscode-server/extensions/ms-python.vscode-pylance-2024.12.1/dist
2025-02-02 17:46:40.974 [info] [Info  - 오후 5:46:40] (2451752) Pylance language server 2024.12.1 (pyright version 1.1.389, commit ce1325fc) starting
2025-02-02 17:46:40.976 [info] [Info  - 오후 5:46:40] (2451752) Starting service instance "iujeong"
2025-02-02 17:46:40.997 [info] [Info  - 오후 5:46:40] (2451752) Setting environmentName for service "iujeong": "3.13.1 (shkim conda)"
2025-02-02 17:46:40.997 [info] [Info  - 오후 5:46:40] (2451752) Setting pythonPath for service "iujeong": "/opt/anaconda3/envs/shkim/bin/python"
2025-02-02 17:46:40.997 [info] [Info  - 오후 5:46:40] (2451752) No include entries specified; assuming /home/iujeong
2025-02-02 17:46:41.000 [info] [Info  - 오후 5:46:41] (2451752) Auto-excluding **/node_modules
2025-02-02 17:46:41.000 [info] [Info  - 오후 5:46:41] (2451752) Auto-excluding **/__pycache__
2025-02-02 17:46:41.000 [info] [Info  - 오후 5:46:41] (2451752) Auto-excluding **/.*
2025-02-02 17:46:41.013 [info] [Info  - 오후 5:46:41] (2451752) Assuming Python version 3.13.1.final.0
2025-02-02 17:46:41.072 [info] [Info  - 오후 5:46:41] (2451752) Found 7 source files
2025-02-02 17:46:41.293 [info] [Info  - 오후 5:46:41] (2451752) Background analysis(1) root directory: file:///home/iujeong/.vscode-server/extensions/ms-python.vscode-pylance-2024.12.1/dist
2025-02-02 17:46:41.293 [info] [Info  - 오후 5:46:41] (2451752) Background analysis(1) started
2025-02-02 17:46:41.293 [info] [Info  - 오후 5:46:41] (2451752) Indexer background runner(2) root directory: file:///home/iujeong/.vscode-server/extensions/ms-python.vscode-pylance-2024.12.1/dist (index)
2025-02-02 17:46:41.293 [info] [Info  - 오후 5:46:41] (2451752) Indexing(2) started
2025-02-02 17:46:41.463 [info] [Info  - 오후 5:46:41] (2451752) scanned(2) 212 files over 1 exec env
2025-02-02 17:46:41.564 [info] [Info  - 오후 5:46:41] (2451752) indexed(2) 212 files over 1 exec env
2025-02-02 17:46:41.609 [info] [Info  - 오후 5:46:41] (2451752) Indexing finished(2).
2025-02-02 17:46:51.165 [info] (Client) The existing extension didn't exit within 10 seconds. New instance will start, but you might encounter issues.
2025-02-02 17:46:51.165 [info] (Client) Pylance async client (2024.12.1) started with python extension (2024.22.2)
2025-02-02 17:48:58.873 [info] [Info  - 오후 5:48:58] (2451752) Setting environmentName for service "iujeong": "3.13.1 (shkim conda)"
2025-02-02 17:48:58.873 [info] [Info  - 오후 5:48:58] (2451752) Setting pythonPath for service "iujeong": "/opt/anaconda3/envs/shkim/bin/python"
2025-02-02 17:48:58.873 [info] [Info  - 오후 5:48:58] (2451752) No include entries specified; assuming /home/iujeong
2025-02-02 17:48:58.873 [info] [Info  - 오후 5:48:58] (2451752) Auto-excluding **/node_modules
2025-02-02 17:48:58.873 [info] [Info  - 오후 5:48:58] (2451752) Auto-excluding **/__pycache__
2025-02-02 17:48:58.873 [info] [Info  - 오후 5:48:58] (2451752) Auto-excluding **/.*
2025-02-02 17:48:58.888 [info] [Info  - 오후 5:48:58] (2451752) Assuming Python version 3.13.1.final.0
2025-02-02 17:48:58.918 [info] [Info  - 오후 5:48:58] (2451752) Found 7 source files
2025-02-02 17:48:59.099 [info] [Info  - 오후 5:48:59] (2451752) Indexer background runner(3) root directory: file:///home/iujeong/.vscode-server/extensions/ms-python.vscode-pylance-2024.12.1/dist (index)
2025-02-02 17:48:59.099 [info] [Info  - 오후 5:48:59] (2451752) Indexing(3) started
2025-02-02 17:48:59.230 [info] [Info  - 오후 5:48:59] (2451752) scanned(3) 212 files over 1 exec env
2025-02-02 17:48:59.332 [info] [Info  - 오후 5:48:59] (2451752) indexed(3) 212 files over 1 exec env
2025-02-02 17:48:59.374 [info] [Info  - 오후 5:48:59] (2451752) Indexing finished(3).
