2025-02-02 21:40:21.208 [info] (Client) Pylance async client (2024.12.1) started with python extension (2024.22.2)
2025-02-02 21:40:21.402 [info] [Info  - 오후 9:40:21] (2476247) Server root directory: file:///home/iujeong/.vscode-server/extensions/ms-python.vscode-pylance-2024.12.1/dist
2025-02-02 21:40:21.402 [info] [Info  - 오후 9:40:21] (2476247) Pylance language server 2024.12.1 (pyright version 1.1.389, commit ce1325fc) starting
2025-02-02 21:40:21.402 [info] [Info  - 오후 9:40:21] (2476247) Starting service instance "iujeong"
2025-02-02 21:40:21.419 [info] [Info  - 오후 9:40:21] (2476247) Setting environmentName for service "iujeong": "3.13.1 (shkim conda)"
2025-02-02 21:40:21.420 [info] [Info  - 오후 9:40:21] (2476247) Setting pythonPath for service "iujeong": "/opt/anaconda3/envs/shkim/bin/python"
2025-02-02 21:40:21.420 [info] [Info  - 오후 9:40:21] (2476247) No include entries specified; assuming /home/iujeong
2025-02-02 21:40:21.420 [info] [Info  - 오후 9:40:21] (2476247) Auto-excluding **/node_modules
2025-02-02 21:40:21.420 [info] [Info  - 오후 9:40:21] (2476247) Auto-excluding **/__pycache__
2025-02-02 21:40:21.420 [info] [Info  - 오후 9:40:21] (2476247) Auto-excluding **/.*
2025-02-02 21:40:21.434 [info] [Info  - 오후 9:40:21] (2476247) Assuming Python version 3.13.1.final.0
2025-02-02 21:40:21.477 [info] [Info  - 오후 9:40:21] (2476247) Found 7 source files
2025-02-02 21:40:21.622 [info] [Info  - 오후 9:40:21] (2476247) Background analysis(1) root directory: file:///home/iujeong/.vscode-server/extensions/ms-python.vscode-pylance-2024.12.1/dist
2025-02-02 21:40:21.623 [info] [Info  - 오후 9:40:21] (2476247) Background analysis(1) started
2025-02-02 21:45:06.612 [info] [Info  - 오후 9:45:06] (2476247) Setting environmentName for service "iujeong": "3.12.8 (bogdong conda)"
2025-02-02 21:45:06.612 [info] [Info  - 오후 9:45:06] (2476247) Setting pythonPath for service "iujeong": "/opt/anaconda3/envs/bogdong/bin/python"
2025-02-02 21:45:06.612 [info] [Info  - 오후 9:45:06] (2476247) No include entries specified; assuming /home/iujeong
2025-02-02 21:45:06.612 [info] [Info  - 오후 9:45:06] (2476247) Auto-excluding **/node_modules
2025-02-02 21:45:06.612 [info] [Info  - 오후 9:45:06] (2476247) Auto-excluding **/__pycache__
2025-02-02 21:45:06.612 [info] [Info  - 오후 9:45:06] (2476247) Auto-excluding **/.*
2025-02-02 21:45:06.624 [info] [Info  - 오후 9:45:06] (2476247) Assuming Python version 3.12.8.final.0
2025-02-02 21:45:06.645 [info] [Info  - 오후 9:45:06] (2476247) Found 7 source files
2025-02-02 21:46:29.599 [info] [Info  - 오후 9:46:29] (2476247) Indexer background runner(2) root directory: file:///home/iujeong/.vscode-server/extensions/ms-python.vscode-pylance-2024.12.1/dist (index)
2025-02-02 21:46:29.601 [info] [Info  - 오후 9:46:29] (2476247) Indexing(2) started
2025-02-02 21:46:29.605 [info] [Info  - 오후 9:46:29] (2476247) scanned(2) 141 files over 1 exec env
2025-02-02 21:46:29.763 [info] [Info  - 오후 9:46:29] (2476247) indexed(2) 141 files over 1 exec env
2025-02-02 21:46:29.791 [info] [Info  - 오후 9:46:29] (2476247) Indexing finished(2).
2025-02-02 21:46:33.067 [info] [Info  - 오후 9:46:33] (2476247) Setting environmentName for service "iujeong": "3.12.8 (bogdong conda)"
2025-02-02 21:46:33.067 [info] [Info  - 오후 9:46:33] (2476247) Setting pythonPath for service "iujeong": "/opt/anaconda3/envs/bogdong/bin/python"
2025-02-02 21:46:33.067 [info] [Info  - 오후 9:46:33] (2476247) No include entries specified; assuming /home/iujeong
2025-02-02 21:46:33.067 [info] [Info  - 오후 9:46:33] (2476247) Auto-excluding **/node_modules
2025-02-02 21:46:33.067 [info] [Info  - 오후 9:46:33] (2476247) Auto-excluding **/__pycache__
2025-02-02 21:46:33.067 [info] [Info  - 오후 9:46:33] (2476247) Auto-excluding **/.*
2025-02-02 21:46:33.079 [info] [Info  - 오후 9:46:33] (2476247) Assuming Python version 3.12.8.final.0
2025-02-02 21:46:33.101 [info] [Info  - 오후 9:46:33] (2476247) Found 7 source files
2025-02-02 21:46:33.284 [info] [Info  - 오후 9:46:33] (2476247) Indexer background runner(3) root directory: file:///home/iujeong/.vscode-server/extensions/ms-python.vscode-pylance-2024.12.1/dist (index)
2025-02-02 21:46:33.284 [info] [Info  - 오후 9:46:33] (2476247) Indexing(3) started
2025-02-02 21:46:33.386 [info] [Info  - 오후 9:46:33] (2476247) scanned(3) 141 files over 1 exec env
2025-02-02 21:46:33.466 [info] [Info  - 오후 9:46:33] (2476247) indexed(3) 141 files over 1 exec env
2025-02-02 21:46:33.488 [info] [Info  - 오후 9:46:33] (2476247) Indexing finished(3).
