2025-02-03 09:41:16.339 [info] 실험 'pythonRecommendTensorboardExt'이(가) 활성 상태입니다.
2025-02-03 09:41:16.339 [info] 실험 'pythonTerminalEnvVarActivation'이(가) 활성 상태입니다.
2025-02-03 09:41:16.339 [info] 실험 'pythonTestAdapter'이(가) 활성 상태입니다.
2025-02-03 09:41:16.339 [info] Native locator: Refresh started
2025-02-03 09:41:16.339 [info] Native locator: Refresh started
2025-02-03 09:41:16.339 [info] Conda environment manager found at: /opt/anaconda3/bin/conda
2025-02-03 09:41:16.343 [info] Native locator: Refresh finished in 271 ms
2025-02-03 09:41:16.354 [info] Python 인터프리터 경로: /opt/anaconda3/envs/bogdong/bin/python
2025-02-03 09:41:16.370 [info] > pyenv which python
2025-02-03 09:41:16.370 [info] cwd: .
2025-02-03 09:41:16.417 [info] > conda info --json
2025-02-03 09:41:16.417 [info] shell: bash
2025-02-03 09:41:16.797 [info] > conda run -n bogdong --no-capture-output python ./.vscode-server/extensions/ms-python.python-2024.22.2-linux-x64/python_files/get_output_via_markers.py ./.vscode-server/extensions/ms-python.python-2024.22.2-linux-x64/python_files/printEnvVariables.py
2025-02-03 09:41:16.797 [info] shell: bash
2025-02-03 09:41:17.099 [error] [
  `Failed to start language server, Class name = h, completed in 684ms, has a falsy return value, Arg 1: <Uri:/home/iujeong>, Arg 2: {"id":"/opt/anaconda3/envs/bogdong/bin/python","sysPrefix":"/opt/anaconda3/envs/bogdong","envType":"Conda","envName":"bogdong","envPath":"/opt/anaconda3/envs/bogdong","path":"/opt/anaconda3/envs/bogdong/bin/python","architecture":3,"sysVersion":"","version":{"raw":"3.12.8","major":3,"minor":12,"patch":8,"build":[],"prerelease":[]},"displayName":"Python 3.12.8 ('bogdong')","detailedDisplayName":"Python 3.12.8 ('bogdong')","type":"Conda"}, Arg 3: {"documentSelector":[{"scheme":"file","language":"python"},{"scheme":"untitled","language":"python"},{"scheme":"vscode-notebook","language":"python"},{"scheme":"vscode-notebook-cell","language":"python"},{"scheme":"vscode-interactive-input","language":"python"}],"synchronize":{"configurationSection":["python","jupyter.runStartupCommands"]},"outputChannel":{"name":"Python 언어 서버","logLevel":3},"revealOutputChannelOn":4,"initializationOptions":{"experimentationSupport":true,"trustedWorkspaceSupport":true},"middleware":{"serviceContainer":{"container":{"options":{"autoBindInjectable":false,"defaultScope":"Transient","skipBaseClassChecks":true},"id":0,"_bindingDictionary":{"_map":{}},"_snapshots":[],"_middleware":null,"_activations":{"_map":{}},"_deactivations":{"_map":{}},"parent":null,"_metadataReader":{},"_moduleActivationStore":{"_map":{}}}},"serverVersion":"2024.12.1","lastCaptured":{},"nextWindow":0,"eventCount":0,"workspace":{},"connectedPromise":{"scope":null,"_resolved":false,"_rejected":false,"_promise":{}},"notebooks":{},"eventName":"LANGUAGE_SERVER.REQUEST"}}, Return Value: undefined`,
  [l [Error]: Pending response rejected since connection got disposed
  	at Object.dispose (/home/iujeong/.vscode-server/extensions/ms-python.python-2024.22.2-linux-x64/out/client/extension.js:2:2041842)
  	at Object.dispose (/home/iujeong/.vscode-server/extensions/ms-python.python-2024.22.2-linux-x64/out/client/extension.js:2:2104375)
  	at T.handleConnectionClosed (/home/iujeong/.vscode-server/extensions/ms-python.python-2024.22.2-linux-x64/out/client/extension.js:2:2104782)
  	at T.handleConnectionClosed (/home/iujeong/.vscode-server/extensions/ms-python.python-2024.22.2-linux-x64/out/client/extension.js:2:2302951)
  	at /home/iujeong/.vscode-server/extensions/ms-python.python-2024.22.2-linux-x64/out/client/extension.js:2:2104524
  	at s.invoke (/home/iujeong/.vscode-server/extensions/ms-python.python-2024.22.2-linux-x64/out/client/extension.js:2:2043694)
  	at a.fire (/home/iujeong/.vscode-server/extensions/ms-python.python-2024.22.2-linux-x64/out/client/extension.js:2:2044512)
  	at ne (/home/iujeong/.vscode-server/extensions/ms-python.python-2024.22.2-linux-x64/out/client/extension.js:2:2030065)
  	at s.invoke (/home/iujeong/.vscode-server/extensions/ms-python.python-2024.22.2-linux-x64/out/client/extension.js:2:2043694)
  	at a.fire (/home/iujeong/.vscode-server/extensions/ms-python.python-2024.22.2-linux-x64/out/client/extension.js:2:2044512)
  	at v.fireClose (/home/iujeong/.vscode-server/extensions/ms-python.python-2024.22.2-linux-x64/out/client/extension.js:2:2053337)
  	at ChildProcess.<anonymous> (/home/iujeong/.vscode-server/extensions/ms-python.python-2024.22.2-linux-x64/out/client/extension.js:2:2068027)
  	at ChildProcess.emit (node:events:530:35)
  	at maybeClose (node:internal/child_process:1104:16)
  	at Socket.<anonymous> (node:internal/child_process:456:11)
  	at Socket.emit (node:events:518:28)
  	at Pipe.<anonymous> (node:net:343:12)] {
    code: -32097,
    data: undefined
  }
]
2025-02-03 09:41:17.099 [error] [
  'Starting language server, Class name = p, completed in 685ms, has a falsy return value, , Return Value: undefined',
  [l [Error]: Pending response rejected since connection got disposed
  	at Object.dispose (/home/iujeong/.vscode-server/extensions/ms-python.python-2024.22.2-linux-x64/out/client/extension.js:2:2041842)
  	at Object.dispose (/home/iujeong/.vscode-server/extensions/ms-python.python-2024.22.2-linux-x64/out/client/extension.js:2:2104375)
  	at T.handleConnectionClosed (/home/iujeong/.vscode-server/extensions/ms-python.python-2024.22.2-linux-x64/out/client/extension.js:2:2104782)
  	at T.handleConnectionClosed (/home/iujeong/.vscode-server/extensions/ms-python.python-2024.22.2-linux-x64/out/client/extension.js:2:2302951)
  	at /home/iujeong/.vscode-server/extensions/ms-python.python-2024.22.2-linux-x64/out/client/extension.js:2:2104524
  	at s.invoke (/home/iujeong/.vscode-server/extensions/ms-python.python-2024.22.2-linux-x64/out/client/extension.js:2:2043694)
  	at a.fire (/home/iujeong/.vscode-server/extensions/ms-python.python-2024.22.2-linux-x64/out/client/extension.js:2:2044512)
  	at ne (/home/iujeong/.vscode-server/extensions/ms-python.python-2024.22.2-linux-x64/out/client/extension.js:2:2030065)
  	at s.invoke (/home/iujeong/.vscode-server/extensions/ms-python.python-2024.22.2-linux-x64/out/client/extension.js:2:2043694)
  	at a.fire (/home/iujeong/.vscode-server/extensions/ms-python.python-2024.22.2-linux-x64/out/client/extension.js:2:2044512)
  	at v.fireClose (/home/iujeong/.vscode-server/extensions/ms-python.python-2024.22.2-linux-x64/out/client/extension.js:2:2053337)
  	at ChildProcess.<anonymous> (/home/iujeong/.vscode-server/extensions/ms-python.python-2024.22.2-linux-x64/out/client/extension.js:2:2068027)
  	at ChildProcess.emit (node:events:530:35)
  	at maybeClose (node:internal/child_process:1104:16)
  	at Socket.<anonymous> (node:internal/child_process:456:11)
  	at Socket.emit (node:events:518:28)
  	at Pipe.<anonymous> (node:net:343:12)] {
    code: -32097,
    data: undefined
  }
]
2025-02-03 09:41:17.099 [error] [
  `Failed to start language server, Class name = p, completed in 685ms, has a falsy return value, Arg 1: <Uri:/home/iujeong>, Arg 2: {"id":"/opt/anaconda3/envs/bogdong/bin/python","sysPrefix":"/opt/anaconda3/envs/bogdong","envType":"Conda","envName":"bogdong","envPath":"/opt/anaconda3/envs/bogdong","path":"/opt/anaconda3/envs/bogdong/bin/python","architecture":3,"sysVersion":"","version":{"raw":"3.12.8","major":3,"minor":12,"patch":8,"build":[],"prerelease":[]},"displayName":"Python 3.12.8 ('bogdong')","detailedDisplayName":"Python 3.12.8 ('bogdong')","type":"Conda"}, Return Value: undefined`,
  [l [Error]: Pending response rejected since connection got disposed
  	at Object.dispose (/home/iujeong/.vscode-server/extensions/ms-python.python-2024.22.2-linux-x64/out/client/extension.js:2:2041842)
  	at Object.dispose (/home/iujeong/.vscode-server/extensions/ms-python.python-2024.22.2-linux-x64/out/client/extension.js:2:2104375)
  	at T.handleConnectionClosed (/home/iujeong/.vscode-server/extensions/ms-python.python-2024.22.2-linux-x64/out/client/extension.js:2:2104782)
  	at T.handleConnectionClosed (/home/iujeong/.vscode-server/extensions/ms-python.python-2024.22.2-linux-x64/out/client/extension.js:2:2302951)
  	at /home/iujeong/.vscode-server/extensions/ms-python.python-2024.22.2-linux-x64/out/client/extension.js:2:2104524
  	at s.invoke (/home/iujeong/.vscode-server/extensions/ms-python.python-2024.22.2-linux-x64/out/client/extension.js:2:2043694)
  	at a.fire (/home/iujeong/.vscode-server/extensions/ms-python.python-2024.22.2-linux-x64/out/client/extension.js:2:2044512)
  	at ne (/home/iujeong/.vscode-server/extensions/ms-python.python-2024.22.2-linux-x64/out/client/extension.js:2:2030065)
  	at s.invoke (/home/iujeong/.vscode-server/extensions/ms-python.python-2024.22.2-linux-x64/out/client/extension.js:2:2043694)
  	at a.fire (/home/iujeong/.vscode-server/extensions/ms-python.python-2024.22.2-linux-x64/out/client/extension.js:2:2044512)
  	at v.fireClose (/home/iujeong/.vscode-server/extensions/ms-python.python-2024.22.2-linux-x64/out/client/extension.js:2:2053337)
  	at ChildProcess.<anonymous> (/home/iujeong/.vscode-server/extensions/ms-python.python-2024.22.2-linux-x64/out/client/extension.js:2:2068027)
  	at ChildProcess.emit (node:events:530:35)
  	at maybeClose (node:internal/child_process:1104:16)
  	at Socket.<anonymous> (node:internal/child_process:456:11)
  	at Socket.emit (node:events:518:28)
  	at Pipe.<anonymous> (node:net:343:12)] {
    code: -32097,
    data: undefined
  }
]
2025-02-03 09:41:17.100 [error] [
  'Failed to activate a workspace, Class name = v, completed in 907ms, has a falsy return value, Arg 1: <Uri:/home/iujeong>, Arg 2: {"started":1738543276058}, Return Value: undefined',
  [l [Error]: Pending response rejected since connection got disposed
  	at Object.dispose (/home/iujeong/.vscode-server/extensions/ms-python.python-2024.22.2-linux-x64/out/client/extension.js:2:2041842)
  	at Object.dispose (/home/iujeong/.vscode-server/extensions/ms-python.python-2024.22.2-linux-x64/out/client/extension.js:2:2104375)
  	at T.handleConnectionClosed (/home/iujeong/.vscode-server/extensions/ms-python.python-2024.22.2-linux-x64/out/client/extension.js:2:2104782)
  	at T.handleConnectionClosed (/home/iujeong/.vscode-server/extensions/ms-python.python-2024.22.2-linux-x64/out/client/extension.js:2:2302951)
  	at /home/iujeong/.vscode-server/extensions/ms-python.python-2024.22.2-linux-x64/out/client/extension.js:2:2104524
  	at s.invoke (/home/iujeong/.vscode-server/extensions/ms-python.python-2024.22.2-linux-x64/out/client/extension.js:2:2043694)
  	at a.fire (/home/iujeong/.vscode-server/extensions/ms-python.python-2024.22.2-linux-x64/out/client/extension.js:2:2044512)
  	at ne (/home/iujeong/.vscode-server/extensions/ms-python.python-2024.22.2-linux-x64/out/client/extension.js:2:2030065)
  	at s.invoke (/home/iujeong/.vscode-server/extensions/ms-python.python-2024.22.2-linux-x64/out/client/extension.js:2:2043694)
  	at a.fire (/home/iujeong/.vscode-server/extensions/ms-python.python-2024.22.2-linux-x64/out/client/extension.js:2:2044512)
  	at v.fireClose (/home/iujeong/.vscode-server/extensions/ms-python.python-2024.22.2-linux-x64/out/client/extension.js:2:2053337)
  	at ChildProcess.<anonymous> (/home/iujeong/.vscode-server/extensions/ms-python.python-2024.22.2-linux-x64/out/client/extension.js:2:2068027)
  	at ChildProcess.emit (node:events:530:35)
  	at maybeClose (node:internal/child_process:1104:16)
  	at Socket.<anonymous> (node:internal/child_process:456:11)
  	at Socket.emit (node:events:518:28)
  	at Pipe.<anonymous> (node:net:343:12)] {
    code: -32097,
    data: undefined
  }
]
2025-02-03 09:41:17.100 [error] Failure during activation. [l [Error]: Pending response rejected since connection got disposed
	at Object.dispose (/home/iujeong/.vscode-server/extensions/ms-python.python-2024.22.2-linux-x64/out/client/extension.js:2:2041842)
	at Object.dispose (/home/iujeong/.vscode-server/extensions/ms-python.python-2024.22.2-linux-x64/out/client/extension.js:2:2104375)
	at T.handleConnectionClosed (/home/iujeong/.vscode-server/extensions/ms-python.python-2024.22.2-linux-x64/out/client/extension.js:2:2104782)
	at T.handleConnectionClosed (/home/iujeong/.vscode-server/extensions/ms-python.python-2024.22.2-linux-x64/out/client/extension.js:2:2302951)
	at /home/iujeong/.vscode-server/extensions/ms-python.python-2024.22.2-linux-x64/out/client/extension.js:2:2104524
	at s.invoke (/home/iujeong/.vscode-server/extensions/ms-python.python-2024.22.2-linux-x64/out/client/extension.js:2:2043694)
	at a.fire (/home/iujeong/.vscode-server/extensions/ms-python.python-2024.22.2-linux-x64/out/client/extension.js:2:2044512)
	at ne (/home/iujeong/.vscode-server/extensions/ms-python.python-2024.22.2-linux-x64/out/client/extension.js:2:2030065)
	at s.invoke (/home/iujeong/.vscode-server/extensions/ms-python.python-2024.22.2-linux-x64/out/client/extension.js:2:2043694)
	at a.fire (/home/iujeong/.vscode-server/extensions/ms-python.python-2024.22.2-linux-x64/out/client/extension.js:2:2044512)
	at v.fireClose (/home/iujeong/.vscode-server/extensions/ms-python.python-2024.22.2-linux-x64/out/client/extension.js:2:2053337)
	at ChildProcess.<anonymous> (/home/iujeong/.vscode-server/extensions/ms-python.python-2024.22.2-linux-x64/out/client/extension.js:2:2068027)
	at ChildProcess.emit (node:events:530:35)
	at maybeClose (node:internal/child_process:1104:16)
	at Socket.<anonymous> (node:internal/child_process:456:11)
	at Socket.emit (node:events:518:28)
	at Pipe.<anonymous> (node:net:343:12)] {
  code: -32097,
  data: undefined
}
2025-02-03 09:41:17.100 [error] sendStartupTelemetry() failed. [l [Error]: Pending response rejected since connection got disposed
	at Object.dispose (/home/iujeong/.vscode-server/extensions/ms-python.python-2024.22.2-linux-x64/out/client/extension.js:2:2041842)
	at Object.dispose (/home/iujeong/.vscode-server/extensions/ms-python.python-2024.22.2-linux-x64/out/client/extension.js:2:2104375)
	at T.handleConnectionClosed (/home/iujeong/.vscode-server/extensions/ms-python.python-2024.22.2-linux-x64/out/client/extension.js:2:2104782)
	at T.handleConnectionClosed (/home/iujeong/.vscode-server/extensions/ms-python.python-2024.22.2-linux-x64/out/client/extension.js:2:2302951)
	at /home/iujeong/.vscode-server/extensions/ms-python.python-2024.22.2-linux-x64/out/client/extension.js:2:2104524
	at s.invoke (/home/iujeong/.vscode-server/extensions/ms-python.python-2024.22.2-linux-x64/out/client/extension.js:2:2043694)
	at a.fire (/home/iujeong/.vscode-server/extensions/ms-python.python-2024.22.2-linux-x64/out/client/extension.js:2:2044512)
	at ne (/home/iujeong/.vscode-server/extensions/ms-python.python-2024.22.2-linux-x64/out/client/extension.js:2:2030065)
	at s.invoke (/home/iujeong/.vscode-server/extensions/ms-python.python-2024.22.2-linux-x64/out/client/extension.js:2:2043694)
	at a.fire (/home/iujeong/.vscode-server/extensions/ms-python.python-2024.22.2-linux-x64/out/client/extension.js:2:2044512)
	at v.fireClose (/home/iujeong/.vscode-server/extensions/ms-python.python-2024.22.2-linux-x64/out/client/extension.js:2:2053337)
	at ChildProcess.<anonymous> (/home/iujeong/.vscode-server/extensions/ms-python.python-2024.22.2-linux-x64/out/client/extension.js:2:2068027)
	at ChildProcess.emit (node:events:530:35)
	at maybeClose (node:internal/child_process:1104:16)
	at Socket.<anonymous> (node:internal/child_process:456:11)
	at Socket.emit (node:events:518:28)
	at Pipe.<anonymous> (node:net:343:12)] {
  code: -32097,
  data: undefined
}
2025-02-03 09:41:17.802 [info] > /bin/python3 ./.vscode-server/extensions/ms-python.python-2024.22.2-linux-x64/python_files/printEnvVariables.py
2025-02-03 09:41:17.802 [info] shell: bash
2025-02-03 09:41:17.816 [info] Setting environment variable CONDA_EXE in collection to /opt/anaconda3/bin/conda {"applyAtShellIntegration":true,"applyAtProcessCreation":true}
2025-02-03 09:41:17.816 [info] Setting environment variable _CE_M in collection to  {"applyAtShellIntegration":true,"applyAtProcessCreation":true}
2025-02-03 09:41:17.816 [info] Setting environment variable GSETTINGS_SCHEMA_DIR in collection to /opt/anaconda3/envs/bogdong/share/glib-2.0/schemas {"applyAtShellIntegration":true,"applyAtProcessCreation":true}
2025-02-03 09:41:17.816 [info] Setting environment variable CONDA_ROOT in collection to /opt/anaconda3 {"applyAtShellIntegration":true,"applyAtProcessCreation":true}
2025-02-03 09:41:17.816 [info] Setting environment variable CONDA_PREFIX in collection to /opt/anaconda3/envs/bogdong {"applyAtShellIntegration":true,"applyAtProcessCreation":true}
2025-02-03 09:41:17.816 [info] Setting environment variable GSETTINGS_SCHEMA_DIR_CONDA_BACKUP in collection to  {"applyAtShellIntegration":true,"applyAtProcessCreation":true}
2025-02-03 09:41:17.816 [info] Setting environment variable CONDA_PROMPT_MODIFIER in collection to (bogdong)  {"applyAtShellIntegration":true,"applyAtProcessCreation":true}
2025-02-03 09:41:17.816 [info] Setting environment variable _CE_CONDA in collection to  {"applyAtShellIntegration":true,"applyAtProcessCreation":true}
2025-02-03 09:41:17.816 [info] Setting environment variable CONDA_SHLVL in collection to 2 {"applyAtShellIntegration":true,"applyAtProcessCreation":true}
2025-02-03 09:41:17.816 [info] Setting environment variable CONDA_PYTHON_EXE in collection to /opt/anaconda3/bin/python {"applyAtShellIntegration":true,"applyAtProcessCreation":true}
2025-02-03 09:41:17.816 [info] Setting environment variable CONDA_DEFAULT_ENV in collection to bogdong {"applyAtShellIntegration":true,"applyAtProcessCreation":true}
2025-02-03 09:41:17.816 [info] Setting environment variable CONDA_ALLOW_SOFTLINKS in collection to false {"applyAtShellIntegration":true,"applyAtProcessCreation":true}
2025-02-03 09:41:17.816 [info] Prepending environment variable PATH in collection with /opt/anaconda3/envs/bogdong/bin:/opt/anaconda3/condabin: {"applyAtShellIntegration":true,"applyAtProcessCreation":true}
2025-02-03 09:41:17.816 [info] Setting environment variable CONDA_PREFIX_1 in collection to /opt/anaconda3 {"applyAtShellIntegration":true,"applyAtProcessCreation":true}
2025-02-03 09:41:17.816 [info] Prepending environment variable PS1 in collection with (bogdong)  {"applyAtShellIntegration":true,"applyAtProcessCreation":false}
2025-02-03 09:41:17.816 [info] Send text to terminal: /bin/python3 /home/iujeong/.vscode-server/extensions/ms-python.python-2024.22.2-linux-x64/python_files/printEnvVariablesToFile.py /home/iujeong/.vscode-server/extensions/ms-python.python-2024.22.2-linux-x64/python_files/deactivate/bash/envVars.txt
