2025-02-03 09:41:16.339 [info] Starting Python Locator /home/iujeong/.vscode-server/extensions/ms-python.python-2024.22.2-linux-x64/python-env-tools/bin/pet server
2025-02-03 09:41:16.339 [info] Discovered manager: (Conda) /opt/anaconda3/bin/conda
2025-02-03 09:41:16.339 [info] Discovered env: /opt/anaconda3/bin/python
2025-02-03 09:41:16.340 [info] Discovered env: /opt/anaconda3/envs/python=3.13
2025-02-03 09:41:16.341 [info] Discovered env: /opt/anaconda3/envs/ehdnjs_yolo/bin/python
2025-02-03 09:41:16.341 [info] Discovered env: /opt/anaconda3/envs/kaldi/bin/python
2025-02-03 09:41:16.341 [info] Discovered env: /opt/anaconda3/envs/JokerK/bin/python
2025-02-03 09:41:16.341 [info] Discovered env: /opt/anaconda3/envs/aicar/bin/python
2025-02-03 09:41:16.341 [info] Discovered env: /opt/anaconda3/envs/bin234/bin/python
2025-02-03 09:41:16.341 [info] Discovered env: /opt/anaconda3/envs/newenv/bin/python
2025-02-03 09:41:16.341 [info] Discovered env: /opt/anaconda3/envs/basic/bin/python
2025-02-03 09:41:16.341 [info] Discovered env: /opt/anaconda3/envs/autopilot_lsm/bin/python
2025-02-03 09:41:16.341 [info] Discovered env: /opt/anaconda3/envs/bin123/bin/python
2025-02-03 09:41:16.341 [info] Discovered env: /opt/anaconda3/envs/gps/bin/python
2025-02-03 09:41:16.341 [info] Discovered env: /opt/anaconda3/envs/jayeon/bin/python
2025-02-03 09:41:16.341 [info] Discovered env: /opt/anaconda3/envs/cdp310/bin/python
2025-02-03 09:41:16.341 [info] Discovered env: /opt/anaconda3/envs/env_lsy/bin/python
2025-02-03 09:41:16.341 [info] Discovered env: /opt/anaconda3/envs/lanenet_env/bin/python
2025-02-03 09:41:16.342 [info] Discovered env: /opt/anaconda3/envs/hansol/bin/python
2025-02-03 09:41:16.342 [info] Discovered env: /opt/anaconda3/envs/myenv/bin/python
2025-02-03 09:41:16.342 [info] Discovered env: /opt/anaconda3/envs/test1299/bin/python
2025-02-03 09:41:16.342 [info] Discovered env: /opt/anaconda3/envs/surveybay/bin/python
2025-02-03 09:41:16.342 [info] Discovered env: /opt/anaconda3/envs/dlalsrb123/bin/python
2025-02-03 09:41:16.342 [info] Discovered env: /opt/anaconda3/envs/goguma/bin/python
2025-02-03 09:41:16.342 [info] Discovered env: /opt/anaconda3/envs/water/bin/python
2025-02-03 09:41:16.342 [info] Discovered env: /opt/anaconda3/envs/kgjtest/bin/python
2025-02-03 09:41:16.342 [info] Discovered env: /opt/anaconda3/envs/test999/bin/python
2025-02-03 09:41:16.342 [info] Discovered env: /opt/anaconda3/envs/golf/bin/python
2025-02-03 09:41:16.342 [info] Discovered env: /opt/anaconda3/envs/ezh123/bin/python
2025-02-03 09:41:16.342 [info] Discovered env: /opt/anaconda3/envs/skaigroove/bin/python
2025-02-03 09:41:16.342 [info] Discovered env: /opt/anaconda3/envs/person_tracking/bin/python
2025-02-03 09:41:16.342 [info] Discovered env: /opt/anaconda3/envs/bk7602/bin/python
2025-02-03 09:41:16.342 [info] Discovered env: /bin/python3
2025-02-03 09:41:16.342 [info] Discovered env: /opt/anaconda3/envs/yolop/bin/python
2025-02-03 09:41:16.342 [info] Discovered env: /opt/anaconda3/envs/test1026/bin/python
2025-02-03 09:41:16.342 [info] Discovered env: /opt/anaconda3/envs/yangpa/bin/python
2025-02-03 09:41:16.342 [info] Discovered env: /opt/anaconda3/envs/nanie1664/bin/python
2025-02-03 09:41:16.342 [info] Discovered env: /usr/bin/python3
2025-02-03 09:41:16.342 [info] Discovered env: /opt/anaconda3/envs/KGJ/bin/python
2025-02-03 09:41:16.342 [info] Discovered env: /opt/anaconda3/envs/cju_mlane/bin/python
2025-02-03 09:41:16.342 [info] Discovered env: /opt/anaconda3/envs/jha/bin/python
2025-02-03 09:41:16.342 [info] Discovered env: /opt/anaconda3/envs/adas_cju/bin/python
2025-02-03 09:41:16.342 [info] Discovered env: /opt/anaconda3/envs/msoh/bin/python
2025-02-03 09:41:16.342 [info] Discovered env: /opt/anaconda3/envs/nanie/bin/python
2025-02-03 09:41:16.342 [info] Discovered env: /opt/anaconda3/envs/hjjeon/bin/python
2025-02-03 09:41:16.342 [info] Discovered env: /opt/anaconda3/envs/cju/bin/python
2025-02-03 09:41:16.342 [info] Discovered env: /opt/anaconda3/envs/nanie1/bin/python
2025-02-03 09:41:16.342 [info] Discovered env: /opt/anaconda3/envs/bogdong/bin/python
2025-02-03 09:41:16.342 [info] Discovered env: /opt/anaconda3/envs/test8737/bin/python
2025-02-03 09:41:16.342 [info] Discovered env: /opt/anaconda3/envs/test123/bin/python
2025-02-03 09:41:16.342 [info] Discovered env: /opt/anaconda3/envs/cgh/bin/python
2025-02-03 09:41:16.342 [info] Discovered env: /opt/anaconda3/envs/shkim/bin/python
2025-02-03 09:41:16.342 [info] Discovered env: /opt/anaconda3/envs/torch/bin/python
2025-02-03 09:41:16.343 [info] Discovered env: /opt/anaconda3/envs/bin345/bin/python
2025-02-03 09:41:16.343 [info] Locator Conda took 101.734963ms
2025-02-03 09:41:16.343 [info] Locator Homebrew took 72.387µs
2025-02-03 09:41:16.343 [info] Locator LinuxGlobal took 99.617968ms
2025-02-03 09:41:16.343 [info] Locator PipEnv took 12.453µs
2025-02-03 09:41:16.343 [info] Locator Poetry took 307.817µs
2025-02-03 09:41:16.343 [info] Locator PyEnv took 483.995µs
2025-02-03 09:41:16.343 [info] Locator Venv took 19.126µs
2025-02-03 09:41:16.343 [info] Locator VirtualEnv took 51.266µs
2025-02-03 09:41:16.343 [info] Locator VirtualEnvWrapper took 17.647µs
2025-02-03 09:41:16.343 [info] Locator GlobalVirtualEnvs took 155.249µs
2025-02-03 09:41:16.343 [info] Locator Locators took 101.839289ms
2025-02-03 09:41:16.343 [info] Locator Path took 160.669998ms
2025-02-03 09:41:16.343 [info] Locator Workspaces took 2.944345ms
2025-02-03 09:41:16.343 [info] Refresh completed in 160ms
2025-02-03 09:41:16.354 [info] Resolved Python Environment /opt/anaconda3/envs/bogdong/bin/python
2025-02-03 09:42:05.812 [info] Resolved Python Environment /opt/anaconda3/envs/bogdong/bin/python
