Visual Studio Code (1.96.4, ssh-remote, desktop)
Jupyter Extension Version: 2024.11.0.
Python Extension Version: 2024.22.2.
Pylance Extension Version: 2024.12.1.
Platform: linux (x64).
Temp Storage folder ~/.vscode-server/data/User/globalStorage/ms-toolsai.jupyter/version-2024.11.0
Workspace folder /home/iujeong, Home = /home/iujeong
21:53:32.844 [info] Starting Kernel (Python Path: /opt/anaconda3/envs/bogdong/bin/python, Conda, 3.12.8) for '~/study/test1.ipynb' (disableUI=true)
21:53:34.256 [info] Process Execution: /opt/anaconda3/envs/bogdong/bin/python -c "import ipykernel; print(ipykernel.__version__); print("5dc3a68c-e34e-4080-9c3e-2a532b2ccb4d"); print(ipykernel.__file__)"
21:53:34.269 [info] Process Execution: /opt/anaconda3/envs/bogdong/bin/python -m ipykernel_launcher --f=/home/~/.local/share/jupyter/runtime/kernel-v3da087588aa77ebb79e1bf401cb2681a4a8bf3ef0.json
    > cwd: //home/~/study
21:53:34.275 [info] Process Execution: /opt/anaconda3/envs/bogdong/bin/python -m pip list
21:53:34.522 [info] Kernel successfully started
21:53:34.526 [info] Process Execution: /opt/anaconda3/envs/bogdong/bin/python /home/~/.vscode-server/extensions/ms-toolsai.jupyter-2024.11.0-linux-x64/pythonFiles/printJupyterDataDir.py
22:26:49.341 [warn] Cell completed with errors [iu [Error]: invalid literal for int() with base 10: '90, 20, 40, 60'
	at n.execute (/home/~/.vscode-server/extensions/ms-toolsai.jupyter-2024.11.0-linux-x64/dist/extension.node.js:297:4958)] {
  ename: 'ValueError',
  evalue: "invalid literal for int() with base 10: '90, 20, 40, 60'",
  traceback: [
    '\x1B[0;31m---------------------------------------------------------------------------\x1B[0m',
    '\x1B[0;31mValueError\x1B[0m                                Traceback (most recent call last)',
    'Cell \x1B[0;32mIn[2], line 14\x1B[0m\n' +
      '\x1B[1;32m      1\x1B[0m \x1B[38;5;66;03m# 2. 평균 구하기\x1B[39;00m\n' +
      '\x1B[1;32m      2\x1B[0m \n' +
      '\x1B[1;32m      3\x1B[0m \x1B[38;5;66;03m# 사용자로부터 숫자 여러 개를 입력받고, 입력한 숫자들의 평균을 구하는 프로그램이야.\x1B[39;00m\n' +
      '\x1B[0;32m   (...)\x1B[0m\n' +
      '\x1B[1;32m      9\x1B[0m \x1B[38;5;66;03m# 3. 결과 출력\x1B[39;00m\n' +
      '\x1B[1;32m     10\x1B[0m \x1B[38;5;66;03m# 4. f 스트링 으로 평균은 {/} 입니다.\x1B[39;00m\n' +
      '\x1B[1;32m     12\x1B[0m \x1B[38;5;28;01mimport\x1B[39;00m \x1B[38;5;21;01mmath\x1B[39;00m\n' +
      '\x1B[0;32m---> 14\x1B[0m user_input \x1B[38;5;241m=\x1B[39m \x1B[38;5;28mint\x1B[39m(\x1B[38;5;28minput\x1B[39m(\x1B[38;5;124m"\x1B[39m\x1B[38;5;124m숫자를 입력하세요.(쉼표로 구분) : \x1B[39m\x1B[38;5;124m"\x1B[39m))\n' +
      '\x1B[1;32m     16\x1B[0m \x1B[38;5;28;01mtry\x1B[39;00m:\n' +
      '\x1B[1;32m     17\x1B[0m     numbers \x1B[38;5;241m=\x1B[39m [\x1B[38;5;28mfloat\x1B[39m(x\x1B[38;5;241m.\x1B[39mstrip()) \x1B[38;5;28;01mfor\x1B[39;00m x \x1B[38;5;129;01min\x1B[39;00m user_input\x1B[38;5;241m.\x1B[39msplit(\x1B[38;5;124m"\x1B[39m\x1B[38;5;124m,\x1B[39m\x1B[38;5;124m"\x1B[39m)]\n',
    "\x1B[0;31mValueError\x1B[0m: invalid literal for int() with base 10: '90, 20, 40, 60'"
  ]
}
22:27:46.722 [warn] Cell completed with errors [iu [Error]: invalid literal for int() with base 10: '90, 30, 20,44'
	at n.execute (/home/~/.vscode-server/extensions/ms-toolsai.jupyter-2024.11.0-linux-x64/dist/extension.node.js:297:4958)] {
  ename: 'ValueError',
  evalue: "invalid literal for int() with base 10: '90, 30, 20,44'",
  traceback: [
    '\x1B[0;31m---------------------------------------------------------------------------\x1B[0m',
    '\x1B[0;31mValueError\x1B[0m                                Traceback (most recent call last)',
    'Cell \x1B[0;32mIn[3], line 13\x1B[0m\n' +
      '\x1B[1;32m      1\x1B[0m \x1B[38;5;66;03m# 2. 평균 구하기\x1B[39;00m\n' +
      '\x1B[1;32m      2\x1B[0m \n' +
      '\x1B[1;32m      3\x1B[0m \x1B[38;5;66;03m# 사용자로부터 숫자 여러 개를 입력받고, 입력한 숫자들의 평균을 구하는 프로그램이야.\x1B[39;00m\n' +
      '\x1B[0;32m   (...)\x1B[0m\n' +
      '\x1B[1;32m      9\x1B[0m \x1B[38;5;66;03m# 3. 결과 출력\x1B[39;00m\n' +
      '\x1B[1;32m     10\x1B[0m \x1B[38;5;66;03m# 4. f 스트링 으로 평균은 {/} 입니다.\x1B[39;00m\n' +
      '\x1B[0;32m---> 13\x1B[0m user_input \x1B[38;5;241m=\x1B[39m \x1B[38;5;28mint\x1B[39m(\x1B[38;5;28minput\x1B[39m(\x1B[38;5;124m"\x1B[39m\x1B[38;5;124m숫자를 입력하세요.(쉼표로 구분) : \x1B[39m\x1B[38;5;124m"\x1B[39m))\n' +
      '\x1B[1;32m     15\x1B[0m \x1B[38;5;28;01mtry\x1B[39;00m:\n' +
      '\x1B[1;32m     16\x1B[0m     numbers \x1B[38;5;241m=\x1B[39m [\x1B[38;5;28mfloat\x1B[39m(x\x1B[38;5;241m.\x1B[39mstrip()) \x1B[38;5;28;01mfor\x1B[39;00m x \x1B[38;5;129;01min\x1B[39;00m user_input\x1B[38;5;241m.\x1B[39msplit(\x1B[38;5;124m"\x1B[39m\x1B[38;5;124m,\x1B[39m\x1B[38;5;124m"\x1B[39m)]\n',
    "\x1B[0;31mValueError\x1B[0m: invalid literal for int() with base 10: '90, 30, 20,44'"
  ]
}
23:05:12.904 [warn] Cell completed with errors [iu [Error]: name 'n' is not defined
	at n.execute (/home/~/.vscode-server/extensions/ms-toolsai.jupyter-2024.11.0-linux-x64/dist/extension.node.js:297:4958)] {
  ename: 'NameError',
  evalue: "name 'n' is not defined",
  traceback: [
    '\x1B[0;31m---------------------------------------------------------------------------\x1B[0m',
    '\x1B[0;31mNameError\x1B[0m                                 Traceback (most recent call last)',
    'Cell \x1B[0;32mIn[9], line 21\x1B[0m\n' +
      '\x1B[1;32m     18\x1B[0m \x1B[38;5;66;03m# 첫 두 숫자 초기화\x1B[39;00m\n' +
      '\x1B[1;32m     19\x1B[0m num \x1B[38;5;241m=\x1B[39m [\x1B[38;5;241m1\x1B[39m, \x1B[38;5;241m1\x1B[39m]\n' +
      '\x1B[0;32m---> 21\x1B[0m \x1B[38;5;28;01mfor\x1B[39;00m i \x1B[38;5;129;01min\x1B[39;00m \x1B[38;5;28mrange\x1B[39m(\x1B[38;5;241m2\x1B[39m, n):   \x1B[38;5;66;03m# 이미 위에 num으로 1, 1 두개는 있으니 2부터 시작하고\x1B[39;00m\n' +
      '\x1B[1;32m     22\x1B[0m     next_num \x1B[38;5;241m=\x1B[39m num[\x1B[38;5;241m-\x1B[39m\x1B[38;5;241m1\x1B[39m] \x1B[38;5;241m+\x1B[39m num[\x1B[38;5;241m-\x1B[39m\x1B[38;5;241m2\x1B[39m]    \x1B[38;5;66;03m# 마지막 두 숫자의 합\x1B[39;00m\n' +
      '\x1B[1;32m     23\x1B[0m     num\x1B[38;5;241m.\x1B[39mappend(next_num)    \x1B[38;5;66;03m# 리스트에 추가\x1B[39;00m\n',
    "\x1B[0;31mNameError\x1B[0m: name 'n' is not defined"
  ]
}
23:05:55.677 [warn] Cell completed with errors [iu [Error]: name 'n' is not defined
	at n.execute (/home/~/.vscode-server/extensions/ms-toolsai.jupyter-2024.11.0-linux-x64/dist/extension.node.js:297:4958)] {
  ename: 'NameError',
  evalue: "name 'n' is not defined",
  traceback: [
    '\x1B[0;31m---------------------------------------------------------------------------\x1B[0m',
    '\x1B[0;31mNameError\x1B[0m                                 Traceback (most recent call last)',
    'Cell \x1B[0;32mIn[10], line 21\x1B[0m\n' +
      '\x1B[1;32m     18\x1B[0m \x1B[38;5;66;03m# 첫 두 숫자 초기화\x1B[39;00m\n' +
      '\x1B[1;32m     19\x1B[0m num \x1B[38;5;241m=\x1B[39m [\x1B[38;5;241m1\x1B[39m, \x1B[38;5;241m1\x1B[39m]\n' +
      '\x1B[0;32m---> 21\x1B[0m \x1B[38;5;28;01mfor\x1B[39;00m i \x1B[38;5;129;01min\x1B[39;00m \x1B[38;5;28mrange\x1B[39m(\x1B[38;5;241m2\x1B[39m, n):   \x1B[38;5;66;03m# 이미 위에 num으로 1, 1 두개는 있으니 2부터 시작하고\x1B[39;00m\n' +
      '\x1B[1;32m     22\x1B[0m     next_num \x1B[38;5;241m=\x1B[39m num[\x1B[38;5;241m-\x1B[39m\x1B[38;5;241m1\x1B[39m] \x1B[38;5;241m+\x1B[39m num[\x1B[38;5;241m-\x1B[39m\x1B[38;5;241m2\x1B[39m]    \x1B[38;5;66;03m# 마지막 두 숫자의 합\x1B[39;00m\n' +
      '\x1B[1;32m     23\x1B[0m     num\x1B[38;5;241m.\x1B[39mappend(next_num)    \x1B[38;5;66;03m# 리스트에 추가\x1B[39;00m\n',
    "\x1B[0;31mNameError\x1B[0m: name 'n' is not defined"
  ]
}
23:13:45.824 [warn] Cell completed with errors [iu [Error]: name 'start_with_zero' is not defined
	at n.execute (/home/~/.vscode-server/extensions/ms-toolsai.jupyter-2024.11.0-linux-x64/dist/extension.node.js:297:4958)] {
  ename: 'NameError',
  evalue: "name 'start_with_zero' is not defined",
  traceback: [
    '\x1B[0;31m---------------------------------------------------------------------------\x1B[0m',
    '\x1B[0;31mNameError\x1B[0m                                 Traceback (most recent call last)',
    'Cell \x1B[0;32mIn[12], line 32\x1B[0m\n' +
      '\x1B[1;32m     30\x1B[0m \x1B[38;5;28;01mtry\x1B[39;00m:\n' +
      '\x1B[1;32m     31\x1B[0m     user_input \x1B[38;5;241m=\x1B[39m \x1B[38;5;28mint\x1B[39m(\x1B[38;5;28minput\x1B[39m(\x1B[38;5;124m"\x1B[39m\x1B[38;5;124m몇 개의 피보나치 수를 출력할까요? \x1B[39m\x1B[38;5;124m"\x1B[39m))\n' +
      '\x1B[0;32m---> 32\x1B[0m     num \x1B[38;5;241m=\x1B[39m [\x1B[38;5;241m0\x1B[39m, \x1B[38;5;241m1\x1B[39m] \x1B[38;5;28;01mif\x1B[39;00m start_with_zero \x1B[38;5;28;01melse\x1B[39;00m [\x1B[38;5;241m1\x1B[39m, \x1B[38;5;241m1\x1B[39m]\n' +
      '\x1B[1;32m     33\x1B[0m     \x1B[38;5;28;01mif\x1B[39;00m user_input \x1B[38;5;241m<\x1B[39m\x1B[38;5;241m=\x1B[39m \x1B[38;5;241m0\x1B[39m:     \x1B[38;5;66;03m# 만약 user_input이 0보다 작으면 ?\x1B[39;00m\n' +
      '\x1B[1;32m     34\x1B[0m         \x1B[38;5;28mprint\x1B[39m(\x1B[38;5;124m"\x1B[39m\x1B[38;5;124m1 이상의 숫자를 입력해주세요.\x1B[39m\x1B[38;5;124m"\x1B[39m)\n',
    "\x1B[0;31mNameError\x1B[0m: name 'start_with_zero' is not defined"
  ]
}
02:26:46.168 [info] Dispose Kernel '~/study/test1.ipynb' associated with '~/study/test1.ipynb'
