2025-01-27 22:06:25.545 [info] (Client) Pylance async client (2024.12.1) started with python extension (2024.22.2)
2025-01-27 22:06:25.732 [info] [Info  - 오후 10:06:25] (1870323) Server root directory: file:///home/iujeong/.vscode-server/extensions/ms-python.vscode-pylance-2024.12.1/dist
2025-01-27 22:06:25.733 [info] [Info  - 오후 10:06:25] (1870323) Pylance language server 2024.12.1 (pyright version 1.1.389, commit ce1325fc) starting
2025-01-27 22:06:25.733 [info] [Info  - 오후 10:06:25] (1870323) Starting service instance "iujeong"
2025-01-27 22:06:25.755 [info] [Info  - 오후 10:06:25] (1870323) Setting environmentName for service "iujeong": "3.12.8 (bogdong conda)"
2025-01-27 22:06:25.755 [info] [Info  - 오후 10:06:25] (1870323) Setting pythonPath for service "iujeong": "/opt/anaconda3/envs/bogdong/bin/python"
2025-01-27 22:06:25.755 [info] [Info  - 오후 10:06:25] (1870323) No include entries specified; assuming /home/iujeong
2025-01-27 22:06:25.755 [info] [Info  - 오후 10:06:25] (1870323) Auto-excluding **/node_modules
2025-01-27 22:06:25.755 [info] [Info  - 오후 10:06:25] (1870323) Auto-excluding **/__pycache__
2025-01-27 22:06:25.755 [info] [Info  - 오후 10:06:25] (1870323) Auto-excluding **/.*
2025-01-27 22:06:25.769 [info] [Info  - 오후 10:06:25] (1870323) Assuming Python version 3.12.8.final.0
2025-01-27 22:06:25.801 [info] [Info  - 오후 10:06:25] (1870323) Found 5 source files
2025-01-27 22:06:25.961 [info] [Info  - 오후 10:06:25] (1870323) Background analysis(1) root directory: file:///home/iujeong/.vscode-server/extensions/ms-python.vscode-pylance-2024.12.1/dist
2025-01-27 22:06:25.962 [info] [Info  - 오후 10:06:25] (1870323) Background analysis(1) started
2025-01-27 22:06:28.655 [info] [Info  - 오후 10:06:28] (1870323) Indexer background runner(2) root directory: file:///home/iujeong/.vscode-server/extensions/ms-python.vscode-pylance-2024.12.1/dist (index)
2025-01-27 22:06:28.662 [info] [Info  - 오후 10:06:28] (1870323) Indexing(2) started
2025-01-27 22:06:28.732 [info] [Info  - 오후 10:06:28] (1870323) scanned(2) 235 files over 1 exec env
2025-01-27 22:06:28.804 [info] [Info  - 오후 10:06:28] (1870323) indexed(2) 235 files over 1 exec env
2025-01-27 22:06:28.836 [info] [Info  - 오후 10:06:28] (1870323) Indexing finished(2).
2025-01-27 22:11:14.366 [info] [Info  - 오후 10:11:14] (1870323) Setting environmentName for service "iujeong": "3.12.8 (bogdong conda)"
2025-01-27 22:11:14.366 [info] [Info  - 오후 10:11:14] (1870323) Setting pythonPath for service "iujeong": "/opt/anaconda3/envs/bogdong/bin/python"
2025-01-27 22:11:14.366 [info] [Info  - 오후 10:11:14] (1870323) No include entries specified; assuming /home/iujeong
2025-01-27 22:11:14.366 [info] [Info  - 오후 10:11:14] (1870323) Auto-excluding **/node_modules
2025-01-27 22:11:14.366 [info] [Info  - 오후 10:11:14] (1870323) Auto-excluding **/__pycache__
2025-01-27 22:11:14.366 [info] [Info  - 오후 10:11:14] (1870323) Auto-excluding **/.*
2025-01-27 22:11:14.379 [info] [Info  - 오후 10:11:14] (1870323) Assuming Python version 3.12.8.final.0
2025-01-27 22:11:14.400 [info] [Info  - 오후 10:11:14] (1870323) Found 5 source files
2025-01-27 22:12:32.091 [info] [Info  - 오후 10:12:32] (1870323) Indexer background runner(3) root directory: file:///home/iujeong/.vscode-server/extensions/ms-python.vscode-pylance-2024.12.1/dist (index)
2025-01-27 22:12:32.091 [info] [Info  - 오후 10:12:32] (1870323) Indexing(3) started
2025-01-27 22:12:32.228 [info] [Info  - 오후 10:12:32] (1870323) scanned(3) 235 files over 1 exec env
2025-01-27 22:12:32.323 [info] [Info  - 오후 10:12:32] (1870323) indexed(3) 235 files over 1 exec env
2025-01-27 22:12:32.349 [info] [Info  - 오후 10:12:32] (1870323) Indexing finished(3).
