2025-01-27 22:06:24.637 [info] 실험 'pythonRecommendTensorboardExt'이(가) 활성 상태입니다.
2025-01-27 22:06:24.637 [info] 실험 'pythonTerminalEnvVarActivation'이(가) 활성 상태입니다.
2025-01-27 22:06:24.637 [info] 실험 'pythonTestAdapter'이(가) 활성 상태입니다.
2025-01-27 22:06:24.637 [info] Native locator: Refresh started
2025-01-27 22:06:24.637 [info] Native locator: Refresh started
2025-01-27 22:06:24.638 [info] Conda environment manager found at: /opt/anaconda3/bin/conda
2025-01-27 22:06:24.641 [info] Native locator: Refresh finished in 161 ms
2025-01-27 22:06:24.642 [info] Python 인터프리터 경로: /opt/anaconda3/envs/bogdong/bin/python
2025-01-27 22:06:24.662 [info] > pyenv which python
2025-01-27 22:06:24.662 [info] cwd: .
2025-01-27 22:06:24.836 [info] > conda info --json
2025-01-27 22:06:24.836 [info] shell: bash
2025-01-27 22:06:25.228 [info] > conda run -n bogdong --no-capture-output python ./.vscode-server/extensions/ms-python.python-2024.22.2-linux-x64/python_files/get_output_via_markers.py ./.vscode-server/extensions/ms-python.python-2024.22.2-linux-x64/python_files/printEnvVariables.py
2025-01-27 22:06:25.228 [info] shell: bash
2025-01-27 22:06:25.742 [info] Pylance 언어 서버를 시작하는 중입니다.
2025-01-27 22:06:26.241 [info] > /usr/bin/python3 ./.vscode-server/extensions/ms-python.python-2024.22.2-linux-x64/python_files/printEnvVariables.py
2025-01-27 22:06:26.241 [info] shell: bash
2025-01-27 22:06:26.253 [info] Setting environment variable CONDA_EXE in collection to /opt/anaconda3/bin/conda {"applyAtShellIntegration":true,"applyAtProcessCreation":true}
2025-01-27 22:06:26.253 [info] Setting environment variable _CE_M in collection to  {"applyAtShellIntegration":true,"applyAtProcessCreation":true}
2025-01-27 22:06:26.253 [info] Setting environment variable GSETTINGS_SCHEMA_DIR in collection to /opt/anaconda3/envs/bogdong/share/glib-2.0/schemas {"applyAtShellIntegration":true,"applyAtProcessCreation":true}
2025-01-27 22:06:26.253 [info] Setting environment variable CONDA_ROOT in collection to /opt/anaconda3 {"applyAtShellIntegration":true,"applyAtProcessCreation":true}
2025-01-27 22:06:26.253 [info] Setting environment variable CONDA_PREFIX in collection to /opt/anaconda3/envs/bogdong {"applyAtShellIntegration":true,"applyAtProcessCreation":true}
2025-01-27 22:06:26.253 [info] Setting environment variable GSETTINGS_SCHEMA_DIR_CONDA_BACKUP in collection to  {"applyAtShellIntegration":true,"applyAtProcessCreation":true}
2025-01-27 22:06:26.253 [info] Setting environment variable CONDA_PROMPT_MODIFIER in collection to (bogdong)  {"applyAtShellIntegration":true,"applyAtProcessCreation":true}
2025-01-27 22:06:26.253 [info] Setting environment variable _CE_CONDA in collection to  {"applyAtShellIntegration":true,"applyAtProcessCreation":true}
2025-01-27 22:06:26.253 [info] Setting environment variable CONDA_SHLVL in collection to 2 {"applyAtShellIntegration":true,"applyAtProcessCreation":true}
2025-01-27 22:06:26.253 [info] Setting environment variable CONDA_PYTHON_EXE in collection to /opt/anaconda3/bin/python {"applyAtShellIntegration":true,"applyAtProcessCreation":true}
2025-01-27 22:06:26.253 [info] Setting environment variable CONDA_DEFAULT_ENV in collection to bogdong {"applyAtShellIntegration":true,"applyAtProcessCreation":true}
2025-01-27 22:06:26.253 [info] Setting environment variable CONDA_ALLOW_SOFTLINKS in collection to false {"applyAtShellIntegration":true,"applyAtProcessCreation":true}
2025-01-27 22:06:26.253 [info] Prepending environment variable PATH in collection with /opt/anaconda3/envs/bogdong/bin:/opt/anaconda3/condabin: {"applyAtShellIntegration":true,"applyAtProcessCreation":true}
2025-01-27 22:06:26.253 [info] Setting environment variable CONDA_PREFIX_1 in collection to /opt/anaconda3 {"applyAtShellIntegration":true,"applyAtProcessCreation":true}
2025-01-27 22:06:26.253 [info] Prepending environment variable PS1 in collection with (bogdong)  {"applyAtShellIntegration":true,"applyAtProcessCreation":false}
2025-01-27 22:06:26.253 [info] Send text to terminal: /usr/bin/python3 /home/iujeong/.vscode-server/extensions/ms-python.python-2024.22.2-linux-x64/python_files/printEnvVariablesToFile.py /home/iujeong/.vscode-server/extensions/ms-python.python-2024.22.2-linux-x64/python_files/deactivate/bash/envVars.txt
2025-01-27 22:06:28.831 [info] > /opt/anaconda3/bin/conda run -n bogdong --no-capture-output python ./.vscode-server/extensions/ms-python.python-2024.22.2-linux-x64/python_files/get_output_via_markers.py ./.vscode-server/extensions/ms-python.python-2024.22.2-linux-x64/python_files/printEnvVariables.py
2025-01-27 22:06:28.834 [info] shell: bash
2025-01-27 22:06:28.842 [info] > /opt/anaconda3/bin/conda run -n bogdong --no-capture-output python ./.vscode-server/extensions/ms-python.python-2024.22.2-linux-x64/python_files/get_output_via_markers.py ./.vscode-server/extensions/ms-python.python-2024.22.2-linux-x64/python_files/printEnvVariables.py
2025-01-27 22:06:28.842 [info] shell: bash
2025-01-27 22:06:57.901 [info] Discover tests for workspace name: iujeong - uri: /home/iujeong/calculator/engineering.py
2025-01-27 22:06:58.418 [info] Discover tests for workspace name: iujeong - uri: /home/iujeong/calculator/engineering.py
2025-01-27 22:07:01.244 [info] Discover tests for workspace name: iujeong - uri: /home/iujeong/calculator/utils.py
2025-01-27 22:12:31.884 [info] Native locator: Refresh started
2025-01-27 22:12:31.902 [info] Conda environment manager found at: /opt/anaconda3/bin/conda
2025-01-27 22:12:31.992 [info] Native locator: Refresh finished in 109 ms
