2025-01-27 22:06:24.637 [info] Starting Python Locator /home/iujeong/.vscode-server/extensions/ms-python.python-2024.22.2-linux-x64/python-env-tools/bin/pet server
2025-01-27 22:06:24.637 [info] Discovered manager: (Conda) /opt/anaconda3/bin/conda
2025-01-27 22:06:24.638 [info] Discovered env: /opt/anaconda3/bin/python
2025-01-27 22:06:24.638 [info] Discovered env: /opt/anaconda3/envs/python=3.13
2025-01-27 22:06:24.639 [info] Discovered env: /opt/anaconda3/envs/aicar/bin/python
2025-01-27 22:06:24.639 [info] Discovered env: /opt/anaconda3/envs/JokerK/bin/python
2025-01-27 22:06:24.639 [info] Discovered env: /opt/anaconda3/envs/bin234/bin/python
2025-01-27 22:06:24.639 [info] Discovered env: /opt/anaconda3/envs/gps/bin/python
2025-01-27 22:06:24.639 [info] Discovered env: /opt/anaconda3/envs/autopilot_lsm/bin/python
2025-01-27 22:06:24.639 [info] Discovered env: /opt/anaconda3/envs/cdp310/bin/python
2025-01-27 22:06:24.639 [info] Discovered env: /opt/anaconda3/envs/bin345/bin/python
2025-01-27 22:06:24.639 [info] Discovered env: /opt/anaconda3/envs/bin123/bin/python
2025-01-27 22:06:24.639 [info] Discovered env: /opt/anaconda3/envs/myenv/bin/python
2025-01-27 22:06:24.639 [info] Discovered env: /opt/anaconda3/envs/kaldi/bin/python
2025-01-27 22:06:24.639 [info] Discovered env: /opt/anaconda3/envs/basic/bin/python
2025-01-27 22:06:24.640 [info] Discovered env: /opt/anaconda3/envs/hansol/bin/python
2025-01-27 22:06:24.640 [info] Discovered env: /opt/anaconda3/envs/kgjtest/bin/python
2025-01-27 22:06:24.640 [info] Discovered env: /opt/anaconda3/envs/ehdnjs_yolo/bin/python
2025-01-27 22:06:24.640 [info] Discovered env: /opt/anaconda3/envs/golf/bin/python
2025-01-27 22:06:24.640 [info] Discovered env: /opt/anaconda3/envs/lanenet_env/bin/python
2025-01-27 22:06:24.640 [info] Discovered env: /opt/anaconda3/envs/dlalsrb123/bin/python
2025-01-27 22:06:24.640 [info] Discovered env: /opt/anaconda3/envs/env_lsy/bin/python
2025-01-27 22:06:24.640 [info] Discovered env: /opt/anaconda3/envs/ezh123/bin/python
2025-01-27 22:06:24.640 [info] Discovered env: /opt/anaconda3/envs/jayeon/bin/python
2025-01-27 22:06:24.640 [info] Discovered env: /opt/anaconda3/envs/newenv/bin/python
2025-01-27 22:06:24.640 [info] Discovered env: /opt/anaconda3/envs/goguma/bin/python
2025-01-27 22:06:24.640 [info] Discovered env: /opt/anaconda3/envs/surveybay/bin/python
2025-01-27 22:06:24.640 [info] Discovered env: /opt/anaconda3/envs/person_tracking/bin/python
2025-01-27 22:06:24.640 [info] Discovered env: /opt/anaconda3/envs/test1299/bin/python
2025-01-27 22:06:24.640 [info] Discovered env: /opt/anaconda3/envs/yolop/bin/python
2025-01-27 22:06:24.640 [info] Discovered env: /opt/anaconda3/envs/skaigroove/bin/python
2025-01-27 22:06:24.640 [info] Discovered env: /opt/anaconda3/envs/nanie1664/bin/python
2025-01-27 22:06:24.640 [info] Discovered env: /opt/anaconda3/envs/bk7602/bin/python
2025-01-27 22:06:24.640 [info] Discovered env: /opt/anaconda3/envs/test999/bin/python
2025-01-27 22:06:24.640 [info] Discovered env: /opt/anaconda3/envs/water/bin/python
2025-01-27 22:06:24.640 [info] Discovered env: /opt/anaconda3/envs/yangpa/bin/python
2025-01-27 22:06:24.640 [info] Discovered env: /usr/bin/python3
2025-01-27 22:06:24.640 [info] Discovered env: /bin/python3
2025-01-27 22:06:24.641 [info] Discovered env: /opt/anaconda3/envs/hjjeon/bin/python
2025-01-27 22:06:24.641 [info] Discovered env: /opt/anaconda3/envs/test1026/bin/python
2025-01-27 22:06:24.641 [info] Discovered env: /opt/anaconda3/envs/KGJ/bin/python
2025-01-27 22:06:24.641 [info] Discovered env: /opt/anaconda3/envs/msoh/bin/python
2025-01-27 22:06:24.641 [info] Discovered env: /opt/anaconda3/envs/jha/bin/python
2025-01-27 22:06:24.641 [info] Discovered env: /opt/anaconda3/envs/nanie/bin/python
2025-01-27 22:06:24.641 [info] Discovered env: /opt/anaconda3/envs/cju_mlane/bin/python
2025-01-27 22:06:24.641 [info] Discovered env: /opt/anaconda3/envs/adas_cju/bin/python
2025-01-27 22:06:24.641 [info] Discovered env: /opt/anaconda3/envs/nanie1/bin/python
2025-01-27 22:06:24.641 [info] Discovered env: /opt/anaconda3/envs/test8737/bin/python
2025-01-27 22:06:24.641 [info] Discovered env: /opt/anaconda3/envs/cju/bin/python
2025-01-27 22:06:24.641 [info] Discovered env: /opt/anaconda3/envs/test123/bin/python
2025-01-27 22:06:24.641 [info] Discovered env: /opt/anaconda3/envs/bogdong/bin/python
2025-01-27 22:06:24.641 [info] Discovered env: /opt/anaconda3/envs/cgh/bin/python
2025-01-27 22:06:24.641 [info] Discovered env: /opt/anaconda3/envs/shkim/bin/python
2025-01-27 22:06:24.641 [info] Discovered env: /opt/anaconda3/envs/torch/bin/python
2025-01-27 22:06:24.641 [info] Locator Conda took 86.283979ms
2025-01-27 22:06:24.641 [info] Locator Homebrew took 50.05µs
2025-01-27 22:06:24.641 [info] Locator LinuxGlobal took 84.937646ms
2025-01-27 22:06:24.641 [info] Locator PipEnv took 52.126µs
2025-01-27 22:06:24.641 [info] Locator Poetry took 251.218µs
2025-01-27 22:06:24.641 [info] Locator PyEnv took 202.172µs
2025-01-27 22:06:24.641 [info] Locator Venv took 13.222µs
2025-01-27 22:06:24.641 [info] Locator VirtualEnv took 13.055µs
2025-01-27 22:06:24.641 [info] Locator VirtualEnvWrapper took 38.823µs
2025-01-27 22:06:24.641 [info] Locator GlobalVirtualEnvs took 58.72µs
2025-01-27 22:06:24.641 [info] Locator Locators took 86.577698ms
2025-01-27 22:06:24.641 [info] Locator Path took 132.463095ms
2025-01-27 22:06:24.641 [info] Locator Workspaces took 3.625662ms
2025-01-27 22:06:24.641 [info] Refresh completed in 132ms
2025-01-27 22:06:24.642 [info] Resolved Python Environment /opt/anaconda3/envs/bogdong/bin/python
2025-01-27 22:06:56.358 [info] Resolved Python Environment /opt/anaconda3/envs/bogdong/bin/python
2025-01-27 22:11:14.359 [info] Resolved Python Environment /opt/anaconda3/envs/bogdong/bin/python
2025-01-27 22:12:31.891 [info] Resolved Python Environment /opt/anaconda3/envs/bogdong/bin/python
2025-01-27 22:12:31.901 [info] Discovered manager: (Conda) /opt/anaconda3/bin/conda
2025-01-27 22:12:31.905 [info] Discovered env: /opt/anaconda3/bin/python
2025-01-27 22:12:31.920 [info] Discovered env: /opt/anaconda3/envs/autopilot_lsm/bin/python
2025-01-27 22:12:31.920 [info] Discovered env: /opt/anaconda3/envs/aicar/bin/python
2025-01-27 22:12:31.920 [info] Discovered env: /opt/anaconda3/envs/JokerK/bin/python
2025-01-27 22:12:31.921 [info] Discovered env: /opt/anaconda3/envs/basic/bin/python
2025-01-27 22:12:31.922 [info] Discovered env: /opt/anaconda3/envs/bin234/bin/python
2025-01-27 22:12:31.923 [info] Discovered env: /opt/anaconda3/envs/bin345/bin/python
2025-01-27 22:12:31.924 [info] Discovered env: /opt/anaconda3/envs/bin123/bin/python
2025-01-27 22:12:31.925 [info] Discovered env: /opt/anaconda3/envs/python=3.13
2025-01-27 22:12:31.926 [info] Discovered env: /opt/anaconda3/envs/dlalsrb123/bin/python
2025-01-27 22:12:31.928 [info] Discovered env: /opt/anaconda3/envs/kaldi/bin/python
2025-01-27 22:12:31.928 [info] Discovered env: /opt/anaconda3/envs/ezh123/bin/python
2025-01-27 22:12:31.929 [info] Discovered env: /opt/anaconda3/envs/myenv/bin/python
2025-01-27 22:12:31.929 [info] Discovered env: /opt/anaconda3/envs/env_lsy/bin/python
2025-01-27 22:12:31.929 [info] Discovered env: /opt/anaconda3/envs/jayeon/bin/python
2025-01-27 22:12:31.930 [info] Discovered env: /opt/anaconda3/envs/lanenet_env/bin/python
2025-01-27 22:12:31.930 [info] Discovered env: /opt/anaconda3/envs/goguma/bin/python
2025-01-27 22:12:31.931 [info] Discovered env: /opt/anaconda3/envs/cdp310/bin/python
2025-01-27 22:12:31.931 [info] Discovered env: /opt/anaconda3/envs/ehdnjs_yolo/bin/python
2025-01-27 22:12:31.931 [info] Discovered env: /opt/anaconda3/envs/gps/bin/python
2025-01-27 22:12:31.932 [info] Discovered env: /opt/anaconda3/envs/surveybay/bin/python
2025-01-27 22:12:31.932 [info] Discovered env: /opt/anaconda3/envs/hansol/bin/python
2025-01-27 22:12:31.932 [info] Discovered env: /opt/anaconda3/envs/bk7602/bin/python
2025-01-27 22:12:31.932 [info] Discovered env: /opt/anaconda3/envs/kgjtest/bin/python
2025-01-27 22:12:31.933 [info] Discovered env: /opt/anaconda3/envs/test999/bin/python
2025-01-27 22:12:31.933 [info] Discovered env: /opt/anaconda3/envs/newenv/bin/python
2025-01-27 22:12:31.934 [info] Discovered env: /opt/anaconda3/envs/KGJ/bin/python
2025-01-27 22:12:31.934 [info] Discovered env: /opt/anaconda3/envs/golf/bin/python
2025-01-27 22:12:31.934 [info] Discovered env: /opt/anaconda3/envs/person_tracking/bin/python
2025-01-27 22:12:31.934 [info] Discovered env: /opt/anaconda3/envs/cgh/bin/python
2025-01-27 22:12:31.935 [info] Discovered env: /opt/anaconda3/envs/nanie1664/bin/python
2025-01-27 22:12:31.935 [info] Discovered env: /opt/anaconda3/envs/test1026/bin/python
2025-01-27 22:12:31.935 [info] Discovered env: /opt/anaconda3/envs/yangpa/bin/python
2025-01-27 22:12:31.936 [info] Discovered env: /opt/anaconda3/envs/jha/bin/python
2025-01-27 22:12:31.936 [info] Discovered env: /opt/anaconda3/envs/skaigroove/bin/python
2025-01-27 22:12:31.936 [info] Discovered env: /opt/anaconda3/envs/cju_mlane/bin/python
2025-01-27 22:12:31.936 [info] Discovered env: /opt/anaconda3/envs/hjjeon/bin/python
2025-01-27 22:12:31.937 [info] Discovered env: /opt/anaconda3/envs/water/bin/python
2025-01-27 22:12:31.937 [info] Discovered env: /opt/anaconda3/envs/test1299/bin/python
2025-01-27 22:12:31.937 [info] Discovered env: /opt/anaconda3/envs/yolop/bin/python
2025-01-27 22:12:31.937 [info] Discovered env: /opt/anaconda3/envs/adas_cju/bin/python
2025-01-27 22:12:31.937 [info] Discovered env: /opt/anaconda3/envs/msoh/bin/python
2025-01-27 22:12:31.937 [info] Discovered env: /opt/anaconda3/envs/cju/bin/python
2025-01-27 22:12:31.938 [info] Discovered env: /opt/anaconda3/envs/nanie/bin/python
2025-01-27 22:12:31.938 [info] Discovered env: /opt/anaconda3/envs/nanie1/bin/python
2025-01-27 22:12:31.938 [info] Discovered env: /opt/anaconda3/envs/bogdong/bin/python
2025-01-27 22:12:31.939 [info] Discovered env: /opt/anaconda3/envs/test123/bin/python
2025-01-27 22:12:31.939 [info] Discovered env: /opt/anaconda3/envs/test8737/bin/python
2025-01-27 22:12:31.940 [info] Discovered env: /opt/anaconda3/envs/shkim/bin/python
2025-01-27 22:12:31.940 [info] Discovered env: /opt/anaconda3/envs/torch/bin/python
2025-01-27 22:12:31.943 [info] Discovered env: /usr/bin/python3
2025-01-27 22:12:31.943 [info] Discovered env: /bin/python3
2025-01-27 22:12:31.992 [info] Locator Conda took 53.493448ms
2025-01-27 22:12:31.992 [info] Locator Homebrew took 38.646µs
2025-01-27 22:12:31.992 [info] Locator LinuxGlobal took 55.572397ms
2025-01-27 22:12:31.992 [info] Locator PipEnv took 11.596µs
2025-01-27 22:12:31.992 [info] Locator Poetry took 105.837µs
2025-01-27 22:12:31.992 [info] Locator PyEnv took 59.949µs
2025-01-27 22:12:31.992 [info] Locator Venv took 8.241µs
2025-01-27 22:12:31.992 [info] Locator VirtualEnv took 11.128µs
2025-01-27 22:12:31.992 [info] Locator VirtualEnvWrapper took 9.79µs
2025-01-27 22:12:31.992 [info] Locator GlobalVirtualEnvs took 39.419µs
2025-01-27 22:12:31.992 [info] Locator Locators took 56.939185ms
2025-01-27 22:12:31.992 [info] Locator Path took 105.542955ms
2025-01-27 22:12:31.992 [info] Locator Workspaces took 1.864792ms
2025-01-27 22:12:31.992 [info] Refresh completed in 105ms
