Visual Studio Code (1.96.4, ssh-remote, desktop)
Jupyter Extension Version: 2024.11.0.
Python Extension Version: 2024.22.2.
Pylance Extension Version: 2024.12.1.
Platform: linux (x64).
Temp Storage folder ~/.vscode-server/data/User/globalStorage/ms-toolsai.jupyter/version-2024.11.0
Workspace folder /home/iujeong, Home = /home/iujeong
22:06:28.835 [info] Starting Kernel (Python Path: /opt/anaconda3/envs/bogdong/bin/python, Conda, 3.12.8) for '~/study/test1.ipynb' (disableUI=true)
22:06:29.849 [info] Process Execution: /opt/anaconda3/envs/bogdong/bin/python -m pip list
22:06:29.871 [info] Process Execution: /opt/anaconda3/envs/bogdong/bin/python -c "import ipykernel; print(ipykernel.__version__); print("5dc3a68c-e34e-4080-9c3e-2a532b2ccb4d"); print(ipykernel.__file__)"
22:06:29.873 [info] Process Execution: /opt/anaconda3/envs/bogdong/bin/python -m ipykernel_launcher --f=/home/~/.local/share/jupyter/runtime/kernel-v36f260cd525898cde20fa9bad9e53332da5e53d64.json
    > cwd: //home/~/study
22:06:30.137 [info] Kernel successfully started
22:06:30.141 [info] Process Execution: /opt/anaconda3/envs/bogdong/bin/python /home/~/.vscode-server/extensions/ms-toolsai.jupyter-2024.11.0-linux-x64/pythonFiles/printJupyterDataDir.py
22:06:56.322 [info] Disposing request as the cell (5) was deleted ~/study/test1.ipynb
22:06:56.323 [info] Dispose Kernel '~/study/test1.ipynb' associated with '~/study/test1.ipynb'
22:12:31.885 [info] Starting Kernel (Python Path: /opt/anaconda3/envs/bogdong/bin/python, Conda, 3.12.8) for '~/study/test1.ipynb' (disableUI=true)
22:12:31.895 [info] Process Execution: /opt/anaconda3/envs/bogdong/bin/python -m pip list
22:12:31.897 [info] Process Execution: /opt/anaconda3/envs/bogdong/bin/python -c "import ipykernel; print(ipykernel.__version__); print("5dc3a68c-e34e-4080-9c3e-2a532b2ccb4d"); print(ipykernel.__file__)"
22:12:31.904 [info] Process Execution: /opt/anaconda3/envs/bogdong/bin/python -m ipykernel_launcher --f=/home/~/.local/share/jupyter/runtime/kernel-v3df2e4b1a054300bcad491bce7309481a3abc55f4.json
    > cwd: //home/~/study
22:12:32.188 [info] Kernel successfully started
02:49:25.271 [info] Dispose Kernel '~/study/test1.ipynb' associated with '~/study/test1.ipynb'
02:49:25.271 [info] Dispose Kernel '~/study/test1.ipynb' associated with '~/study/test1.ipynb'
