2025-01-31 09:29:46.176 [info] 실험 'pythonRecommendTensorboardExt'이(가) 활성 상태입니다.
2025-01-31 09:29:46.177 [info] 실험 'pythonTerminalEnvVarActivation'이(가) 활성 상태입니다.
2025-01-31 09:29:46.177 [info] 실험 'pythonTestAdapter'이(가) 활성 상태입니다.
2025-01-31 09:29:46.177 [info] Native locator: Refresh started
2025-01-31 09:29:46.177 [info] Conda environment manager found at: /opt/anaconda3/bin/conda
2025-01-31 09:29:46.177 [info] Native locator: Refresh finished in 125 ms
2025-01-31 09:29:46.177 [info] Native locator: Refresh started
2025-01-31 09:29:46.205 [info] > pyenv which python
2025-01-31 09:29:46.205 [info] cwd: .
2025-01-31 09:29:46.229 [info] Python 인터프리터 경로: /opt/anaconda3/envs/bogdong/bin/python
2025-01-31 09:29:46.229 [info] Conda environment manager found at: /opt/anaconda3/bin/conda
2025-01-31 09:29:46.333 [info] > conda info --json
2025-01-31 09:29:46.333 [info] shell: bash
2025-01-31 09:29:46.395 [info] > /opt/anaconda3/bin/conda info --json
2025-01-31 09:29:46.423 [info] Native locator: Refresh finished in 493 ms
2025-01-31 09:29:46.816 [info] > conda run -n bogdong --no-capture-output python ./.vscode-server/extensions/ms-python.python-2024.22.2-linux-x64/python_files/get_output_via_markers.py ./.vscode-server/extensions/ms-python.python-2024.22.2-linux-x64/python_files/printEnvVariables.py
2025-01-31 09:29:46.816 [info] shell: bash
2025-01-31 09:29:47.830 [info] > /bin/python3 ./.vscode-server/extensions/ms-python.python-2024.22.2-linux-x64/python_files/printEnvVariables.py
2025-01-31 09:29:47.830 [info] shell: bash
2025-01-31 09:29:47.843 [info] Setting environment variable CONDA_EXE in collection to /opt/anaconda3/bin/conda {"applyAtShellIntegration":true,"applyAtProcessCreation":true}
2025-01-31 09:29:47.843 [info] Setting environment variable _CE_M in collection to  {"applyAtShellIntegration":true,"applyAtProcessCreation":true}
2025-01-31 09:29:47.843 [info] Setting environment variable GSETTINGS_SCHEMA_DIR in collection to /opt/anaconda3/envs/bogdong/share/glib-2.0/schemas {"applyAtShellIntegration":true,"applyAtProcessCreation":true}
2025-01-31 09:29:47.843 [info] Setting environment variable CONDA_ROOT in collection to /opt/anaconda3 {"applyAtShellIntegration":true,"applyAtProcessCreation":true}
2025-01-31 09:29:47.843 [info] Setting environment variable CONDA_PREFIX in collection to /opt/anaconda3/envs/bogdong {"applyAtShellIntegration":true,"applyAtProcessCreation":true}
2025-01-31 09:29:47.843 [info] Setting environment variable GSETTINGS_SCHEMA_DIR_CONDA_BACKUP in collection to  {"applyAtShellIntegration":true,"applyAtProcessCreation":true}
2025-01-31 09:29:47.843 [info] Setting environment variable CONDA_PROMPT_MODIFIER in collection to (bogdong)  {"applyAtShellIntegration":true,"applyAtProcessCreation":true}
2025-01-31 09:29:47.843 [info] Setting environment variable _CE_CONDA in collection to  {"applyAtShellIntegration":true,"applyAtProcessCreation":true}
2025-01-31 09:29:47.843 [info] Setting environment variable CONDA_SHLVL in collection to 2 {"applyAtShellIntegration":true,"applyAtProcessCreation":true}
2025-01-31 09:29:47.843 [info] Setting environment variable CONDA_PYTHON_EXE in collection to /opt/anaconda3/bin/python {"applyAtShellIntegration":true,"applyAtProcessCreation":true}
2025-01-31 09:29:47.843 [info] Setting environment variable CONDA_DEFAULT_ENV in collection to bogdong {"applyAtShellIntegration":true,"applyAtProcessCreation":true}
2025-01-31 09:29:47.843 [info] Setting environment variable CONDA_ALLOW_SOFTLINKS in collection to false {"applyAtShellIntegration":true,"applyAtProcessCreation":true}
2025-01-31 09:29:47.843 [info] Prepending environment variable PATH in collection with /opt/anaconda3/envs/bogdong/bin:/opt/anaconda3/condabin: {"applyAtShellIntegration":true,"applyAtProcessCreation":true}
2025-01-31 09:29:47.843 [info] Setting environment variable CONDA_PREFIX_1 in collection to /opt/anaconda3 {"applyAtShellIntegration":true,"applyAtProcessCreation":true}
2025-01-31 09:29:47.843 [info] Prepending environment variable PS1 in collection with (bogdong)  {"applyAtShellIntegration":true,"applyAtProcessCreation":false}
2025-01-31 09:29:47.843 [info] Send text to terminal: /bin/python3 /home/iujeong/.vscode-server/extensions/ms-python.python-2024.22.2-linux-x64/python_files/printEnvVariablesToFile.py /home/iujeong/.vscode-server/extensions/ms-python.python-2024.22.2-linux-x64/python_files/deactivate/bash/envVars.txt
2025-01-31 09:29:49.524 [info] Discover tests for workspace name: iujeong - uri: /home/iujeong/bank.py
2025-01-31 09:29:49.841 [info] Native locator: Refresh started
2025-01-31 09:29:49.861 [info] > /opt/anaconda3/bin/conda run -n bogdong --no-capture-output python ./.vscode-server/extensions/ms-python.python-2024.22.2-linux-x64/python_files/get_output_via_markers.py ./.vscode-server/extensions/ms-python.python-2024.22.2-linux-x64/python_files/printEnvVariables.py
2025-01-31 09:29:49.861 [info] shell: bash
2025-01-31 09:29:49.869 [info] > /opt/anaconda3/bin/conda run -n bogdong --no-capture-output python ./.vscode-server/extensions/ms-python.python-2024.22.2-linux-x64/python_files/get_output_via_markers.py ./.vscode-server/extensions/ms-python.python-2024.22.2-linux-x64/python_files/printEnvVariables.py
2025-01-31 09:29:49.869 [info] shell: bash
2025-01-31 09:29:49.880 [info] Conda environment manager found at: /opt/anaconda3/bin/conda
2025-01-31 09:29:49.961 [info] Native locator: Refresh finished in 121 ms
2025-01-31 09:29:56.928 [info] Pylance 언어 서버를 시작하는 중입니다.
2025-01-31 10:01:07.604 [info] Discover tests for workspace name: iujeong - uri: /home/iujeong/calculator/engineering.py
2025-01-31 10:10:55.397 [info] > /opt/anaconda3/envs/bogdong/bin/python ./.vscode-server/extensions/ms-python.python-2024.22.2-linux-x64/python_files/normalizeSelection.py
2025-01-31 10:11:06.104 [info] Discover tests for workspace name: iujeong - uri: /home/iujeong/calculator/basic.py
2025-01-31 10:13:28.683 [info] Discover tests for workspace name: iujeong - uri: /home/iujeong/calculator/basic.py
2025-01-31 10:14:49.697 [info] Discover tests for workspace name: iujeong - uri: /home/iujeong/calculator/basic.py
2025-01-31 10:14:50.159 [info] Discover tests for workspace name: iujeong - uri: /home/iujeong/calculator/basic.py
2025-01-31 10:14:55.354 [info] Discover tests for workspace name: iujeong - uri: /home/iujeong/calculator/basic.py
2025-01-31 10:15:37.447 [info] Discover tests for workspace name: iujeong - uri: /home/iujeong/calculator/basic.py
2025-01-31 10:15:42.381 [info] Discover tests for workspace name: iujeong - uri: /home/iujeong/calculator/basic.py
2025-01-31 10:16:49.272 [info] Running installed packages checker:  {
  id: '/opt/anaconda3/envs/bogdong/bin/python',
  sysPrefix: '/opt/anaconda3/envs/bogdong',
  envType: 'Conda',
  envName: 'bogdong',
  envPath: '/opt/anaconda3/envs/bogdong',
  path: '/opt/anaconda3/envs/bogdong/bin/python',
  architecture: 3,
  sysVersion: '',
  version: {
    raw: '3.12.8',
    major: 3,
    minor: 12,
    patch: 8,
    build: [],
    prerelease: []
  },
  displayName: "Python 3.12.8 ('bogdong')",
  detailedDisplayName: "Python 3.12.8 ('bogdong')",
  type: 'Conda'
} /home/iujeong/.vscode-server/extensions/ms-python.python-2024.22.2-linux-x64/python_files/installed_check.py /home/iujeong/calculator/requirements.txt
2025-01-31 10:16:49.272 [info] > /opt/anaconda3/envs/bogdong/bin/python ./.vscode-server/extensions/ms-python.python-2024.22.2-linux-x64/python_files/installed_check.py ./calculator/requirements.txt
2025-01-31 10:17:12.007 [info] Running installed packages checker:  {
  id: '/opt/anaconda3/envs/bogdong/bin/python',
  sysPrefix: '/opt/anaconda3/envs/bogdong',
  envType: 'Conda',
  envName: 'bogdong',
  envPath: '/opt/anaconda3/envs/bogdong',
  path: '/opt/anaconda3/envs/bogdong/bin/python',
  architecture: 3,
  sysVersion: '',
  version: {
    raw: '3.12.8',
    major: 3,
    minor: 12,
    patch: 8,
    build: [],
    prerelease: []
  },
  displayName: "Python 3.12.8 ('bogdong')",
  detailedDisplayName: "Python 3.12.8 ('bogdong')",
  type: 'Conda'
} /home/iujeong/.vscode-server/extensions/ms-python.python-2024.22.2-linux-x64/python_files/installed_check.py /home/iujeong/calculator/requirements.txt
2025-01-31 10:17:12.007 [info] > /opt/anaconda3/envs/bogdong/bin/python ./.vscode-server/extensions/ms-python.python-2024.22.2-linux-x64/python_files/installed_check.py ./calculator/requirements.txt
2025-01-31 10:17:41.709 [info] Discover tests for workspace name: iujeong - uri: /home/iujeong/calculator/utils.py
2025-01-31 10:17:50.107 [info] Discover tests for workspace name: iujeong - uri: /home/iujeong/calculator/utils.py
2025-01-31 10:17:56.221 [info] Discover tests for workspace name: iujeong - uri: /home/iujeong/calculator/utils.py
2025-01-31 10:18:30.513 [info] Discover tests for workspace name: iujeong - uri: /home/iujeong/calculator/utils.py
2025-01-31 10:21:28.586 [info] Discover tests for workspace name: iujeong - uri: /home/iujeong/calculator/utils.py
2025-01-31 10:28:30.727 [info] Discover tests for workspace name: iujeong - uri: /home/iujeong/calculator/utils.py
2025-01-31 10:28:31.423 [info] Discover tests for workspace name: iujeong - uri: /home/iujeong/calculator/utils.py
2025-01-31 10:28:32.114 [info] Discover tests for workspace name: iujeong - uri: /home/iujeong/calculator/utils.py
2025-01-31 10:42:56.100 [info] Discover tests for workspace name: iujeong - uri: /home/iujeong/calculator/utils.py
