2025-01-31 09:29:46.177 [info] Starting Python Locator /home/iujeong/.vscode-server/extensions/ms-python.python-2024.22.2-linux-x64/python-env-tools/bin/pet server
2025-01-31 09:29:46.177 [info] Discovered manager: (Conda) /opt/anaconda3/bin/conda
2025-01-31 09:29:46.177 [info] Discovered env: /opt/anaconda3/bin/python
2025-01-31 09:29:46.177 [info] Discovered env: /opt/anaconda3/envs/python=3.13
2025-01-31 09:29:46.177 [info] Discovered env: /opt/anaconda3/envs/aicar/bin/python
2025-01-31 09:29:46.177 [info] Discovered env: /opt/anaconda3/envs/autopilot_lsm/bin/python
2025-01-31 09:29:46.177 [info] Discovered env: /opt/anaconda3/envs/basic/bin/python
2025-01-31 09:29:46.177 [info] Discovered env: /opt/anaconda3/envs/cdp310/bin/python
2025-01-31 09:29:46.177 [info] Discovered env: /opt/anaconda3/envs/bin234/bin/python
2025-01-31 09:29:46.177 [info] Discovered env: /opt/anaconda3/envs/bin345/bin/python
2025-01-31 09:29:46.177 [info] Discovered env: /opt/anaconda3/envs/lanenet_env/bin/python
2025-01-31 09:29:46.177 [info] Discovered env: /opt/anaconda3/envs/gps/bin/python
2025-01-31 09:29:46.177 [info] Discovered env: /opt/anaconda3/envs/kaldi/bin/python
2025-01-31 09:29:46.177 [info] Discovered env: /opt/anaconda3/envs/myenv/bin/python
2025-01-31 09:29:46.177 [info] Discovered env: /opt/anaconda3/envs/jayeon/bin/python
2025-01-31 09:29:46.177 [info] Discovered env: /opt/anaconda3/envs/goguma/bin/python
2025-01-31 09:29:46.177 [info] Discovered env: /opt/anaconda3/envs/bin123/bin/python
2025-01-31 09:29:46.177 [info] Discovered env: /opt/anaconda3/envs/JokerK/bin/python
2025-01-31 09:29:46.177 [info] Discovered env: /opt/anaconda3/envs/ehdnjs_yolo/bin/python
2025-01-31 09:29:46.177 [info] Discovered env: /opt/anaconda3/envs/env_lsy/bin/python
2025-01-31 09:29:46.177 [info] Discovered env: /opt/anaconda3/envs/hansol/bin/python
2025-01-31 09:29:46.177 [info] Discovered env: /opt/anaconda3/envs/surveybay/bin/python
2025-01-31 09:29:46.177 [info] Discovered env: /opt/anaconda3/envs/ezh123/bin/python
2025-01-31 09:29:46.177 [info] Discovered env: /opt/anaconda3/envs/newenv/bin/python
2025-01-31 09:29:46.177 [info] Discovered env: /opt/anaconda3/envs/kgjtest/bin/python
2025-01-31 09:29:46.177 [info] Discovered env: /opt/anaconda3/envs/water/bin/python
2025-01-31 09:29:46.177 [info] Discovered env: /opt/anaconda3/envs/dlalsrb123/bin/python
2025-01-31 09:29:46.177 [info] Discovered env: /opt/anaconda3/envs/golf/bin/python
2025-01-31 09:29:46.177 [info] Discovered env: /opt/anaconda3/envs/test1299/bin/python
2025-01-31 09:29:46.177 [info] Discovered env: /opt/anaconda3/envs/person_tracking/bin/python
2025-01-31 09:29:46.177 [info] Discovered env: /opt/anaconda3/envs/yangpa/bin/python
2025-01-31 09:29:46.177 [info] Discovered env: /opt/anaconda3/envs/skaigroove/bin/python
2025-01-31 09:29:46.177 [info] Discovered env: /opt/anaconda3/envs/test999/bin/python
2025-01-31 09:29:46.177 [info] Discovered env: /opt/anaconda3/envs/yolop/bin/python
2025-01-31 09:29:46.177 [info] Discovered env: /bin/python3
2025-01-31 09:29:46.177 [info] Discovered env: /opt/anaconda3/envs/test1026/bin/python
2025-01-31 09:29:46.177 [info] Discovered env: /usr/bin/python3
2025-01-31 09:29:46.177 [info] Discovered env: /opt/anaconda3/envs/bk7602/bin/python
2025-01-31 09:29:46.177 [info] Discovered env: /opt/anaconda3/envs/nanie1664/bin/python
2025-01-31 09:29:46.177 [info] Discovered env: /opt/anaconda3/envs/KGJ/bin/python
2025-01-31 09:29:46.177 [info] Discovered env: /opt/anaconda3/envs/msoh/bin/python
2025-01-31 09:29:46.177 [info] Discovered env: /opt/anaconda3/envs/adas_cju/bin/python
2025-01-31 09:29:46.177 [info] Discovered env: /opt/anaconda3/envs/cju_mlane/bin/python
2025-01-31 09:29:46.177 [info] Discovered env: /opt/anaconda3/envs/hjjeon/bin/python
2025-01-31 09:29:46.177 [info] Discovered env: /opt/anaconda3/envs/jha/bin/python
2025-01-31 09:29:46.177 [info] Discovered env: /opt/anaconda3/envs/cju/bin/python
2025-01-31 09:29:46.177 [info] Discovered env: /opt/anaconda3/envs/nanie1/bin/python
2025-01-31 09:29:46.177 [info] Discovered env: /opt/anaconda3/envs/nanie/bin/python
2025-01-31 09:29:46.177 [info] Discovered env: /opt/anaconda3/envs/test8737/bin/python
2025-01-31 09:29:46.177 [info] Discovered env: /opt/anaconda3/envs/bogdong/bin/python
2025-01-31 09:29:46.177 [info] Discovered env: /opt/anaconda3/envs/test123/bin/python
2025-01-31 09:29:46.177 [info] Discovered env: /opt/anaconda3/envs/cgh/bin/python
2025-01-31 09:29:46.177 [info] Discovered env: /opt/anaconda3/envs/shkim/bin/python
2025-01-31 09:29:46.177 [info] Discovered env: /opt/anaconda3/envs/torch/bin/python
2025-01-31 09:29:46.177 [info] Locator Conda took 73.793766ms
2025-01-31 09:29:46.177 [info] Locator Homebrew took 34.42µs
2025-01-31 09:29:46.177 [info] Locator LinuxGlobal took 72.115727ms
2025-01-31 09:29:46.177 [info] Locator PipEnv took 15.967µs
2025-01-31 09:29:46.177 [info] Locator Poetry took 468.88µs
2025-01-31 09:29:46.177 [info] Locator PyEnv took 119.525µs
2025-01-31 09:29:46.177 [info] Locator Venv took 40.682µs
2025-01-31 09:29:46.177 [info] Locator VirtualEnv took 197.265µs
2025-01-31 09:29:46.177 [info] Locator VirtualEnvWrapper took 43.065µs
2025-01-31 09:29:46.177 [info] Locator GlobalVirtualEnvs took 231.82µs
2025-01-31 09:29:46.177 [info] Locator Locators took 74.348067ms
2025-01-31 09:29:46.177 [info] Locator Path took 120.070545ms
2025-01-31 09:29:46.177 [info] Locator Workspaces took 2.432274ms
2025-01-31 09:29:46.177 [info] Refresh completed in 120ms
2025-01-31 09:29:46.228 [info] Resolved Python Environment /opt/anaconda3/envs/bogdong/bin/python
2025-01-31 09:29:46.229 [info] Discovered manager: (Conda) /opt/anaconda3/bin/conda
2025-01-31 09:29:46.229 [info] Discovered env: /opt/anaconda3/bin/python
2025-01-31 09:29:46.230 [info] Discovered env: /opt/anaconda3/envs/aicar/bin/python
2025-01-31 09:29:46.230 [info] Discovered env: /opt/anaconda3/envs/python=3.13
2025-01-31 09:29:46.230 [info] Discovered env: /opt/anaconda3/envs/bin234/bin/python
2025-01-31 09:29:46.230 [info] Discovered env: /opt/anaconda3/envs/JokerK/bin/python
2025-01-31 09:29:46.230 [info] Discovered env: /opt/anaconda3/envs/basic/bin/python
2025-01-31 09:29:46.230 [info] Discovered env: /opt/anaconda3/envs/bin345/bin/python
2025-01-31 09:29:46.230 [info] Discovered env: /opt/anaconda3/envs/autopilot_lsm/bin/python
2025-01-31 09:29:46.231 [info] Discovered env: /opt/anaconda3/envs/ehdnjs_yolo/bin/python
2025-01-31 09:29:46.231 [info] Discovered env: /opt/anaconda3/envs/bin123/bin/python
2025-01-31 09:29:46.231 [info] Discovered env: /opt/anaconda3/envs/cdp310/bin/python
2025-01-31 09:29:46.231 [info] Discovered env: /opt/anaconda3/envs/golf/bin/python
2025-01-31 09:29:46.231 [info] Discovered env: /opt/anaconda3/envs/gps/bin/python
2025-01-31 09:29:46.231 [info] Discovered env: /opt/anaconda3/envs/jayeon/bin/python
2025-01-31 09:29:46.231 [info] Discovered env: /opt/anaconda3/envs/goguma/bin/python
2025-01-31 09:29:46.231 [info] Discovered env: /opt/anaconda3/envs/ezh123/bin/python
2025-01-31 09:29:46.231 [info] Discovered env: /opt/anaconda3/envs/kaldi/bin/python
2025-01-31 09:29:46.231 [info] Discovered env: /opt/anaconda3/envs/surveybay/bin/python
2025-01-31 09:29:46.231 [info] Discovered env: /opt/anaconda3/envs/env_lsy/bin/python
2025-01-31 09:29:46.231 [info] Discovered env: /opt/anaconda3/envs/dlalsrb123/bin/python
2025-01-31 09:29:46.231 [info] Discovered env: /opt/anaconda3/envs/lanenet_env/bin/python
2025-01-31 09:29:46.231 [info] Discovered env: /opt/anaconda3/envs/bk7602/bin/python
2025-01-31 09:29:46.231 [info] Discovered env: /opt/anaconda3/envs/myenv/bin/python
2025-01-31 09:29:46.231 [info] Discovered env: /opt/anaconda3/envs/kgjtest/bin/python
2025-01-31 09:29:46.231 [info] Discovered env: /opt/anaconda3/envs/person_tracking/bin/python
2025-01-31 09:29:46.231 [info] Discovered env: /opt/anaconda3/envs/test999/bin/python
2025-01-31 09:29:46.231 [info] Discovered env: /opt/anaconda3/envs/test1299/bin/python
2025-01-31 09:29:46.231 [info] Discovered env: /opt/anaconda3/envs/hansol/bin/python
2025-01-31 09:29:46.231 [info] Discovered env: /opt/anaconda3/envs/water/bin/python
2025-01-31 09:29:46.231 [info] Discovered env: /opt/anaconda3/envs/newenv/bin/python
2025-01-31 09:29:46.231 [info] Discovered env: /opt/anaconda3/envs/yangpa/bin/python
2025-01-31 09:29:46.232 [info] Discovered env: /opt/anaconda3/envs/test1026/bin/python
2025-01-31 09:29:46.232 [info] Discovered env: /opt/anaconda3/envs/adas_cju/bin/python
2025-01-31 09:29:46.232 [info] Discovered env: /opt/anaconda3/envs/hjjeon/bin/python
2025-01-31 09:29:46.232 [info] Discovered env: /opt/anaconda3/envs/skaigroove/bin/python
2025-01-31 09:29:46.232 [info] Discovered env: /opt/anaconda3/envs/bogdong/bin/python
2025-01-31 09:29:46.232 [info] Discovered env: /opt/anaconda3/envs/msoh/bin/python
2025-01-31 09:29:46.232 [info] Discovered env: /opt/anaconda3/envs/yolop/bin/python
2025-01-31 09:29:46.232 [info] Discovered env: /opt/anaconda3/envs/KGJ/bin/python
2025-01-31 09:29:46.232 [info] Discovered env: /opt/anaconda3/envs/cju/bin/python
2025-01-31 09:29:46.233 [info] Discovered env: /opt/anaconda3/envs/cju_mlane/bin/python
2025-01-31 09:29:46.233 [info] Discovered env: /opt/anaconda3/envs/nanie/bin/python
2025-01-31 09:29:46.233 [info] Discovered env: /opt/anaconda3/envs/cgh/bin/python
2025-01-31 09:29:46.233 [info] Discovered env: /opt/anaconda3/envs/nanie1664/bin/python
2025-01-31 09:29:46.233 [info] Discovered env: /opt/anaconda3/envs/nanie1/bin/python
2025-01-31 09:29:46.233 [info] Discovered env: /opt/anaconda3/envs/jha/bin/python
2025-01-31 09:29:46.233 [info] Discovered env: /opt/anaconda3/envs/test123/bin/python
2025-01-31 09:29:46.233 [info] Discovered env: /opt/anaconda3/envs/test8737/bin/python
2025-01-31 09:29:46.233 [info] Discovered env: /opt/anaconda3/envs/torch/bin/python
2025-01-31 09:29:46.233 [info] Discovered env: /opt/anaconda3/envs/shkim/bin/python
2025-01-31 09:29:46.233 [info] Discovered env: /bin/python3
2025-01-31 09:29:46.233 [info] Discovered env: /usr/bin/python3
2025-01-31 09:29:46.343 [info] Locator Conda took 52.971962ms
2025-01-31 09:29:46.343 [info] Locator Homebrew took 33.978µs
2025-01-31 09:29:46.343 [info] Locator LinuxGlobal took 56.423056ms
2025-01-31 09:29:46.347 [info] Locator PipEnv took 9.186µs
2025-01-31 09:29:46.347 [info] Locator Poetry took 86.003µs
2025-01-31 09:29:46.347 [info] Locator PyEnv took 119.105µs
2025-01-31 09:29:46.347 [info] Locator Venv took 7.873µs
2025-01-31 09:29:46.347 [info] Locator VirtualEnv took 21.625µs
2025-01-31 09:29:46.357 [info] Locator VirtualEnvWrapper took 10.728µs
2025-01-31 09:29:46.357 [info] Locator GlobalVirtualEnvs took 94.485µs
2025-01-31 09:29:46.357 [info] Locator Locators took 57.619969ms
2025-01-31 09:29:46.359 [info] Locator Path took 108.635735ms
2025-01-31 09:29:46.396 [info] Locator Workspaces took 2.457191ms
2025-01-31 09:29:46.423 [info] Refresh completed in 108ms
2025-01-31 09:29:49.880 [info] Discovered manager: (Conda) /opt/anaconda3/bin/conda
2025-01-31 09:29:49.880 [info] Discovered env: /opt/anaconda3/bin/python
2025-01-31 09:29:49.891 [info] Discovered env: /opt/anaconda3/envs/JokerK/bin/python
2025-01-31 09:29:49.892 [info] Discovered env: /opt/anaconda3/envs/bin123/bin/python
2025-01-31 09:29:49.893 [info] Discovered env: /opt/anaconda3/envs/aicar/bin/python
2025-01-31 09:29:49.894 [info] Discovered env: /opt/anaconda3/envs/basic/bin/python
2025-01-31 09:29:49.895 [info] Discovered env: /opt/anaconda3/envs/autopilot_lsm/bin/python
2025-01-31 09:29:49.895 [info] Discovered env: /opt/anaconda3/envs/bin345/bin/python
2025-01-31 09:29:49.896 [info] Discovered env: /opt/anaconda3/envs/bin234/bin/python
2025-01-31 09:29:49.897 [info] Discovered env: /opt/anaconda3/envs/cdp310/bin/python
2025-01-31 09:29:49.897 [info] Discovered env: /opt/anaconda3/envs/python=3.13
2025-01-31 09:29:49.897 [info] Discovered env: /opt/anaconda3/envs/ehdnjs_yolo/bin/python
2025-01-31 09:29:49.898 [info] Discovered env: /opt/anaconda3/envs/dlalsrb123/bin/python
2025-01-31 09:29:49.898 [info] Discovered env: /opt/anaconda3/envs/env_lsy/bin/python
2025-01-31 09:29:49.899 [info] Discovered env: /opt/anaconda3/envs/bk7602/bin/python
2025-01-31 09:29:49.899 [info] Discovered env: /opt/anaconda3/envs/ezh123/bin/python
2025-01-31 09:29:49.900 [info] Discovered env: /opt/anaconda3/envs/golf/bin/python
2025-01-31 09:29:49.900 [info] Discovered env: /opt/anaconda3/envs/gps/bin/python
2025-01-31 09:29:49.900 [info] Discovered env: /opt/anaconda3/envs/hansol/bin/python
2025-01-31 09:29:49.901 [info] Discovered env: /opt/anaconda3/envs/jayeon/bin/python
2025-01-31 09:29:49.901 [info] Discovered env: /opt/anaconda3/envs/goguma/bin/python
2025-01-31 09:29:49.901 [info] Discovered env: /opt/anaconda3/envs/lanenet_env/bin/python
2025-01-31 09:29:49.902 [info] Discovered env: /opt/anaconda3/envs/newenv/bin/python
2025-01-31 09:29:49.903 [info] Discovered env: /opt/anaconda3/envs/myenv/bin/python
2025-01-31 09:29:49.903 [info] Discovered env: /opt/anaconda3/envs/kaldi/bin/python
2025-01-31 09:29:49.903 [info] Discovered env: /opt/anaconda3/envs/adas_cju/bin/python
2025-01-31 09:29:49.903 [info] Discovered env: /opt/anaconda3/envs/kgjtest/bin/python
2025-01-31 09:29:49.904 [info] Discovered env: /opt/anaconda3/envs/test1299/bin/python
2025-01-31 09:29:49.904 [info] Discovered env: /opt/anaconda3/envs/KGJ/bin/python
2025-01-31 09:29:49.904 [info] Discovered env: /opt/anaconda3/envs/person_tracking/bin/python
2025-01-31 09:29:49.905 [info] Discovered env: /opt/anaconda3/envs/surveybay/bin/python
2025-01-31 09:29:49.905 [info] Discovered env: /opt/anaconda3/envs/water/bin/python
2025-01-31 09:29:49.905 [info] Discovered env: /opt/anaconda3/envs/skaigroove/bin/python
2025-01-31 09:29:49.907 [info] Discovered env: /opt/anaconda3/envs/bogdong/bin/python
2025-01-31 09:29:49.907 [info] Discovered env: /opt/anaconda3/envs/cju/bin/python
2025-01-31 09:29:49.907 [info] Discovered env: /opt/anaconda3/envs/test999/bin/python
2025-01-31 09:29:49.907 [info] Discovered env: /opt/anaconda3/envs/cju_mlane/bin/python
2025-01-31 09:29:49.907 [info] Discovered env: /opt/anaconda3/envs/hjjeon/bin/python
2025-01-31 09:29:49.907 [info] Discovered env: /opt/anaconda3/envs/cgh/bin/python
2025-01-31 09:29:49.907 [info] Discovered env: /opt/anaconda3/envs/jha/bin/python
2025-01-31 09:29:49.907 [info] Discovered env: /opt/anaconda3/envs/yangpa/bin/python
2025-01-31 09:29:49.907 [info] Discovered env: /opt/anaconda3/envs/nanie1664/bin/python
2025-01-31 09:29:49.907 [info] Discovered env: /opt/anaconda3/envs/yolop/bin/python
2025-01-31 09:29:49.907 [info] Discovered env: /opt/anaconda3/envs/test1026/bin/python
2025-01-31 09:29:49.908 [info] Discovered env: /opt/anaconda3/envs/test123/bin/python
2025-01-31 09:29:49.908 [info] Discovered env: /opt/anaconda3/envs/nanie1/bin/python
2025-01-31 09:29:49.909 [info] Discovered env: /opt/anaconda3/envs/msoh/bin/python
2025-01-31 09:29:49.909 [info] Discovered env: /opt/anaconda3/envs/nanie/bin/python
2025-01-31 09:29:49.909 [info] Discovered env: /opt/anaconda3/envs/test8737/bin/python
2025-01-31 09:29:49.910 [info] Discovered env: /opt/anaconda3/envs/torch/bin/python
2025-01-31 09:29:49.910 [info] Discovered env: /opt/anaconda3/envs/shkim/bin/python
2025-01-31 09:29:49.911 [info] Discovered env: /bin/python3
2025-01-31 09:29:49.913 [info] Discovered env: /usr/bin/python3
2025-01-31 09:29:49.961 [info] Locator Conda took 52.019967ms
2025-01-31 09:29:49.961 [info] Locator Homebrew took 28.791µs
2025-01-31 09:29:49.961 [info] Locator LinuxGlobal took 53.557174ms
2025-01-31 09:29:49.961 [info] Locator PipEnv took 12.639µs
2025-01-31 09:29:49.961 [info] Locator Poetry took 87.505µs
2025-01-31 09:29:49.961 [info] Locator PyEnv took 70.904µs
2025-01-31 09:29:49.961 [info] Locator Venv took 14.485µs
2025-01-31 09:29:49.961 [info] Locator VirtualEnv took 12.065µs
2025-01-31 09:29:49.961 [info] Locator VirtualEnvWrapper took 11.399µs
2025-01-31 09:29:49.961 [info] Locator GlobalVirtualEnvs took 49.185µs
2025-01-31 09:29:49.961 [info] Locator Locators took 54.849275ms
2025-01-31 09:29:49.961 [info] Locator Path took 102.648538ms
2025-01-31 09:29:49.961 [info] Locator Workspaces took 2.306837ms
2025-01-31 09:29:49.961 [info] Refresh completed in 102ms
2025-01-31 10:01:05.406 [info] Resolved Python Environment /opt/anaconda3/envs/bogdong/bin/python
2025-01-31 10:01:52.544 [info] Resolved Python Environment /opt/anaconda3/envs/bogdong/bin/python
2025-01-31 10:02:57.141 [info] Resolved Python Environment /opt/anaconda3/envs/bogdong/bin/python
2025-01-31 10:03:33.551 [info] Resolved Python Environment /opt/anaconda3/envs/bogdong/bin/python
2025-01-31 10:05:08.210 [info] Resolved Python Environment /opt/anaconda3/envs/bogdong/bin/python
2025-01-31 10:10:55.391 [info] Resolved Python Environment /opt/anaconda3/envs/bogdong/bin/python
2025-01-31 10:13:22.098 [info] Resolved Python Environment /opt/anaconda3/envs/bogdong/bin/python
2025-01-31 10:15:43.257 [info] Resolved Python Environment /opt/anaconda3/envs/bogdong/bin/python
2025-01-31 10:16:22.028 [info] Resolved Python Environment /opt/anaconda3/envs/bogdong/bin/python
2025-01-31 10:17:12.004 [info] Resolved Python Environment /opt/anaconda3/envs/bogdong/bin/python
2025-01-31 10:17:52.272 [info] Resolved Python Environment /opt/anaconda3/envs/bogdong/bin/python
2025-01-31 10:27:15.109 [info] Resolved Python Environment /opt/anaconda3/envs/bogdong/bin/python
2025-01-31 10:28:02.799 [info] Resolved Python Environment /opt/anaconda3/envs/bogdong/bin/python
2025-01-31 10:42:35.819 [info] Resolved Python Environment /opt/anaconda3/envs/bogdong/bin/python
