2025-02-02 17:46:39.565 [info] Extension host with pid 2451431 started
2025-02-02 17:46:39.574 [info] Lock '/home/iujeong/.vscode-server/data/User/workspaceStorage/d93eea3a3c3f435b3cabd9cc82da6704/vscode.lock': Lock acquired.
2025-02-02 17:46:39.624 [info] ExtensionService#_doActivateExtension vscode.git-base, startup: false, activationEvent: '*', root cause: vscode.git
2025-02-02 17:46:39.624 [info] ExtensionService#_doActivateExtension vscode.emmet, startup: false, activationEvent: 'onLanguage'
2025-02-02 17:46:39.624 [info] ExtensionService#_doActivateExtension ms-python.python, startup: false, activationEvent: 'onLanguage:python', root cause: ms-python.debugpy
2025-02-02 17:46:39.624 [info] ExtensionService#_doActivateExtension ms-toolsai.jupyter, startup: false, activationEvent: 'onLanguage:python'
2025-02-02 17:46:39.924 [warning] Using default string since no string found in i18n bundle that has the key: Source map support is enabled in the Python Extension, this will adversely impact performance of the extension.
2025-02-02 17:46:39.924 [warning] Using default string since no string found in i18n bundle that has the key: Disable Source Map Support
2025-02-02 17:46:39.924 [warning] Using default string since no string found in i18n bundle that has the key: Enabling source map support in the Python Extension will adversely impact performance of the extension.
2025-02-02 17:46:39.924 [warning] Using default string since no string found in i18n bundle that has the key: Enable and reload Window.
2025-02-02 17:46:39.924 [warning] Using default string since no string found in i18n bundle that has the key: ▶ Launch TensorBoard Session
2025-02-02 17:46:39.924 [warning] Using default string since no string found in i18n bundle that has the key: Launch TensorBoard session
2025-02-02 17:46:40.015 [warning] Using default string since no string found in i18n bundle that has the key: The security certificate used by server was not issued by a trusted certificate authority.
This may indicate an attempt to steal your information.
2025-02-02 17:46:40.015 [warning] Using default string since no string found in i18n bundle that has the key: The security certificate used by server has expired.
This may indicate an attempt to steal your information.
2025-02-02 17:46:40.016 [warning] Using default string since no string found in i18n bundle that has the key: If you have not installed xelatex (TeX), you will need to do so before you can export to PDF. For further instructions, please see https://nbconvert.readthedocs.io/en/latest/install.html#installing-tex. 
To avoid installing xelatex (TeX), you might want to try exporting to HTML and using your browser's "Print to PDF" feature.
2025-02-02 17:46:40.125 [info] ExtensionService#_doActivateExtension ms-toolsai.jupyter-renderers, startup: false, activationEvent: 'api', root cause: ms-toolsai.jupyter
2025-02-02 17:46:40.134 [info] ExtensionService#_doActivateExtension vscode.git, startup: false, activationEvent: '*'
2025-02-02 17:46:40.134 [info] ExtensionService#_doActivateExtension vscode.github, startup: false, activationEvent: '*'
2025-02-02 17:46:40.154 [info] ExtensionService#_doActivateExtension ms-python.debugpy, startup: false, activationEvent: 'onLanguage:python'
2025-02-02 17:46:40.154 [info] ExtensionService#_doActivateExtension ms-python.vscode-pylance, startup: false, activationEvent: 'onLanguage:python'
2025-02-02 17:46:40.546 [warning] [Decorations] CAPPING events from decorations provider vscode.git 320
2025-02-02 17:46:40.568 [info] Eager extensions activated
2025-02-02 17:46:40.568 [info] ExtensionService#_doActivateExtension vscode.debug-auto-launch, startup: false, activationEvent: 'onStartupFinished'
2025-02-02 17:46:40.568 [info] ExtensionService#_doActivateExtension vscode.merge-conflict, startup: false, activationEvent: 'onStartupFinished'
2025-02-02 17:46:40.639 [warning] [Decorations] CAPPING events from decorations provider vscode.git 320
2025-02-02 17:46:41.017 [warning] [Decorations] CAPPING events from decorations provider vscode.git 320
2025-02-02 17:46:41.603 [info] ExtensionService#_doActivateExtension vscode.tunnel-forwarding, startup: false, activationEvent: 'onTunnel'
2025-02-02 17:46:45.700 [warning] [Decorations] CAPPING events from decorations provider vscode.git 320
2025-02-02 17:46:50.723 [warning] [Decorations] CAPPING events from decorations provider vscode.git 320
2025-02-02 17:46:55.745 [warning] [Decorations] CAPPING events from decorations provider vscode.git 320
2025-02-02 17:47:00.768 [warning] [Decorations] CAPPING events from decorations provider vscode.git 320
2025-02-02 17:47:05.027 [info] ExtensionService#_doActivateExtension vscode.npm, startup: false, activationEvent: 'onTerminalQuickFixRequest:ms-vscode.npm-command'
2025-02-02 17:47:05.790 [warning] [Decorations] CAPPING events from decorations provider vscode.git 320
2025-02-02 17:47:10.810 [warning] [Decorations] CAPPING events from decorations provider vscode.git 320
2025-02-02 17:47:15.833 [warning] [Decorations] CAPPING events from decorations provider vscode.git 320
2025-02-02 17:47:20.852 [warning] [Decorations] CAPPING events from decorations provider vscode.git 320
2025-02-02 17:47:25.880 [warning] [Decorations] CAPPING events from decorations provider vscode.git 320
2025-02-02 17:47:30.911 [warning] [Decorations] CAPPING events from decorations provider vscode.git 320
2025-02-02 17:47:35.940 [warning] [Decorations] CAPPING events from decorations provider vscode.git 320
2025-02-02 17:47:40.969 [warning] [Decorations] CAPPING events from decorations provider vscode.git 320
2025-02-02 17:47:56.422 [warning] [Decorations] CAPPING events from decorations provider vscode.git 320
2025-02-02 17:48:01.443 [warning] [Decorations] CAPPING events from decorations provider vscode.git 320
2025-02-02 17:48:06.466 [warning] [Decorations] CAPPING events from decorations provider vscode.git 320
2025-02-02 17:48:11.485 [warning] [Decorations] CAPPING events from decorations provider vscode.git 320
2025-02-02 17:48:16.506 [warning] [Decorations] CAPPING events from decorations provider vscode.git 320
2025-02-02 17:48:40.534 [warning] [Decorations] CAPPING events from decorations provider vscode.git 320
2025-02-02 17:48:45.556 [warning] [Decorations] CAPPING events from decorations provider vscode.git 320
2025-02-02 17:48:50.577 [warning] [Decorations] CAPPING events from decorations provider vscode.git 320
2025-02-02 17:48:55.598 [warning] [Decorations] CAPPING events from decorations provider vscode.git 320
2025-02-02 17:49:00.621 [warning] [Decorations] CAPPING events from decorations provider vscode.git 320
2025-02-02 17:49:05.641 [warning] [Decorations] CAPPING events from decorations provider vscode.git 320
2025-02-02 17:49:10.731 [warning] [Decorations] CAPPING events from decorations provider vscode.git 320
2025-02-02 17:49:15.756 [warning] [Decorations] CAPPING events from decorations provider vscode.git 320
2025-02-02 17:49:20.776 [warning] [Decorations] CAPPING events from decorations provider vscode.git 320
2025-02-02 17:50:13.578 [warning] [Decorations] CAPPING events from decorations provider vscode.git 320
2025-02-02 17:50:14.077 [warning] [Decorations] CAPPING events from decorations provider vscode.git 320
2025-02-02 17:50:18.599 [warning] [Decorations] CAPPING events from decorations provider vscode.git 320
2025-02-02 17:50:23.619 [warning] [Decorations] CAPPING events from decorations provider vscode.git 320
2025-02-02 17:50:28.639 [warning] [Decorations] CAPPING events from decorations provider vscode.git 320
2025-02-02 17:50:33.660 [warning] [Decorations] CAPPING events from decorations provider vscode.git 320
2025-02-02 17:50:38.682 [warning] [Decorations] CAPPING events from decorations provider vscode.git 320
2025-02-02 17:50:48.195 [warning] [Decorations] CAPPING events from decorations provider vscode.git 320
2025-02-02 17:50:52.532 [warning] [Decorations] CAPPING events from decorations provider vscode.git 320
2025-02-02 17:50:53.227 [warning] [Decorations] CAPPING events from decorations provider vscode.git 315
2025-02-02 17:50:58.257 [warning] [Decorations] CAPPING events from decorations provider vscode.git 315
2025-02-02 17:51:03.286 [warning] [Decorations] CAPPING events from decorations provider vscode.git 315
2025-02-02 17:51:08.315 [warning] [Decorations] CAPPING events from decorations provider vscode.git 315
2025-02-02 17:51:12.266 [warning] [Decorations] CAPPING events from decorations provider vscode.git 315
2025-02-02 18:40:54.631 [info] ExtensionService#_doActivateExtension vscode.configuration-editing, startup: false, activationEvent: 'onLanguage:json'
2025-02-02 18:40:54.632 [info] ExtensionService#_doActivateExtension vscode.extension-editing, startup: false, activationEvent: 'onLanguage:json'
2025-02-02 18:40:54.632 [info] ExtensionService#_doActivateExtension vscode.json-language-features, startup: false, activationEvent: 'onLanguage:json'
2025-02-02 18:40:54.760 [error] Activating extension vscode.json-language-features failed due to an error:
2025-02-02 18:40:54.760 [error] Error: Pending response rejected since connection got disposed
	at Object.dispose (/home/iujeong/.vscode-server/cli/servers/Stable-cd4ee3b1c348a13bafd8f9ad8060705f6d4b9cba/server/extensions/json-language-features/client/dist/node/jsonClientMain.js:1:235506)
	at Object.dispose (/home/iujeong/.vscode-server/cli/servers/Stable-cd4ee3b1c348a13bafd8f9ad8060705f6d4b9cba/server/extensions/json-language-features/client/dist/node/jsonClientMain.js:1:297946)
	at D.handleConnectionClosed (/home/iujeong/.vscode-server/cli/servers/Stable-cd4ee3b1c348a13bafd8f9ad8060705f6d4b9cba/server/extensions/json-language-features/client/dist/node/jsonClientMain.js:1:298353)
	at D.handleConnectionClosed (/home/iujeong/.vscode-server/cli/servers/Stable-cd4ee3b1c348a13bafd8f9ad8060705f6d4b9cba/server/extensions/json-language-features/client/dist/node/jsonClientMain.js:1:496282)
	at /home/iujeong/.vscode-server/cli/servers/Stable-cd4ee3b1c348a13bafd8f9ad8060705f6d4b9cba/server/extensions/json-language-features/client/dist/node/jsonClientMain.js:1:298095
	at s.invoke (/home/iujeong/.vscode-server/cli/servers/Stable-cd4ee3b1c348a13bafd8f9ad8060705f6d4b9cba/server/extensions/json-language-features/client/dist/node/jsonClientMain.js:1:237355)
	at a.fire (/home/iujeong/.vscode-server/cli/servers/Stable-cd4ee3b1c348a13bafd8f9ad8060705f6d4b9cba/server/extensions/json-language-features/client/dist/node/jsonClientMain.js:1:238173)
	at ne (/home/iujeong/.vscode-server/cli/servers/Stable-cd4ee3b1c348a13bafd8f9ad8060705f6d4b9cba/server/extensions/json-language-features/client/dist/node/jsonClientMain.js:1:223729)
	at s.invoke (/home/iujeong/.vscode-server/cli/servers/Stable-cd4ee3b1c348a13bafd8f9ad8060705f6d4b9cba/server/extensions/json-language-features/client/dist/node/jsonClientMain.js:1:237355)
	at a.fire (/home/iujeong/.vscode-server/cli/servers/Stable-cd4ee3b1c348a13bafd8f9ad8060705f6d4b9cba/server/extensions/json-language-features/client/dist/node/jsonClientMain.js:1:238173)
	at g.fireClose (/home/iujeong/.vscode-server/cli/servers/Stable-cd4ee3b1c348a13bafd8f9ad8060705f6d4b9cba/server/extensions/json-language-features/client/dist/node/jsonClientMain.js:1:246990)
	at ChildProcess.<anonymous> (/home/iujeong/.vscode-server/cli/servers/Stable-cd4ee3b1c348a13bafd8f9ad8060705f6d4b9cba/server/extensions/json-language-features/client/dist/node/jsonClientMain.js:1:261659)
	at ChildProcess.emit (node:events:530:35)
	at maybeClose (node:internal/child_process:1104:16)
	at Socket.<anonymous> (node:internal/child_process:456:11)
	at Socket.emit (node:events:518:28)
	at Pipe.<anonymous> (node:net:343:12)
2025-02-02 18:40:55.756 [error] Error: Pending response rejected since connection got disposed
	at Object.dispose (/home/iujeong/.vscode-server/cli/servers/Stable-cd4ee3b1c348a13bafd8f9ad8060705f6d4b9cba/server/extensions/json-language-features/client/dist/node/jsonClientMain.js:1:235506)
	at Object.dispose (/home/iujeong/.vscode-server/cli/servers/Stable-cd4ee3b1c348a13bafd8f9ad8060705f6d4b9cba/server/extensions/json-language-features/client/dist/node/jsonClientMain.js:1:297946)
	at D.handleConnectionClosed (/home/iujeong/.vscode-server/cli/servers/Stable-cd4ee3b1c348a13bafd8f9ad8060705f6d4b9cba/server/extensions/json-language-features/client/dist/node/jsonClientMain.js:1:298353)
	at D.handleConnectionClosed (/home/iujeong/.vscode-server/cli/servers/Stable-cd4ee3b1c348a13bafd8f9ad8060705f6d4b9cba/server/extensions/json-language-features/client/dist/node/jsonClientMain.js:1:496282)
	at /home/iujeong/.vscode-server/cli/servers/Stable-cd4ee3b1c348a13bafd8f9ad8060705f6d4b9cba/server/extensions/json-language-features/client/dist/node/jsonClientMain.js:1:298095
	at s.invoke (/home/iujeong/.vscode-server/cli/servers/Stable-cd4ee3b1c348a13bafd8f9ad8060705f6d4b9cba/server/extensions/json-language-features/client/dist/node/jsonClientMain.js:1:237355)
	at a.fire (/home/iujeong/.vscode-server/cli/servers/Stable-cd4ee3b1c348a13bafd8f9ad8060705f6d4b9cba/server/extensions/json-language-features/client/dist/node/jsonClientMain.js:1:238173)
	at ne (/home/iujeong/.vscode-server/cli/servers/Stable-cd4ee3b1c348a13bafd8f9ad8060705f6d4b9cba/server/extensions/json-language-features/client/dist/node/jsonClientMain.js:1:223729)
	at s.invoke (/home/iujeong/.vscode-server/cli/servers/Stable-cd4ee3b1c348a13bafd8f9ad8060705f6d4b9cba/server/extensions/json-language-features/client/dist/node/jsonClientMain.js:1:237355)
	at a.fire (/home/iujeong/.vscode-server/cli/servers/Stable-cd4ee3b1c348a13bafd8f9ad8060705f6d4b9cba/server/extensions/json-language-features/client/dist/node/jsonClientMain.js:1:238173)
	at g.fireClose (/home/iujeong/.vscode-server/cli/servers/Stable-cd4ee3b1c348a13bafd8f9ad8060705f6d4b9cba/server/extensions/json-language-features/client/dist/node/jsonClientMain.js:1:246990)
	at ChildProcess.<anonymous> (/home/iujeong/.vscode-server/cli/servers/Stable-cd4ee3b1c348a13bafd8f9ad8060705f6d4b9cba/server/extensions/json-language-features/client/dist/node/jsonClientMain.js:1:261659)
	at ChildProcess.emit (node:events:530:35)
	at maybeClose (node:internal/child_process:1104:16)
	at Socket.<anonymous> (node:internal/child_process:456:11)
	at Socket.emit (node:events:518:28)
	at Pipe.<anonymous> (node:net:343:12)
2025-02-02 18:40:55.759 [error] Error: Client is not running and can't be stopped. It's current state is: starting
	at D.shutdown (/home/iujeong/.vscode-server/cli/servers/Stable-cd4ee3b1c348a13bafd8f9ad8060705f6d4b9cba/server/extensions/json-language-features/client/dist/node/jsonClientMain.js:1:293058)
	at D.shutdown (/home/iujeong/.vscode-server/cli/servers/Stable-cd4ee3b1c348a13bafd8f9ad8060705f6d4b9cba/server/extensions/json-language-features/client/dist/node/jsonClientMain.js:1:495875)
	at D.stop (/home/iujeong/.vscode-server/cli/servers/Stable-cd4ee3b1c348a13bafd8f9ad8060705f6d4b9cba/server/extensions/json-language-features/client/dist/node/jsonClientMain.js:1:292630)
	at D.doInitialize (/home/iujeong/.vscode-server/cli/servers/Stable-cd4ee3b1c348a13bafd8f9ad8060705f6d4b9cba/server/extensions/json-language-features/client/dist/node/jsonClientMain.js:1:292449)
	at async D.start (/home/iujeong/.vscode-server/cli/servers/Stable-cd4ee3b1c348a13bafd8f9ad8060705f6d4b9cba/server/extensions/json-language-features/client/dist/node/jsonClientMain.js:1:289013)
	at async _ (/home/iujeong/.vscode-server/cli/servers/Stable-cd4ee3b1c348a13bafd8f9ad8060705f6d4b9cba/server/extensions/json-language-features/client/dist/node/jsonClientMain.js:1:561152)
	at async t.startClient (/home/iujeong/.vscode-server/cli/servers/Stable-cd4ee3b1c348a13bafd8f9ad8060705f6d4b9cba/server/extensions/json-language-features/client/dist/node/jsonClientMain.js:1:555412)
	at async t.activate (/home/iujeong/.vscode-server/cli/servers/Stable-cd4ee3b1c348a13bafd8f9ad8060705f6d4b9cba/server/extensions/json-language-features/client/dist/node/jsonClientMain.js:1:576296)
	at async K0.n (file:///home/iujeong/.vscode-server/cli/servers/Stable-cd4ee3b1c348a13bafd8f9ad8060705f6d4b9cba/server/out/vs/workbench/api/node/extensionHostProcess.js:115:4447)
	at async K0.m (file:///home/iujeong/.vscode-server/cli/servers/Stable-cd4ee3b1c348a13bafd8f9ad8060705f6d4b9cba/server/out/vs/workbench/api/node/extensionHostProcess.js:115:4410)
	at async K0.l (file:///home/iujeong/.vscode-server/cli/servers/Stable-cd4ee3b1c348a13bafd8f9ad8060705f6d4b9cba/server/out/vs/workbench/api/node/extensionHostProcess.js:115:3866)
2025-02-02 18:40:55.760 [error] Error: Client is not running and can't be stopped. It's current state is: startFailed
	at D.shutdown (/home/iujeong/.vscode-server/cli/servers/Stable-cd4ee3b1c348a13bafd8f9ad8060705f6d4b9cba/server/extensions/json-language-features/client/dist/node/jsonClientMain.js:1:293058)
	at D.shutdown (/home/iujeong/.vscode-server/cli/servers/Stable-cd4ee3b1c348a13bafd8f9ad8060705f6d4b9cba/server/extensions/json-language-features/client/dist/node/jsonClientMain.js:1:495875)
	at D.stop (/home/iujeong/.vscode-server/cli/servers/Stable-cd4ee3b1c348a13bafd8f9ad8060705f6d4b9cba/server/extensions/json-language-features/client/dist/node/jsonClientMain.js:1:292630)
	at D.doInitialize (/home/iujeong/.vscode-server/cli/servers/Stable-cd4ee3b1c348a13bafd8f9ad8060705f6d4b9cba/server/extensions/json-language-features/client/dist/node/jsonClientMain.js:1:292449)
	at async D.start (/home/iujeong/.vscode-server/cli/servers/Stable-cd4ee3b1c348a13bafd8f9ad8060705f6d4b9cba/server/extensions/json-language-features/client/dist/node/jsonClientMain.js:1:289013)
2025-02-02 18:40:55.763 [error] Error: Client is not running and can't be stopped. It's current state is: startFailed
	at D.shutdown (/home/iujeong/.vscode-server/cli/servers/Stable-cd4ee3b1c348a13bafd8f9ad8060705f6d4b9cba/server/extensions/json-language-features/client/dist/node/jsonClientMain.js:1:293058)
	at D.shutdown (/home/iujeong/.vscode-server/cli/servers/Stable-cd4ee3b1c348a13bafd8f9ad8060705f6d4b9cba/server/extensions/json-language-features/client/dist/node/jsonClientMain.js:1:495875)
	at D.stop (/home/iujeong/.vscode-server/cli/servers/Stable-cd4ee3b1c348a13bafd8f9ad8060705f6d4b9cba/server/extensions/json-language-features/client/dist/node/jsonClientMain.js:1:292630)
	at D.doInitialize (/home/iujeong/.vscode-server/cli/servers/Stable-cd4ee3b1c348a13bafd8f9ad8060705f6d4b9cba/server/extensions/json-language-features/client/dist/node/jsonClientMain.js:1:292449)
	at async D.start (/home/iujeong/.vscode-server/cli/servers/Stable-cd4ee3b1c348a13bafd8f9ad8060705f6d4b9cba/server/extensions/json-language-features/client/dist/node/jsonClientMain.js:1:289013)
2025-02-02 18:40:55.766 [error] Error: Client is not running and can't be stopped. It's current state is: startFailed
	at D.shutdown (/home/iujeong/.vscode-server/cli/servers/Stable-cd4ee3b1c348a13bafd8f9ad8060705f6d4b9cba/server/extensions/json-language-features/client/dist/node/jsonClientMain.js:1:293058)
	at D.shutdown (/home/iujeong/.vscode-server/cli/servers/Stable-cd4ee3b1c348a13bafd8f9ad8060705f6d4b9cba/server/extensions/json-language-features/client/dist/node/jsonClientMain.js:1:495875)
	at D.stop (/home/iujeong/.vscode-server/cli/servers/Stable-cd4ee3b1c348a13bafd8f9ad8060705f6d4b9cba/server/extensions/json-language-features/client/dist/node/jsonClientMain.js:1:292630)
	at D.doInitialize (/home/iujeong/.vscode-server/cli/servers/Stable-cd4ee3b1c348a13bafd8f9ad8060705f6d4b9cba/server/extensions/json-language-features/client/dist/node/jsonClientMain.js:1:292449)
	at async D.start (/home/iujeong/.vscode-server/cli/servers/Stable-cd4ee3b1c348a13bafd8f9ad8060705f6d4b9cba/server/extensions/json-language-features/client/dist/node/jsonClientMain.js:1:289013)
2025-02-02 18:40:55.770 [error] Error: Client is not running and can't be stopped. It's current state is: startFailed
	at D.shutdown (/home/iujeong/.vscode-server/cli/servers/Stable-cd4ee3b1c348a13bafd8f9ad8060705f6d4b9cba/server/extensions/json-language-features/client/dist/node/jsonClientMain.js:1:293058)
	at D.shutdown (/home/iujeong/.vscode-server/cli/servers/Stable-cd4ee3b1c348a13bafd8f9ad8060705f6d4b9cba/server/extensions/json-language-features/client/dist/node/jsonClientMain.js:1:495875)
	at D.stop (/home/iujeong/.vscode-server/cli/servers/Stable-cd4ee3b1c348a13bafd8f9ad8060705f6d4b9cba/server/extensions/json-language-features/client/dist/node/jsonClientMain.js:1:292630)
	at D.doInitialize (/home/iujeong/.vscode-server/cli/servers/Stable-cd4ee3b1c348a13bafd8f9ad8060705f6d4b9cba/server/extensions/json-language-features/client/dist/node/jsonClientMain.js:1:292449)
	at async D.start (/home/iujeong/.vscode-server/cli/servers/Stable-cd4ee3b1c348a13bafd8f9ad8060705f6d4b9cba/server/extensions/json-language-features/client/dist/node/jsonClientMain.js:1:289013)
2025-02-02 18:41:25.210 [warning] [Decorations] CAPPING events from decorations provider vscode.git 10006
2025-02-02 18:41:25.275 [warning] [Decorations] CAPPING events from decorations provider vscode.git 10000
2025-02-02 21:25:39.443 [info] Extension host terminating: renderer disconnected for too long (2)
2025-02-02 21:25:39.443 [info] Lock '/home/iujeong/.vscode-server/data/User/workspaceStorage/d93eea3a3c3f435b3cabd9cc82da6704/vscode.lock': Marking the lockfile as scheduled to be released in 6000 ms.
2025-02-02 21:25:39.469 [error] Canceled: Canceled
	at new IT (file:///home/iujeong/.vscode-server/cli/servers/Stable-cd4ee3b1c348a13bafd8f9ad8060705f6d4b9cba/server/out/vs/workbench/api/node/extensionHostProcess.js:32:153476)
	at Dy.U (file:///home/iujeong/.vscode-server/cli/servers/Stable-cd4ee3b1c348a13bafd8f9ad8060705f6d4b9cba/server/out/vs/workbench/api/node/extensionHostProcess.js:32:158086)
	at s.<computed>.n.charCodeAt.s.<computed> (file:///home/iujeong/.vscode-server/cli/servers/Stable-cd4ee3b1c348a13bafd8f9ad8060705f6d4b9cba/server/out/vs/workbench/api/node/extensionHostProcess.js:32:155580)
	at cw.g (file:///home/iujeong/.vscode-server/cli/servers/Stable-cd4ee3b1c348a13bafd8f9ad8060705f6d4b9cba/server/out/vs/workbench/api/node/extensionHostProcess.js:115:32313)
	at cw.executeCommand (file:///home/iujeong/.vscode-server/cli/servers/Stable-cd4ee3b1c348a13bafd8f9ad8060705f6d4b9cba/server/out/vs/workbench/api/node/extensionHostProcess.js:115:31817)
	at r.registerCommand.description (file:///home/iujeong/.vscode-server/cli/servers/Stable-cd4ee3b1c348a13bafd8f9ad8060705f6d4b9cba/server/out/vs/workbench/api/node/extensionHostProcess.js:115:31147)
	at cw.h (file:///home/iujeong/.vscode-server/cli/servers/Stable-cd4ee3b1c348a13bafd8f9ad8060705f6d4b9cba/server/out/vs/workbench/api/node/extensionHostProcess.js:115:32833)
	at cw.g (file:///home/iujeong/.vscode-server/cli/servers/Stable-cd4ee3b1c348a13bafd8f9ad8060705f6d4b9cba/server/out/vs/workbench/api/node/extensionHostProcess.js:115:31910)
	at cw.executeCommand (file:///home/iujeong/.vscode-server/cli/servers/Stable-cd4ee3b1c348a13bafd8f9ad8060705f6d4b9cba/server/out/vs/workbench/api/node/extensionHostProcess.js:115:31817)
	at Object.executeCommand (file:///home/iujeong/.vscode-server/cli/servers/Stable-cd4ee3b1c348a13bafd8f9ad8060705f6d4b9cba/server/out/vs/workbench/api/node/extensionHostProcess.js:157:37484)
	at Sh.L [as value] (/home/iujeong/.vscode-server/cli/servers/Stable-cd4ee3b1c348a13bafd8f9ad8060705f6d4b9cba/server/extensions/git/dist/main.js:2:975601)
	at P.B (file:///home/iujeong/.vscode-server/cli/servers/Stable-cd4ee3b1c348a13bafd8f9ad8060705f6d4b9cba/server/out/vs/workbench/api/node/extensionHostProcess.js:30:746)
	at P.C (file:///home/iujeong/.vscode-server/cli/servers/Stable-cd4ee3b1c348a13bafd8f9ad8060705f6d4b9cba/server/out/vs/workbench/api/node/extensionHostProcess.js:30:816)
	at P.fire (file:///home/iujeong/.vscode-server/cli/servers/Stable-cd4ee3b1c348a13bafd8f9ad8060705f6d4b9cba/server/out/vs/workbench/api/node/extensionHostProcess.js:30:1033)
	at Object.p [as dispose] (/home/iujeong/.vscode-server/cli/servers/Stable-cd4ee3b1c348a13bafd8f9ad8060705f6d4b9cba/server/extensions/git/dist/main.js:2:997158)
	at /home/iujeong/.vscode-server/cli/servers/Stable-cd4ee3b1c348a13bafd8f9ad8060705f6d4b9cba/server/extensions/git/dist/main.js:2:1003280
	at Array.forEach (<anonymous>)
	at b.dispose (/home/iujeong/.vscode-server/cli/servers/Stable-cd4ee3b1c348a13bafd8f9ad8060705f6d4b9cba/server/extensions/git/dist/main.js:2:1003266)
	at ev.<anonymous> (file:///home/iujeong/.vscode-server/cli/servers/Stable-cd4ee3b1c348a13bafd8f9ad8060705f6d4b9cba/server/out/vs/workbench/api/node/extensionHostProcess.js:109:20047)
	at ev.dispose (file:///home/iujeong/.vscode-server/cli/servers/Stable-cd4ee3b1c348a13bafd8f9ad8060705f6d4b9cba/server/out/vs/workbench/api/node/extensionHostProcess.js:109:20143)
	at ev.<anonymous> (/home/iujeong/.vscode-server/cli/servers/Stable-cd4ee3b1c348a13bafd8f9ad8060705f6d4b9cba/server/extensions/git/dist/main.js:2:978080)
	at ev.dispose (file:///home/iujeong/.vscode-server/cli/servers/Stable-cd4ee3b1c348a13bafd8f9ad8060705f6d4b9cba/server/out/vs/workbench/api/node/extensionHostProcess.js:109:20143)
	at ai (file:///home/iujeong/.vscode-server/cli/servers/Stable-cd4ee3b1c348a13bafd8f9ad8060705f6d4b9cba/server/out/vs/workbench/api/node/extensionHostProcess.js:25:699)
	at file:///home/iujeong/.vscode-server/cli/servers/Stable-cd4ee3b1c348a13bafd8f9ad8060705f6d4b9cba/server/out/vs/workbench/api/node/extensionHostProcess.js:119:14992
	at file:///home/iujeong/.vscode-server/cli/servers/Stable-cd4ee3b1c348a13bafd8f9ad8060705f6d4b9cba/server/out/vs/workbench/api/node/extensionHostProcess.js:25:1009
	at Object.dispose (file:///home/iujeong/.vscode-server/cli/servers/Stable-cd4ee3b1c348a13bafd8f9ad8060705f6d4b9cba/server/out/vs/workbench/api/node/extensionHostProcess.js:8:705)
	at zz.eb (file:///home/iujeong/.vscode-server/cli/servers/Stable-cd4ee3b1c348a13bafd8f9ad8060705f6d4b9cba/server/out/vs/workbench/api/node/extensionHostProcess.js:119:11919)
	at file:///home/iujeong/.vscode-server/cli/servers/Stable-cd4ee3b1c348a13bafd8f9ad8060705f6d4b9cba/server/out/vs/workbench/api/node/extensionHostProcess.js:119:9874
	at Array.map (<anonymous>)
	at zz.$ (file:///home/iujeong/.vscode-server/cli/servers/Stable-cd4ee3b1c348a13bafd8f9ad8060705f6d4b9cba/server/out/vs/workbench/api/node/extensionHostProcess.js:119:9862)
	at zz.terminate (file:///home/iujeong/.vscode-server/cli/servers/Stable-cd4ee3b1c348a13bafd8f9ad8060705f6d4b9cba/server/out/vs/workbench/api/node/extensionHostProcess.js:119:10105)
	at Q3.terminate (file:///home/iujeong/.vscode-server/cli/servers/Stable-cd4ee3b1c348a13bafd8f9ad8060705f6d4b9cba/server/out/vs/workbench/api/node/extensionHostProcess.js:120:1424)
	at Zi (file:///home/iujeong/.vscode-server/cli/servers/Stable-cd4ee3b1c348a13bafd8f9ad8060705f6d4b9cba/server/out/vs/workbench/api/node/extensionHostProcess.js:175:15080)
	at C5.a (file:///home/iujeong/.vscode-server/cli/servers/Stable-cd4ee3b1c348a13bafd8f9ad8060705f6d4b9cba/server/out/vs/workbench/api/node/extensionHostProcess.js:175:11993)
	at C5.h (file:///home/iujeong/.vscode-server/cli/servers/Stable-cd4ee3b1c348a13bafd8f9ad8060705f6d4b9cba/server/out/vs/workbench/api/node/extensionHostProcess.js:31:75719)
	at listOnTimeout (node:internal/timers:581:17)
	at process.processTimers (node:internal/timers:519:7) setContext undefined
2025-02-02 21:25:39.470 [error] Canceled: Canceled
	at new IT (file:///home/iujeong/.vscode-server/cli/servers/Stable-cd4ee3b1c348a13bafd8f9ad8060705f6d4b9cba/server/out/vs/workbench/api/node/extensionHostProcess.js:32:153476)
	at Dy.U (file:///home/iujeong/.vscode-server/cli/servers/Stable-cd4ee3b1c348a13bafd8f9ad8060705f6d4b9cba/server/out/vs/workbench/api/node/extensionHostProcess.js:32:158086)
	at s.<computed>.n.charCodeAt.s.<computed> (file:///home/iujeong/.vscode-server/cli/servers/Stable-cd4ee3b1c348a13bafd8f9ad8060705f6d4b9cba/server/out/vs/workbench/api/node/extensionHostProcess.js:32:155580)
	at cw.g (file:///home/iujeong/.vscode-server/cli/servers/Stable-cd4ee3b1c348a13bafd8f9ad8060705f6d4b9cba/server/out/vs/workbench/api/node/extensionHostProcess.js:115:32313)
	at cw.executeCommand (file:///home/iujeong/.vscode-server/cli/servers/Stable-cd4ee3b1c348a13bafd8f9ad8060705f6d4b9cba/server/out/vs/workbench/api/node/extensionHostProcess.js:115:31817)
	at r.registerCommand.description (file:///home/iujeong/.vscode-server/cli/servers/Stable-cd4ee3b1c348a13bafd8f9ad8060705f6d4b9cba/server/out/vs/workbench/api/node/extensionHostProcess.js:115:31147)
	at cw.h (file:///home/iujeong/.vscode-server/cli/servers/Stable-cd4ee3b1c348a13bafd8f9ad8060705f6d4b9cba/server/out/vs/workbench/api/node/extensionHostProcess.js:115:32833)
	at cw.g (file:///home/iujeong/.vscode-server/cli/servers/Stable-cd4ee3b1c348a13bafd8f9ad8060705f6d4b9cba/server/out/vs/workbench/api/node/extensionHostProcess.js:115:31910)
	at cw.executeCommand (file:///home/iujeong/.vscode-server/cli/servers/Stable-cd4ee3b1c348a13bafd8f9ad8060705f6d4b9cba/server/out/vs/workbench/api/node/extensionHostProcess.js:115:31817)
	at Object.executeCommand (file:///home/iujeong/.vscode-server/cli/servers/Stable-cd4ee3b1c348a13bafd8f9ad8060705f6d4b9cba/server/out/vs/workbench/api/node/extensionHostProcess.js:157:37484)
	at set hasGitHubRepositories [as hasGitHubRepositories] (/home/iujeong/.vscode-server/cli/servers/Stable-cd4ee3b1c348a13bafd8f9ad8060705f6d4b9cba/server/extensions/github/dist/extension.js:2:328633)
	at /home/iujeong/.vscode-server/cli/servers/Stable-cd4ee3b1c348a13bafd8f9ad8060705f6d4b9cba/server/extensions/github/dist/extension.js:2:329592
	at Sh.value (/home/iujeong/.vscode-server/cli/servers/Stable-cd4ee3b1c348a13bafd8f9ad8060705f6d4b9cba/server/extensions/git/dist/main.js:2:1088462)
	at P.B (file:///home/iujeong/.vscode-server/cli/servers/Stable-cd4ee3b1c348a13bafd8f9ad8060705f6d4b9cba/server/out/vs/workbench/api/node/extensionHostProcess.js:30:746)
	at P.C (file:///home/iujeong/.vscode-server/cli/servers/Stable-cd4ee3b1c348a13bafd8f9ad8060705f6d4b9cba/server/out/vs/workbench/api/node/extensionHostProcess.js:30:816)
	at P.fire (file:///home/iujeong/.vscode-server/cli/servers/Stable-cd4ee3b1c348a13bafd8f9ad8060705f6d4b9cba/server/out/vs/workbench/api/node/extensionHostProcess.js:30:1033)
	at Object.p [as dispose] (/home/iujeong/.vscode-server/cli/servers/Stable-cd4ee3b1c348a13bafd8f9ad8060705f6d4b9cba/server/extensions/git/dist/main.js:2:997158)
	at /home/iujeong/.vscode-server/cli/servers/Stable-cd4ee3b1c348a13bafd8f9ad8060705f6d4b9cba/server/extensions/git/dist/main.js:2:1003280
	at Array.forEach (<anonymous>)
	at b.dispose (/home/iujeong/.vscode-server/cli/servers/Stable-cd4ee3b1c348a13bafd8f9ad8060705f6d4b9cba/server/extensions/git/dist/main.js:2:1003266)
	at ev.<anonymous> (file:///home/iujeong/.vscode-server/cli/servers/Stable-cd4ee3b1c348a13bafd8f9ad8060705f6d4b9cba/server/out/vs/workbench/api/node/extensionHostProcess.js:109:20047)
	at ev.dispose (file:///home/iujeong/.vscode-server/cli/servers/Stable-cd4ee3b1c348a13bafd8f9ad8060705f6d4b9cba/server/out/vs/workbench/api/node/extensionHostProcess.js:109:20143)
	at ev.<anonymous> (/home/iujeong/.vscode-server/cli/servers/Stable-cd4ee3b1c348a13bafd8f9ad8060705f6d4b9cba/server/extensions/git/dist/main.js:2:978080)
	at ev.dispose (file:///home/iujeong/.vscode-server/cli/servers/Stable-cd4ee3b1c348a13bafd8f9ad8060705f6d4b9cba/server/out/vs/workbench/api/node/extensionHostProcess.js:109:20143)
	at ai (file:///home/iujeong/.vscode-server/cli/servers/Stable-cd4ee3b1c348a13bafd8f9ad8060705f6d4b9cba/server/out/vs/workbench/api/node/extensionHostProcess.js:25:699)
	at file:///home/iujeong/.vscode-server/cli/servers/Stable-cd4ee3b1c348a13bafd8f9ad8060705f6d4b9cba/server/out/vs/workbench/api/node/extensionHostProcess.js:119:14992
	at file:///home/iujeong/.vscode-server/cli/servers/Stable-cd4ee3b1c348a13bafd8f9ad8060705f6d4b9cba/server/out/vs/workbench/api/node/extensionHostProcess.js:25:1009
	at Object.dispose (file:///home/iujeong/.vscode-server/cli/servers/Stable-cd4ee3b1c348a13bafd8f9ad8060705f6d4b9cba/server/out/vs/workbench/api/node/extensionHostProcess.js:8:705)
	at zz.eb (file:///home/iujeong/.vscode-server/cli/servers/Stable-cd4ee3b1c348a13bafd8f9ad8060705f6d4b9cba/server/out/vs/workbench/api/node/extensionHostProcess.js:119:11919)
	at file:///home/iujeong/.vscode-server/cli/servers/Stable-cd4ee3b1c348a13bafd8f9ad8060705f6d4b9cba/server/out/vs/workbench/api/node/extensionHostProcess.js:119:9874
	at Array.map (<anonymous>)
	at zz.$ (file:///home/iujeong/.vscode-server/cli/servers/Stable-cd4ee3b1c348a13bafd8f9ad8060705f6d4b9cba/server/out/vs/workbench/api/node/extensionHostProcess.js:119:9862)
	at zz.terminate (file:///home/iujeong/.vscode-server/cli/servers/Stable-cd4ee3b1c348a13bafd8f9ad8060705f6d4b9cba/server/out/vs/workbench/api/node/extensionHostProcess.js:119:10105)
	at Q3.terminate (file:///home/iujeong/.vscode-server/cli/servers/Stable-cd4ee3b1c348a13bafd8f9ad8060705f6d4b9cba/server/out/vs/workbench/api/node/extensionHostProcess.js:120:1424)
	at Zi (file:///home/iujeong/.vscode-server/cli/servers/Stable-cd4ee3b1c348a13bafd8f9ad8060705f6d4b9cba/server/out/vs/workbench/api/node/extensionHostProcess.js:175:15080)
	at C5.a (file:///home/iujeong/.vscode-server/cli/servers/Stable-cd4ee3b1c348a13bafd8f9ad8060705f6d4b9cba/server/out/vs/workbench/api/node/extensionHostProcess.js:175:11993)
	at C5.h (file:///home/iujeong/.vscode-server/cli/servers/Stable-cd4ee3b1c348a13bafd8f9ad8060705f6d4b9cba/server/out/vs/workbench/api/node/extensionHostProcess.js:31:75719)
	at listOnTimeout (node:internal/timers:581:17)
	at process.processTimers (node:internal/timers:519:7) setContext undefined
2025-02-02 21:25:39.471 [info] Extension host with pid 2451431 exiting with code 0
