2025-02-02 18:40:54.771 [info] [Error - 오후 6:40:54] Client JSON 언어 서버: connection to server is erroring.
spawn /home/iujeong/.vscode-server/cli/servers/Stable-cd4ee3b1c348a13bafd8f9ad8060705f6d4b9cba/server/node ENOENT
Shutting down server.
2025-02-02 18:40:54.771 [info] [Error - 오후 6:40:54] Client JSON 언어 서버: connection to server is erroring.
spawn /home/iujeong/.vscode-server/cli/servers/Stable-cd4ee3b1c348a13bafd8f9ad8060705f6d4b9cba/server/node ENOENT
Shutting down server.
2025-02-02 18:40:54.771 [info] [Error - 오후 6:40:54] Client JSON 언어 서버: connection to server is erroring.
write EPIPE
2025-02-02 18:40:54.771 [info] [Error - 오후 6:40:54] Stopping server failed
2025-02-02 18:40:54.771 [info] Error: Client is not running and can't be stopped. It's current state is: starting
	at D.shutdown (/home/iujeong/.vscode-server/cli/servers/Stable-cd4ee3b1c348a13bafd8f9ad8060705f6d4b9cba/server/extensions/json-language-features/client/dist/node/jsonClientMain.js:1:293058)
	at D.shutdown (/home/iujeong/.vscode-server/cli/servers/Stable-cd4ee3b1c348a13bafd8f9ad8060705f6d4b9cba/server/extensions/json-language-features/client/dist/node/jsonClientMain.js:1:495875)
	at D.stop (/home/iujeong/.vscode-server/cli/servers/Stable-cd4ee3b1c348a13bafd8f9ad8060705f6d4b9cba/server/extensions/json-language-features/client/dist/node/jsonClientMain.js:1:292630)
	at D.handleConnectionError (/home/iujeong/.vscode-server/cli/servers/Stable-cd4ee3b1c348a13bafd8f9ad8060705f6d4b9cba/server/extensions/json-language-features/client/dist/node/jsonClientMain.js:1:299376)
	at process.processTicksAndRejections (node:internal/process/task_queues:95:5)
2025-02-02 18:40:54.771 [info] [Error - 오후 6:40:54] Stopping server failed
2025-02-02 18:40:54.771 [info] Error: Client is not running and can't be stopped. It's current state is: starting
	at D.shutdown (/home/iujeong/.vscode-server/cli/servers/Stable-cd4ee3b1c348a13bafd8f9ad8060705f6d4b9cba/server/extensions/json-language-features/client/dist/node/jsonClientMain.js:1:293058)
	at D.shutdown (/home/iujeong/.vscode-server/cli/servers/Stable-cd4ee3b1c348a13bafd8f9ad8060705f6d4b9cba/server/extensions/json-language-features/client/dist/node/jsonClientMain.js:1:495875)
	at D.stop (/home/iujeong/.vscode-server/cli/servers/Stable-cd4ee3b1c348a13bafd8f9ad8060705f6d4b9cba/server/extensions/json-language-features/client/dist/node/jsonClientMain.js:1:292630)
	at D.handleConnectionError (/home/iujeong/.vscode-server/cli/servers/Stable-cd4ee3b1c348a13bafd8f9ad8060705f6d4b9cba/server/extensions/json-language-features/client/dist/node/jsonClientMain.js:1:299376)
	at process.processTicksAndRejections (node:internal/process/task_queues:95:5)
2025-02-02 18:40:54.771 [info] [Error - 오후 6:40:54] Server initialization failed.
2025-02-02 18:40:54.771 [info]   Message: Pending response rejected since connection got disposed
  Code: -32097 
2025-02-02 18:40:54.771 [info] [Info  - 오후 6:40:54] Connection to server got closed. Server will restart.
2025-02-02 18:40:54.771 [info] true
2025-02-02 18:40:54.771 [info] [Error - 오후 6:40:54] JSON 언어 서버 client: couldn't create connection to server.
2025-02-02 18:40:54.771 [info]   Message: Pending response rejected since connection got disposed
  Code: -32097 
2025-02-02 18:40:54.771 [info] [Error - 오후 6:40:54] Client JSON 언어 서버: connection to server is erroring.
spawn /home/iujeong/.vscode-server/cli/servers/Stable-cd4ee3b1c348a13bafd8f9ad8060705f6d4b9cba/server/node ENOENT
Shutting down server.
2025-02-02 18:40:54.771 [info] [Error - 오후 6:40:54] Client JSON 언어 서버: connection to server is erroring.
spawn /home/iujeong/.vscode-server/cli/servers/Stable-cd4ee3b1c348a13bafd8f9ad8060705f6d4b9cba/server/node ENOENT
Shutting down server.
2025-02-02 18:40:54.771 [info] [Error - 오후 6:40:54] Client JSON 언어 서버: connection to server is erroring.
write EPIPE
2025-02-02 18:40:54.771 [info] [Error - 오후 6:40:54] Stopping server failed
2025-02-02 18:40:54.771 [info] Error: Client is not running and can't be stopped. It's current state is: startFailed
	at D.shutdown (/home/iujeong/.vscode-server/cli/servers/Stable-cd4ee3b1c348a13bafd8f9ad8060705f6d4b9cba/server/extensions/json-language-features/client/dist/node/jsonClientMain.js:1:293058)
	at D.shutdown (/home/iujeong/.vscode-server/cli/servers/Stable-cd4ee3b1c348a13bafd8f9ad8060705f6d4b9cba/server/extensions/json-language-features/client/dist/node/jsonClientMain.js:1:495875)
	at D.stop (/home/iujeong/.vscode-server/cli/servers/Stable-cd4ee3b1c348a13bafd8f9ad8060705f6d4b9cba/server/extensions/json-language-features/client/dist/node/jsonClientMain.js:1:292630)
	at D.handleConnectionError (/home/iujeong/.vscode-server/cli/servers/Stable-cd4ee3b1c348a13bafd8f9ad8060705f6d4b9cba/server/extensions/json-language-features/client/dist/node/jsonClientMain.js:1:299376)
	at process.processTicksAndRejections (node:internal/process/task_queues:95:5)
2025-02-02 18:40:54.771 [info] [Error - 오후 6:40:54] Stopping server failed
2025-02-02 18:40:54.771 [info] Error: Client is not running and can't be stopped. It's current state is: startFailed
	at D.shutdown (/home/iujeong/.vscode-server/cli/servers/Stable-cd4ee3b1c348a13bafd8f9ad8060705f6d4b9cba/server/extensions/json-language-features/client/dist/node/jsonClientMain.js:1:293058)
	at D.shutdown (/home/iujeong/.vscode-server/cli/servers/Stable-cd4ee3b1c348a13bafd8f9ad8060705f6d4b9cba/server/extensions/json-language-features/client/dist/node/jsonClientMain.js:1:495875)
	at D.stop (/home/iujeong/.vscode-server/cli/servers/Stable-cd4ee3b1c348a13bafd8f9ad8060705f6d4b9cba/server/extensions/json-language-features/client/dist/node/jsonClientMain.js:1:292630)
	at D.handleConnectionError (/home/iujeong/.vscode-server/cli/servers/Stable-cd4ee3b1c348a13bafd8f9ad8060705f6d4b9cba/server/extensions/json-language-features/client/dist/node/jsonClientMain.js:1:299376)
	at process.processTicksAndRejections (node:internal/process/task_queues:95:5)
2025-02-02 18:40:54.771 [info] [Error - 오후 6:40:54] Server initialization failed.
2025-02-02 18:40:54.771 [info]   Message: Pending response rejected since connection got disposed
  Code: -32097 
2025-02-02 18:40:54.771 [info] [Info  - 오후 6:40:54] Connection to server got closed. Server will restart.
2025-02-02 18:40:54.771 [info] true
2025-02-02 18:40:54.771 [info] [Error - 오후 6:40:54] JSON 언어 서버 client: couldn't create connection to server.
2025-02-02 18:40:54.771 [info]   Message: Pending response rejected since connection got disposed
  Code: -32097 
2025-02-02 18:40:54.771 [info] [Error - 오후 6:40:54] Client JSON 언어 서버: connection to server is erroring.
spawn /home/iujeong/.vscode-server/cli/servers/Stable-cd4ee3b1c348a13bafd8f9ad8060705f6d4b9cba/server/node ENOENT
Shutting down server.
2025-02-02 18:40:54.771 [info] [Error - 오후 6:40:54] Client JSON 언어 서버: connection to server is erroring.
spawn /home/iujeong/.vscode-server/cli/servers/Stable-cd4ee3b1c348a13bafd8f9ad8060705f6d4b9cba/server/node ENOENT
Shutting down server.
2025-02-02 18:40:54.771 [info] [Error - 오후 6:40:54] Client JSON 언어 서버: connection to server is erroring.
write EPIPE
2025-02-02 18:40:54.771 [info] [Error - 오후 6:40:54] Stopping server failed
2025-02-02 18:40:54.771 [info] Error: Client is not running and can't be stopped. It's current state is: startFailed
	at D.shutdown (/home/iujeong/.vscode-server/cli/servers/Stable-cd4ee3b1c348a13bafd8f9ad8060705f6d4b9cba/server/extensions/json-language-features/client/dist/node/jsonClientMain.js:1:293058)
	at D.shutdown (/home/iujeong/.vscode-server/cli/servers/Stable-cd4ee3b1c348a13bafd8f9ad8060705f6d4b9cba/server/extensions/json-language-features/client/dist/node/jsonClientMain.js:1:495875)
	at D.stop (/home/iujeong/.vscode-server/cli/servers/Stable-cd4ee3b1c348a13bafd8f9ad8060705f6d4b9cba/server/extensions/json-language-features/client/dist/node/jsonClientMain.js:1:292630)
	at D.handleConnectionError (/home/iujeong/.vscode-server/cli/servers/Stable-cd4ee3b1c348a13bafd8f9ad8060705f6d4b9cba/server/extensions/json-language-features/client/dist/node/jsonClientMain.js:1:299376)
	at process.processTicksAndRejections (node:internal/process/task_queues:95:5)
2025-02-02 18:40:54.771 [info] [Error - 오후 6:40:54] Stopping server failed
2025-02-02 18:40:54.771 [info] Error: Client is not running and can't be stopped. It's current state is: startFailed
	at D.shutdown (/home/iujeong/.vscode-server/cli/servers/Stable-cd4ee3b1c348a13bafd8f9ad8060705f6d4b9cba/server/extensions/json-language-features/client/dist/node/jsonClientMain.js:1:293058)
	at D.shutdown (/home/iujeong/.vscode-server/cli/servers/Stable-cd4ee3b1c348a13bafd8f9ad8060705f6d4b9cba/server/extensions/json-language-features/client/dist/node/jsonClientMain.js:1:495875)
	at D.stop (/home/iujeong/.vscode-server/cli/servers/Stable-cd4ee3b1c348a13bafd8f9ad8060705f6d4b9cba/server/extensions/json-language-features/client/dist/node/jsonClientMain.js:1:292630)
	at D.handleConnectionError (/home/iujeong/.vscode-server/cli/servers/Stable-cd4ee3b1c348a13bafd8f9ad8060705f6d4b9cba/server/extensions/json-language-features/client/dist/node/jsonClientMain.js:1:299376)
	at process.processTicksAndRejections (node:internal/process/task_queues:95:5)
2025-02-02 18:40:54.771 [info] [Error - 오후 6:40:54] Server initialization failed.
2025-02-02 18:40:54.771 [info]   Message: Pending response rejected since connection got disposed
  Code: -32097 
2025-02-02 18:40:54.771 [info] [Info  - 오후 6:40:54] Connection to server got closed. Server will restart.
2025-02-02 18:40:54.771 [info] true
2025-02-02 18:40:54.771 [info] [Error - 오후 6:40:54] JSON 언어 서버 client: couldn't create connection to server.
2025-02-02 18:40:54.771 [info]   Message: Pending response rejected since connection got disposed
  Code: -32097 
2025-02-02 18:40:54.771 [info] [Error - 오후 6:40:54] Restarting server failed
2025-02-02 18:40:54.771 [info]   Message: Pending response rejected since connection got disposed
  Code: -32097 
2025-02-02 18:40:54.771 [info] [Error - 오후 6:40:54] Client JSON 언어 서버: connection to server is erroring.
spawn /home/iujeong/.vscode-server/cli/servers/Stable-cd4ee3b1c348a13bafd8f9ad8060705f6d4b9cba/server/node ENOENT
Shutting down server.
2025-02-02 18:40:54.771 [info] [Error - 오후 6:40:54] Client JSON 언어 서버: connection to server is erroring.
spawn /home/iujeong/.vscode-server/cli/servers/Stable-cd4ee3b1c348a13bafd8f9ad8060705f6d4b9cba/server/node ENOENT
Shutting down server.
2025-02-02 18:40:54.771 [info] [Error - 오후 6:40:54] Client JSON 언어 서버: connection to server is erroring.
write EPIPE
2025-02-02 18:40:54.771 [info] [Error - 오후 6:40:54] Stopping server failed
2025-02-02 18:40:54.771 [info] Error: Client is not running and can't be stopped. It's current state is: startFailed
	at D.shutdown (/home/iujeong/.vscode-server/cli/servers/Stable-cd4ee3b1c348a13bafd8f9ad8060705f6d4b9cba/server/extensions/json-language-features/client/dist/node/jsonClientMain.js:1:293058)
	at D.shutdown (/home/iujeong/.vscode-server/cli/servers/Stable-cd4ee3b1c348a13bafd8f9ad8060705f6d4b9cba/server/extensions/json-language-features/client/dist/node/jsonClientMain.js:1:495875)
	at D.stop (/home/iujeong/.vscode-server/cli/servers/Stable-cd4ee3b1c348a13bafd8f9ad8060705f6d4b9cba/server/extensions/json-language-features/client/dist/node/jsonClientMain.js:1:292630)
	at D.handleConnectionError (/home/iujeong/.vscode-server/cli/servers/Stable-cd4ee3b1c348a13bafd8f9ad8060705f6d4b9cba/server/extensions/json-language-features/client/dist/node/jsonClientMain.js:1:299376)
	at process.processTicksAndRejections (node:internal/process/task_queues:95:5)
2025-02-02 18:40:54.771 [info] [Error - 오후 6:40:54] Stopping server failed
2025-02-02 18:40:54.771 [info] Error: Client is not running and can't be stopped. It's current state is: startFailed
	at D.shutdown (/home/iujeong/.vscode-server/cli/servers/Stable-cd4ee3b1c348a13bafd8f9ad8060705f6d4b9cba/server/extensions/json-language-features/client/dist/node/jsonClientMain.js:1:293058)
	at D.shutdown (/home/iujeong/.vscode-server/cli/servers/Stable-cd4ee3b1c348a13bafd8f9ad8060705f6d4b9cba/server/extensions/json-language-features/client/dist/node/jsonClientMain.js:1:495875)
	at D.stop (/home/iujeong/.vscode-server/cli/servers/Stable-cd4ee3b1c348a13bafd8f9ad8060705f6d4b9cba/server/extensions/json-language-features/client/dist/node/jsonClientMain.js:1:292630)
	at D.handleConnectionError (/home/iujeong/.vscode-server/cli/servers/Stable-cd4ee3b1c348a13bafd8f9ad8060705f6d4b9cba/server/extensions/json-language-features/client/dist/node/jsonClientMain.js:1:299376)
	at process.processTicksAndRejections (node:internal/process/task_queues:95:5)
2025-02-02 18:40:54.771 [info] [Error - 오후 6:40:54] Server initialization failed.
2025-02-02 18:40:54.771 [info]   Message: Pending response rejected since connection got disposed
  Code: -32097 
2025-02-02 18:40:54.771 [info] [Info  - 오후 6:40:54] Connection to server got closed. Server will restart.
2025-02-02 18:40:54.771 [info] true
2025-02-02 18:40:54.771 [info] [Error - 오후 6:40:54] JSON 언어 서버 client: couldn't create connection to server.
2025-02-02 18:40:54.771 [info]   Message: Pending response rejected since connection got disposed
  Code: -32097 
2025-02-02 18:40:54.771 [info] [Error - 오후 6:40:54] Restarting server failed
2025-02-02 18:40:54.771 [info]   Message: Pending response rejected since connection got disposed
  Code: -32097 
2025-02-02 18:40:54.771 [info] [Error - 오후 6:40:54] Client JSON 언어 서버: connection to server is erroring.
spawn /home/iujeong/.vscode-server/cli/servers/Stable-cd4ee3b1c348a13bafd8f9ad8060705f6d4b9cba/server/node ENOENT
Shutting down server.
2025-02-02 18:40:54.771 [info] [Error - 오후 6:40:54] Client JSON 언어 서버: connection to server is erroring.
spawn /home/iujeong/.vscode-server/cli/servers/Stable-cd4ee3b1c348a13bafd8f9ad8060705f6d4b9cba/server/node ENOENT
Shutting down server.
2025-02-02 18:40:54.771 [info] [Error - 오후 6:40:54] Client JSON 언어 서버: connection to server is erroring.
write EPIPE
2025-02-02 18:40:54.771 [info] [Error - 오후 6:40:54] Stopping server failed
2025-02-02 18:40:54.771 [info] Error: Client is not running and can't be stopped. It's current state is: startFailed
	at D.shutdown (/home/iujeong/.vscode-server/cli/servers/Stable-cd4ee3b1c348a13bafd8f9ad8060705f6d4b9cba/server/extensions/json-language-features/client/dist/node/jsonClientMain.js:1:293058)
	at D.shutdown (/home/iujeong/.vscode-server/cli/servers/Stable-cd4ee3b1c348a13bafd8f9ad8060705f6d4b9cba/server/extensions/json-language-features/client/dist/node/jsonClientMain.js:1:495875)
	at D.stop (/home/iujeong/.vscode-server/cli/servers/Stable-cd4ee3b1c348a13bafd8f9ad8060705f6d4b9cba/server/extensions/json-language-features/client/dist/node/jsonClientMain.js:1:292630)
	at D.handleConnectionError (/home/iujeong/.vscode-server/cli/servers/Stable-cd4ee3b1c348a13bafd8f9ad8060705f6d4b9cba/server/extensions/json-language-features/client/dist/node/jsonClientMain.js:1:299376)
	at process.processTicksAndRejections (node:internal/process/task_queues:95:5)
2025-02-02 18:40:54.771 [info] [Error - 오후 6:40:54] Stopping server failed
2025-02-02 18:40:54.771 [info] Error: Client is not running and can't be stopped. It's current state is: startFailed
	at D.shutdown (/home/iujeong/.vscode-server/cli/servers/Stable-cd4ee3b1c348a13bafd8f9ad8060705f6d4b9cba/server/extensions/json-language-features/client/dist/node/jsonClientMain.js:1:293058)
	at D.shutdown (/home/iujeong/.vscode-server/cli/servers/Stable-cd4ee3b1c348a13bafd8f9ad8060705f6d4b9cba/server/extensions/json-language-features/client/dist/node/jsonClientMain.js:1:495875)
	at D.stop (/home/iujeong/.vscode-server/cli/servers/Stable-cd4ee3b1c348a13bafd8f9ad8060705f6d4b9cba/server/extensions/json-language-features/client/dist/node/jsonClientMain.js:1:292630)
	at D.handleConnectionError (/home/iujeong/.vscode-server/cli/servers/Stable-cd4ee3b1c348a13bafd8f9ad8060705f6d4b9cba/server/extensions/json-language-features/client/dist/node/jsonClientMain.js:1:299376)
	at process.processTicksAndRejections (node:internal/process/task_queues:95:5)
2025-02-02 18:40:54.771 [info] [Error - 오후 6:40:54] Server initialization failed.
2025-02-02 18:40:54.771 [info]   Message: Pending response rejected since connection got disposed
  Code: -32097 
2025-02-02 18:40:54.771 [info] [Error - 오후 6:40:54] The JSON 언어 서버 server crashed 5 times in the last 3 minutes. The server will not be restarted. See the output for more information.
2025-02-02 18:40:54.771 [info] [Error - 오후 6:40:54] JSON 언어 서버 client: couldn't create connection to server.
2025-02-02 18:40:54.771 [info]   Message: Pending response rejected since connection got disposed
  Code: -32097 
2025-02-02 18:40:54.771 [info] [Error - 오후 6:40:54] Restarting server failed
2025-02-02 18:40:54.771 [info]   Message: Pending response rejected since connection got disposed
  Code: -32097 
